##### HarrisMichaelLinkedListIBR #####  


#### RUN 1 RESULT: ####

----- Benchmark=HarrisMichaelLinkedListIBR   numElements=10000   numThreads=128   testLength=10s -----
Ops/sec = 2728501
memory_usage (Bytes) = 21057


###### MEDIAN RESULT FOR ALL 1 RUNS: ######

----- Benchmark=HarrisMichaelLinkedListIBR   numElements=10000   numThreads=128   testLength=10s -----
Ops/sec = 2728501   delta = 0%   min = 2728501   max = 2728501
memory_usage = 21057   delta = 0%   min = 21057   max = 21057
##### HarrisLinkedListIBR #####  


#### RUN 1 RESULT: ####

----- Benchmark=HarrisLinkedListIBR   numElements=10000   numThreads=128   testLength=10s -----
Ops/sec = 2877552
memory_usage (Bytes) = 20168


###### MEDIAN RESULT FOR ALL 1 RUNS: ######

----- Benchmark=HarrisLinkedListIBR   numElements=10000   numThreads=128   testLength=10s -----
Ops/sec = 2877552   delta = 0%   min = 2877552   max = 2877552
memory_usage = 20168   delta = 0%   min = 20168   max = 20168


FINAL RESULTS (FOR CHARTS):


Results in ops per second for numRuns=1,  length=10s 

Number of elements: 10000

Threads, HarrisMichaelLinkedListIBR, HarrisLinkedListIBR, HarrisMichaelLinkedListIBR_Memory_Usage, HarrisLinkedListIBR_Memory_Usage
128, 2728501, 2877552, 21057, 20168, 
