##### HarrisMichaelLinkedListHP #####  


#### RUN 1 RESULT: ####

----- Benchmark=HarrisMichaelLinkedListHP   numElements=512   numThreads=128   testLength=10s -----
Ops/sec = 23455512
memory_usage (Bytes) = 8064


###### MEDIAN RESULT FOR ALL 1 RUNS: ######

----- Benchmark=HarrisMichaelLinkedListHP   numElements=512   numThreads=128   testLength=10s -----
Ops/sec = 23455512   delta = 0%   min = 23455512   max = 23455512
memory_usage = 8064   delta = 0%   min = 8064   max = 8064
##### HarrisLinkedListHP #####  


#### RUN 1 RESULT: ####

----- Benchmark=HarrisLinkedListHP   numElements=512   numThreads=128   testLength=10s -----
Ops/sec = 30796276
memory_usage (Bytes) = 8064


###### MEDIAN RESULT FOR ALL 1 RUNS: ######

----- Benchmark=HarrisLinkedListHP   numElements=512   numThreads=128   testLength=10s -----
Ops/sec = 30796276   delta = 0%   min = 30796276   max = 30796276
memory_usage = 8064   delta = 0%   min = 8064   max = 8064


FINAL RESULTS (FOR CHARTS):


Results in ops per second for numRuns=1,  length=10s 

Number of elements: 512

Threads, HarrisMichaelLinkedListHP, HarrisLinkedListHP, HarrisMichaelLinkedListHP_Memory_Usage, HarrisLinkedListHP_Memory_Usage
128, 23455512, 30796276, 8064, 8064, 
