##### HarrisMichaelLinkedListHE #####  


#### RUN 1 RESULT: ####

----- Benchmark=HarrisMichaelLinkedListHE   numElements=10000   numThreads=128   testLength=10s -----
Ops/sec = 2780834
memory_usage (Bytes) = 49114


###### MEDIAN RESULT FOR ALL 1 RUNS: ######

----- Benchmark=HarrisMichaelLinkedListHE   numElements=10000   numThreads=128   testLength=10s -----
Ops/sec = 2780834   delta = 0%   min = 2780834   max = 2780834
memory_usage = 49114   delta = 0%   min = 49114   max = 49114
##### HarrisLinkedListHE #####  


#### RUN 1 RESULT: ####

----- Benchmark=HarrisLinkedListHE   numElements=10000   numThreads=128   testLength=10s -----
Ops/sec = 2910323
memory_usage (Bytes) = 48442


###### MEDIAN RESULT FOR ALL 1 RUNS: ######

----- Benchmark=HarrisLinkedListHE   numElements=10000   numThreads=128   testLength=10s -----
Ops/sec = 2910323   delta = 0%   min = 2910323   max = 2910323
memory_usage = 48442   delta = 0%   min = 48442   max = 48442


FINAL RESULTS (FOR CHARTS):


Results in ops per second for numRuns=1,  length=10s 

Number of elements: 10000

Threads, HarrisMichaelLinkedListHE, HarrisLinkedListHE, HarrisMichaelLinkedListHE_Memory_Usage, HarrisLinkedListHE_Memory_Usage
128, 2780834, 2910323, 49114, 48442, 
