##### HarrisMichaelLinkedListHPO #####  


#### RUN 1 RESULT: ####

----- Benchmark=HarrisMichaelLinkedListHPO   numElements=10000   numThreads=128   testLength=10s -----
Ops/sec = 2682556
memory_usage (Bytes) = 8064


###### MEDIAN RESULT FOR ALL 1 RUNS: ######

----- Benchmark=HarrisMichaelLinkedListHPO   numElements=10000   numThreads=128   testLength=10s -----
Ops/sec = 2682556   delta = 0%   min = 2682556   max = 2682556
memory_usage = 8064   delta = 0%   min = 8064   max = 8064
##### HarrisLinkedListHPO #####  


#### RUN 1 RESULT: ####

----- Benchmark=HarrisLinkedListHPO   numElements=10000   numThreads=128   testLength=10s -----
Ops/sec = 2871412
memory_usage (Bytes) = 8064


###### MEDIAN RESULT FOR ALL 1 RUNS: ######

----- Benchmark=HarrisLinkedListHPO   numElements=10000   numThreads=128   testLength=10s -----
Ops/sec = 2871412   delta = 0%   min = 2871412   max = 2871412
memory_usage = 8064   delta = 0%   min = 8064   max = 8064


FINAL RESULTS (FOR CHARTS):


Results in ops per second for numRuns=1,  length=10s 

Number of elements: 10000

Threads, HarrisMichaelLinkedListHPO, HarrisLinkedListHPO, HarrisMichaelLinkedListHPO_Memory_Usage, HarrisLinkedListHPO_Memory_Usage
128, 2682556, 2871412, 8064, 8064, 
