##### HarrisMichaelLinkedListHPO #####  


#### RUN 1 RESULT: ####

----- Benchmark=HarrisMichaelLinkedListHPO   numElements=10000   numThreads=128   testLength=10s -----
Ops/sec = 2692584
memory_usage (Bytes) = 8063


###### MEDIAN RESULT FOR ALL 1 RUNS: ######

----- Benchmark=HarrisMichaelLinkedListHPO   numElements=10000   numThreads=128   testLength=10s -----
Ops/sec = 2692584   delta = 0%   min = 2692584   max = 2692584
memory_usage = 8063   delta = 0%   min = 8063   max = 8063
##### HarrisLinkedListHPO #####  


#### RUN 1 RESULT: ####

----- Benchmark=HarrisLinkedListHPO   numElements=10000   numThreads=128   testLength=10s -----
Ops/sec = 2857841
memory_usage (Bytes) = 8064


###### MEDIAN RESULT FOR ALL 1 RUNS: ######

----- Benchmark=HarrisLinkedListHPO   numElements=10000   numThreads=128   testLength=10s -----
Ops/sec = 2857841   delta = 0%   min = 2857841   max = 2857841
memory_usage = 8064   delta = 0%   min = 8064   max = 8064


FINAL RESULTS (FOR CHARTS):


Results in ops per second for numRuns=1,  length=10s 

Number of elements: 10000

Threads, HarrisMichaelLinkedListHPO, HarrisLinkedListHPO, HarrisMichaelLinkedListHPO_Memory_Usage, HarrisLinkedListHPO_Memory_Usage
128, 2692584, 2857841, 8063, 8064, 
