##### HarrisMichaelLinkedListHE #####  


#### RUN 1 RESULT: ####

----- Benchmark=HarrisMichaelLinkedListHE   numElements=10000   numThreads=128   testLength=10s -----
Ops/sec = 2752404
memory_usage (Bytes) = 51491


###### MEDIAN RESULT FOR ALL 1 RUNS: ######

----- Benchmark=HarrisMichaelLinkedListHE   numElements=10000   numThreads=128   testLength=10s -----
Ops/sec = 2752404   delta = 0%   min = 2752404   max = 2752404
memory_usage = 51491   delta = 0%   min = 51491   max = 51491
##### HarrisLinkedListHE #####  


#### RUN 1 RESULT: ####

----- Benchmark=HarrisLinkedListHE   numElements=10000   numThreads=128   testLength=10s -----
Ops/sec = 2912134
memory_usage (Bytes) = 48404


###### MEDIAN RESULT FOR ALL 1 RUNS: ######

----- Benchmark=HarrisLinkedListHE   numElements=10000   numThreads=128   testLength=10s -----
Ops/sec = 2912134   delta = 0%   min = 2912134   max = 2912134
memory_usage = 48404   delta = 0%   min = 48404   max = 48404


FINAL RESULTS (FOR CHARTS):


Results in ops per second for numRuns=1,  length=10s 

Number of elements: 10000

Threads, HarrisMichaelLinkedListHE, HarrisLinkedListHE, HarrisMichaelLinkedListHE_Memory_Usage, HarrisLinkedListHE_Memory_Usage
128, 2752404, 2912134, 51491, 48404, 
