##### HarrisMichaelLinkedListNR #####  


#### RUN 1 RESULT: ####

----- Benchmark=HarrisMichaelLinkedListNR   numElements=512   numThreads=128   testLength=10s -----
Ops/sec = 25471502
memory_usage (Bytes) = 0


###### MEDIAN RESULT FOR ALL 1 RUNS: ######

----- Benchmark=HarrisMichaelLinkedListNR   numElements=512   numThreads=128   testLength=10s -----
Ops/sec = 25471502   delta = 0%   min = 25471502   max = 25471502
memory_usage = 0   delta = 0%   min = 0   max = 0
##### HarrisLinkedListNR #####  


#### RUN 1 RESULT: ####

----- Benchmark=HarrisLinkedListNR   numElements=512   numThreads=128   testLength=10s -----
Ops/sec = 33757224
memory_usage (Bytes) = 0


###### MEDIAN RESULT FOR ALL 1 RUNS: ######

----- Benchmark=HarrisLinkedListNR   numElements=512   numThreads=128   testLength=10s -----
Ops/sec = 33757224   delta = 0%   min = 33757224   max = 33757224
memory_usage = 0   delta = 0%   min = 0   max = 0


FINAL RESULTS (FOR CHARTS):


Results in ops per second for numRuns=1,  length=10s 

Number of elements: 512

Threads, HarrisMichaelLinkedListNR, HarrisLinkedListNR
128, 25471502, 33757224, 0, 0, 
