##### HarrisMichaelLinkedListHE #####  


#### RUN 1 RESULT: ####

----- Benchmark=HarrisMichaelLinkedListHE   numElements=512   numThreads=128   testLength=10s -----
Ops/sec = 23694854
memory_usage (Bytes) = 11138


###### MEDIAN RESULT FOR ALL 1 RUNS: ######

----- Benchmark=HarrisMichaelLinkedListHE   numElements=512   numThreads=128   testLength=10s -----
Ops/sec = 23694854   delta = 0%   min = 23694854   max = 23694854
memory_usage = 11138   delta = 0%   min = 11138   max = 11138
##### HarrisLinkedListHE #####  


#### RUN 1 RESULT: ####

----- Benchmark=HarrisLinkedListHE   numElements=512   numThreads=128   testLength=10s -----
Ops/sec = 32992492
memory_usage (Bytes) = 13479


###### MEDIAN RESULT FOR ALL 1 RUNS: ######

----- Benchmark=HarrisLinkedListHE   numElements=512   numThreads=128   testLength=10s -----
Ops/sec = 32992492   delta = 0%   min = 32992492   max = 32992492
memory_usage = 13479   delta = 0%   min = 13479   max = 13479


FINAL RESULTS (FOR CHARTS):


Results in ops per second for numRuns=1,  length=10s 

Number of elements: 512

Threads, HarrisMichaelLinkedListHE, HarrisLinkedListHE, HarrisMichaelLinkedListHE_Memory_Usage, HarrisLinkedListHE_Memory_Usage
128, 23694854, 32992492, 11138, 13479, 
