##### HarrisMichaelLinkedListHE #####  


#### RUN 1 RESULT: ####

----- Benchmark=HarrisMichaelLinkedListHE   numElements=512   numThreads=128   testLength=10s -----
Ops/sec = 23799921
memory_usage (Bytes) = 10848


###### MEDIAN RESULT FOR ALL 1 RUNS: ######

----- Benchmark=HarrisMichaelLinkedListHE   numElements=512   numThreads=128   testLength=10s -----
Ops/sec = 23799921   delta = 0%   min = 23799921   max = 23799921
memory_usage = 10848   delta = 0%   min = 10848   max = 10848
##### HarrisLinkedListHE #####  


#### RUN 1 RESULT: ####

----- Benchmark=HarrisLinkedListHE   numElements=512   numThreads=128   testLength=10s -----
Ops/sec = 32833434
memory_usage (Bytes) = 13388


###### MEDIAN RESULT FOR ALL 1 RUNS: ######

----- Benchmark=HarrisLinkedListHE   numElements=512   numThreads=128   testLength=10s -----
Ops/sec = 32833434   delta = 0%   min = 32833434   max = 32833434
memory_usage = 13388   delta = 0%   min = 13388   max = 13388


FINAL RESULTS (FOR CHARTS):


Results in ops per second for numRuns=1,  length=10s 

Number of elements: 512

Threads, HarrisMichaelLinkedListHE, HarrisLinkedListHE, HarrisMichaelLinkedListHE_Memory_Usage, HarrisLinkedListHE_Memory_Usage
128, 23799921, 32833434, 10848, 13388, 
