##### HarrisMichaelLinkedListIBR #####  


#### RUN 1 RESULT: ####

----- Benchmark=HarrisMichaelLinkedListIBR   numElements=10000   numThreads=128   testLength=10s -----
Ops/sec = 2724394
memory_usage (Bytes) = 17546


###### MEDIAN RESULT FOR ALL 1 RUNS: ######

----- Benchmark=HarrisMichaelLinkedListIBR   numElements=10000   numThreads=128   testLength=10s -----
Ops/sec = 2724394   delta = 0%   min = 2724394   max = 2724394
memory_usage = 17546   delta = 0%   min = 17546   max = 17546
##### HarrisLinkedListIBR #####  


#### RUN 1 RESULT: ####

----- Benchmark=HarrisLinkedListIBR   numElements=10000   numThreads=128   testLength=10s -----
Ops/sec = 2871161
memory_usage (Bytes) = 20375


###### MEDIAN RESULT FOR ALL 1 RUNS: ######

----- Benchmark=HarrisLinkedListIBR   numElements=10000   numThreads=128   testLength=10s -----
Ops/sec = 2871161   delta = 0%   min = 2871161   max = 2871161
memory_usage = 20375   delta = 0%   min = 20375   max = 20375


FINAL RESULTS (FOR CHARTS):


Results in ops per second for numRuns=1,  length=10s 

Number of elements: 10000

Threads, HarrisMichaelLinkedListIBR, HarrisLinkedListIBR, HarrisMichaelLinkedListIBR_Memory_Usage, HarrisLinkedListIBR_Memory_Usage
128, 2724394, 2871161, 17546, 20375, 
