##### HarrisMichaelLinkedListEBR #####  


#### RUN 1 RESULT: ####

----- Benchmark=HarrisMichaelLinkedListEBR   numElements=512   numThreads=128   testLength=10s -----
Ops/sec = 25381645
memory_usage (Bytes) = 9967


###### MEDIAN RESULT FOR ALL 1 RUNS: ######

----- Benchmark=HarrisMichaelLinkedListEBR   numElements=512   numThreads=128   testLength=10s -----
Ops/sec = 25381645   delta = 0%   min = 25381645   max = 25381645
memory_usage = 9967   delta = 0%   min = 9967   max = 9967
##### HarrisLinkedListEBR #####  


#### RUN 1 RESULT: ####

----- Benchmark=HarrisLinkedListEBR   numElements=512   numThreads=128   testLength=10s -----
Ops/sec = 34427560
memory_usage (Bytes) = 12300


###### MEDIAN RESULT FOR ALL 1 RUNS: ######

----- Benchmark=HarrisLinkedListEBR   numElements=512   numThreads=128   testLength=10s -----
Ops/sec = 34427560   delta = 0%   min = 34427560   max = 34427560
memory_usage = 12300   delta = 0%   min = 12300   max = 12300


FINAL RESULTS (FOR CHARTS):


Results in ops per second for numRuns=1,  length=10s 

Number of elements: 512

Threads, HarrisMichaelLinkedListEBR, HarrisLinkedListEBR, HarrisMichaelLinkedListEBR_Memory_Usage, HarrisLinkedListEBR_Memory_Usage
128, 25381645, 34427560, 9967, 12300, 
