##### HarrisMichaelLinkedListHP #####  


#### RUN 1 RESULT: ####

----- Benchmark=HarrisMichaelLinkedListHP   numElements=10000   numThreads=128   testLength=10s -----
Ops/sec = 2849581
memory_usage (Bytes) = 8063


###### MEDIAN RESULT FOR ALL 1 RUNS: ######

----- Benchmark=HarrisMichaelLinkedListHP   numElements=10000   numThreads=128   testLength=10s -----
Ops/sec = 2849581   delta = 0%   min = 2849581   max = 2849581
memory_usage = 8063   delta = 0%   min = 8063   max = 8063
##### HarrisLinkedListHP #####  


#### RUN 1 RESULT: ####

----- Benchmark=HarrisLinkedListHP   numElements=10000   numThreads=128   testLength=10s -----
Ops/sec = 3010899
memory_usage (Bytes) = 8063


###### MEDIAN RESULT FOR ALL 1 RUNS: ######

----- Benchmark=HarrisLinkedListHP   numElements=10000   numThreads=128   testLength=10s -----
Ops/sec = 3010899   delta = 0%   min = 3010899   max = 3010899
memory_usage = 8063   delta = 0%   min = 8063   max = 8063


FINAL RESULTS (FOR CHARTS):


Results in ops per second for numRuns=1,  length=10s 

Number of elements: 10000

Threads, HarrisMichaelLinkedListHP, HarrisLinkedListHP, HarrisMichaelLinkedListHP_Memory_Usage, HarrisLinkedListHP_Memory_Usage
128, 2849581, 3010899, 8063, 8063, 
