##### HarrisMichaelLinkedListEBR #####  


#### RUN 1 RESULT: ####

----- Benchmark=HarrisMichaelLinkedListEBR   numElements=512   numThreads=128   testLength=10s -----
Ops/sec = 24956814
memory_usage (Bytes) = 9772


###### MEDIAN RESULT FOR ALL 1 RUNS: ######

----- Benchmark=HarrisMichaelLinkedListEBR   numElements=512   numThreads=128   testLength=10s -----
Ops/sec = 24956814   delta = 0%   min = 24956814   max = 24956814
memory_usage = 9772   delta = 0%   min = 9772   max = 9772
##### HarrisLinkedListEBR #####  


#### RUN 1 RESULT: ####

----- Benchmark=HarrisLinkedListEBR   numElements=512   numThreads=128   testLength=10s -----
Ops/sec = 34124875
memory_usage (Bytes) = 12174


###### MEDIAN RESULT FOR ALL 1 RUNS: ######

----- Benchmark=HarrisLinkedListEBR   numElements=512   numThreads=128   testLength=10s -----
Ops/sec = 34124875   delta = 0%   min = 34124875   max = 34124875
memory_usage = 12174   delta = 0%   min = 12174   max = 12174


FINAL RESULTS (FOR CHARTS):


Results in ops per second for numRuns=1,  length=10s 

Number of elements: 512

Threads, HarrisMichaelLinkedListEBR, HarrisLinkedListEBR, HarrisMichaelLinkedListEBR_Memory_Usage, HarrisLinkedListEBR_Memory_Usage
128, 24956814, 34124875, 9772, 12174, 
