##### HarrisMichaelLinkedListIBR #####  


#### RUN 1 RESULT: ####

----- Benchmark=HarrisMichaelLinkedListIBR   numElements=512   numThreads=128   testLength=10s -----
Ops/sec = 22814446
memory_usage (Bytes) = 9101


###### MEDIAN RESULT FOR ALL 1 RUNS: ######

----- Benchmark=HarrisMichaelLinkedListIBR   numElements=512   numThreads=128   testLength=10s -----
Ops/sec = 22814446   delta = 0%   min = 22814446   max = 22814446
memory_usage = 9101   delta = 0%   min = 9101   max = 9101
##### HarrisLinkedListIBR #####  


#### RUN 1 RESULT: ####

----- Benchmark=HarrisLinkedListIBR   numElements=512   numThreads=128   testLength=10s -----
Ops/sec = 30216793
memory_usage (Bytes) = 9809


###### MEDIAN RESULT FOR ALL 1 RUNS: ######

----- Benchmark=HarrisLinkedListIBR   numElements=512   numThreads=128   testLength=10s -----
Ops/sec = 30216793   delta = 0%   min = 30216793   max = 30216793
memory_usage = 9809   delta = 0%   min = 9809   max = 9809


FINAL RESULTS (FOR CHARTS):


Results in ops per second for numRuns=1,  length=10s 

Number of elements: 512

Threads, HarrisMichaelLinkedListIBR, HarrisLinkedListIBR, HarrisMichaelLinkedListIBR_Memory_Usage, HarrisLinkedListIBR_Memory_Usage
128, 22814446, 30216793, 9101, 9809, 
