##### HarrisMichaelLinkedListHE #####  


#### RUN 1 RESULT: ####

----- Benchmark=HarrisMichaelLinkedListHE   numElements=512   numThreads=128   testLength=10s -----
Ops/sec = 22899086
memory_usage (Bytes) = 11042


###### MEDIAN RESULT FOR ALL 1 RUNS: ######

----- Benchmark=HarrisMichaelLinkedListHE   numElements=512   numThreads=128   testLength=10s -----
Ops/sec = 22899086   delta = 0%   min = 22899086   max = 22899086
memory_usage = 11042   delta = 0%   min = 11042   max = 11042
##### HarrisLinkedListHE #####  


#### RUN 1 RESULT: ####

----- Benchmark=HarrisLinkedListHE   numElements=512   numThreads=128   testLength=10s -----
Ops/sec = 32986135
memory_usage (Bytes) = 12446


###### MEDIAN RESULT FOR ALL 1 RUNS: ######

----- Benchmark=HarrisLinkedListHE   numElements=512   numThreads=128   testLength=10s -----
Ops/sec = 32986135   delta = 0%   min = 32986135   max = 32986135
memory_usage = 12446   delta = 0%   min = 12446   max = 12446


FINAL RESULTS (FOR CHARTS):


Results in ops per second for numRuns=1,  length=10s 

Number of elements: 512

Threads, HarrisMichaelLinkedListHE, HarrisLinkedListHE, HarrisMichaelLinkedListHE_Memory_Usage, HarrisLinkedListHE_Memory_Usage
128, 22899086, 32986135, 11042, 12446, 
