##### HarrisMichaelLinkedListHE #####  


#### RUN 1 RESULT: ####

----- Benchmark=HarrisMichaelLinkedListHE   numElements=10000   numThreads=128   testLength=10s -----
Ops/sec = 2773928
memory_usage (Bytes) = 51052


###### MEDIAN RESULT FOR ALL 1 RUNS: ######

----- Benchmark=HarrisMichaelLinkedListHE   numElements=10000   numThreads=128   testLength=10s -----
Ops/sec = 2773928   delta = 0%   min = 2773928   max = 2773928
memory_usage = 51052   delta = 0%   min = 51052   max = 51052
##### HarrisLinkedListHE #####  


#### RUN 1 RESULT: ####

----- Benchmark=HarrisLinkedListHE   numElements=10000   numThreads=128   testLength=10s -----
Ops/sec = 2891485
memory_usage (Bytes) = 52508


###### MEDIAN RESULT FOR ALL 1 RUNS: ######

----- Benchmark=HarrisLinkedListHE   numElements=10000   numThreads=128   testLength=10s -----
Ops/sec = 2891485   delta = 0%   min = 2891485   max = 2891485
memory_usage = 52508   delta = 0%   min = 52508   max = 52508


FINAL RESULTS (FOR CHARTS):


Results in ops per second for numRuns=1,  length=10s 

Number of elements: 10000

Threads, HarrisMichaelLinkedListHE, HarrisLinkedListHE, HarrisMichaelLinkedListHE_Memory_Usage, HarrisLinkedListHE_Memory_Usage
128, 2773928, 2891485, 51052, 52508, 
