##### HarrisMichaelLinkedListHPO #####  


#### RUN 1 RESULT: ####

----- Benchmark=HarrisMichaelLinkedListHPO   numElements=10000   numThreads=128   testLength=10s -----
Ops/sec = 2690911
memory_usage (Bytes) = 8064


###### MEDIAN RESULT FOR ALL 1 RUNS: ######

----- Benchmark=HarrisMichaelLinkedListHPO   numElements=10000   numThreads=128   testLength=10s -----
Ops/sec = 2690911   delta = 0%   min = 2690911   max = 2690911
memory_usage = 8064   delta = 0%   min = 8064   max = 8064
##### HarrisLinkedListHPO #####  


#### RUN 1 RESULT: ####

----- Benchmark=HarrisLinkedListHPO   numElements=10000   numThreads=128   testLength=10s -----
Ops/sec = 2868987
memory_usage (Bytes) = 8063


###### MEDIAN RESULT FOR ALL 1 RUNS: ######

----- Benchmark=HarrisLinkedListHPO   numElements=10000   numThreads=128   testLength=10s -----
Ops/sec = 2868987   delta = 0%   min = 2868987   max = 2868987
memory_usage = 8063   delta = 0%   min = 8063   max = 8063


FINAL RESULTS (FOR CHARTS):


Results in ops per second for numRuns=1,  length=10s 

Number of elements: 10000

Threads, HarrisMichaelLinkedListHPO, HarrisLinkedListHPO, HarrisMichaelLinkedListHPO_Memory_Usage, HarrisLinkedListHPO_Memory_Usage
128, 2690911, 2868987, 8064, 8063, 
