##### HarrisMichaelLinkedListHE #####  


#### RUN 1 RESULT: ####

----- Benchmark=HarrisMichaelLinkedListHE   numElements=10000   numThreads=128   testLength=10s -----
Ops/sec = 2790709
memory_usage (Bytes) = 49995


###### MEDIAN RESULT FOR ALL 1 RUNS: ######

----- Benchmark=HarrisMichaelLinkedListHE   numElements=10000   numThreads=128   testLength=10s -----
Ops/sec = 2790709   delta = 0%   min = 2790709   max = 2790709
memory_usage = 49995   delta = 0%   min = 49995   max = 49995
##### HarrisLinkedListHE #####  


#### RUN 1 RESULT: ####

----- Benchmark=HarrisLinkedListHE   numElements=10000   numThreads=128   testLength=10s -----
Ops/sec = 2807405
memory_usage (Bytes) = 49357


###### MEDIAN RESULT FOR ALL 1 RUNS: ######

----- Benchmark=HarrisLinkedListHE   numElements=10000   numThreads=128   testLength=10s -----
Ops/sec = 2807405   delta = 0%   min = 2807405   max = 2807405
memory_usage = 49357   delta = 0%   min = 49357   max = 49357


FINAL RESULTS (FOR CHARTS):


Results in ops per second for numRuns=1,  length=10s 

Number of elements: 10000

Threads, HarrisMichaelLinkedListHE, HarrisLinkedListHE, HarrisMichaelLinkedListHE_Memory_Usage, HarrisLinkedListHE_Memory_Usage
128, 2790709, 2807405, 49995, 49357, 
