##### HarrisMichaelLinkedListIBR #####  


#### RUN 1 RESULT: ####

----- Benchmark=HarrisMichaelLinkedListIBR   numElements=10000   numThreads=128   testLength=10s -----
Ops/sec = 2726926
memory_usage (Bytes) = 20138


###### MEDIAN RESULT FOR ALL 1 RUNS: ######

----- Benchmark=HarrisMichaelLinkedListIBR   numElements=10000   numThreads=128   testLength=10s -----
Ops/sec = 2726926   delta = 0%   min = 2726926   max = 2726926
memory_usage = 20138   delta = 0%   min = 20138   max = 20138
##### HarrisLinkedListIBR #####  


#### RUN 1 RESULT: ####

----- Benchmark=HarrisLinkedListIBR   numElements=10000   numThreads=128   testLength=10s -----
Ops/sec = 2895765
memory_usage (Bytes) = 15530


###### MEDIAN RESULT FOR ALL 1 RUNS: ######

----- Benchmark=HarrisLinkedListIBR   numElements=10000   numThreads=128   testLength=10s -----
Ops/sec = 2895765   delta = 0%   min = 2895765   max = 2895765
memory_usage = 15530   delta = 0%   min = 15530   max = 15530


FINAL RESULTS (FOR CHARTS):


Results in ops per second for numRuns=1,  length=10s 

Number of elements: 10000

Threads, HarrisMichaelLinkedListIBR, HarrisLinkedListIBR, HarrisMichaelLinkedListIBR_Memory_Usage, HarrisLinkedListIBR_Memory_Usage
128, 2726926, 2895765, 20138, 15530, 
