##### HarrisMichaelLinkedListIBR #####  


#### RUN 1 RESULT: ####

----- Benchmark=HarrisMichaelLinkedListIBR   numElements=512   numThreads=128   testLength=10s -----
Ops/sec = 22724699
memory_usage (Bytes) = 9152


###### MEDIAN RESULT FOR ALL 1 RUNS: ######

----- Benchmark=HarrisMichaelLinkedListIBR   numElements=512   numThreads=128   testLength=10s -----
Ops/sec = 22724699   delta = 0%   min = 22724699   max = 22724699
memory_usage = 9152   delta = 0%   min = 9152   max = 9152
##### HarrisLinkedListIBR #####  


#### RUN 1 RESULT: ####

----- Benchmark=HarrisLinkedListIBR   numElements=512   numThreads=128   testLength=10s -----
Ops/sec = 30289039
memory_usage (Bytes) = 9568


###### MEDIAN RESULT FOR ALL 1 RUNS: ######

----- Benchmark=HarrisLinkedListIBR   numElements=512   numThreads=128   testLength=10s -----
Ops/sec = 30289039   delta = 0%   min = 30289039   max = 30289039
memory_usage = 9568   delta = 0%   min = 9568   max = 9568


FINAL RESULTS (FOR CHARTS):


Results in ops per second for numRuns=1,  length=10s 

Number of elements: 512

Threads, HarrisMichaelLinkedListIBR, HarrisLinkedListIBR, HarrisMichaelLinkedListIBR_Memory_Usage, HarrisLinkedListIBR_Memory_Usage
128, 22724699, 30289039, 9152, 9568, 
