##### HarrisMichaelLinkedListHE #####  


#### RUN 1 RESULT: ####

----- Benchmark=HarrisMichaelLinkedListHE   numElements=512   numThreads=128   testLength=10s -----
Ops/sec = 23839087
memory_usage (Bytes) = 11495


###### MEDIAN RESULT FOR ALL 1 RUNS: ######

----- Benchmark=HarrisMichaelLinkedListHE   numElements=512   numThreads=128   testLength=10s -----
Ops/sec = 23839087   delta = 0%   min = 23839087   max = 23839087
memory_usage = 11495   delta = 0%   min = 11495   max = 11495
##### HarrisLinkedListHE #####  


#### RUN 1 RESULT: ####

----- Benchmark=HarrisLinkedListHE   numElements=512   numThreads=128   testLength=10s -----
Ops/sec = 32756198
memory_usage (Bytes) = 13233


###### MEDIAN RESULT FOR ALL 1 RUNS: ######

----- Benchmark=HarrisLinkedListHE   numElements=512   numThreads=128   testLength=10s -----
Ops/sec = 32756198   delta = 0%   min = 32756198   max = 32756198
memory_usage = 13233   delta = 0%   min = 13233   max = 13233


FINAL RESULTS (FOR CHARTS):


Results in ops per second for numRuns=1,  length=10s 

Number of elements: 512

Threads, HarrisMichaelLinkedListHE, HarrisLinkedListHE, HarrisMichaelLinkedListHE_Memory_Usage, HarrisLinkedListHE_Memory_Usage
128, 23839087, 32756198, 11495, 13233, 
