##### HarrisMichaelLinkedListIBR #####  


#### RUN 1 RESULT: ####

----- Benchmark=HarrisMichaelLinkedListIBR   numElements=512   numThreads=128   testLength=10s -----
Ops/sec = 22735803
memory_usage (Bytes) = 9128


###### MEDIAN RESULT FOR ALL 1 RUNS: ######

----- Benchmark=HarrisMichaelLinkedListIBR   numElements=512   numThreads=128   testLength=10s -----
Ops/sec = 22735803   delta = 0%   min = 22735803   max = 22735803
memory_usage = 9128   delta = 0%   min = 9128   max = 9128
##### HarrisLinkedListIBR #####  


#### RUN 1 RESULT: ####

----- Benchmark=HarrisLinkedListIBR   numElements=512   numThreads=128   testLength=10s -----
Ops/sec = 30188659
memory_usage (Bytes) = 9481


###### MEDIAN RESULT FOR ALL 1 RUNS: ######

----- Benchmark=HarrisLinkedListIBR   numElements=512   numThreads=128   testLength=10s -----
Ops/sec = 30188659   delta = 0%   min = 30188659   max = 30188659
memory_usage = 9481   delta = 0%   min = 9481   max = 9481


FINAL RESULTS (FOR CHARTS):


Results in ops per second for numRuns=1,  length=10s 

Number of elements: 512

Threads, HarrisMichaelLinkedListIBR, HarrisLinkedListIBR, HarrisMichaelLinkedListIBR_Memory_Usage, HarrisLinkedListIBR_Memory_Usage
128, 22735803, 30188659, 9128, 9481, 
