##### HarrisMichaelLinkedListEBR #####  


#### RUN 1 RESULT: ####

----- Benchmark=HarrisMichaelLinkedListEBR   numElements=10000   numThreads=128   testLength=10s -----
Ops/sec = 2993040
memory_usage (Bytes) = 49338


###### MEDIAN RESULT FOR ALL 1 RUNS: ######

----- Benchmark=HarrisMichaelLinkedListEBR   numElements=10000   numThreads=128   testLength=10s -----
Ops/sec = 2993040   delta = 0%   min = 2993040   max = 2993040
memory_usage = 49338   delta = 0%   min = 49338   max = 49338
##### HarrisLinkedListEBR #####  


#### RUN 1 RESULT: ####

----- Benchmark=HarrisLinkedListEBR   numElements=10000   numThreads=128   testLength=10s -----
Ops/sec = 2998134
memory_usage (Bytes) = 48599


###### MEDIAN RESULT FOR ALL 1 RUNS: ######

----- Benchmark=HarrisLinkedListEBR   numElements=10000   numThreads=128   testLength=10s -----
Ops/sec = 2998134   delta = 0%   min = 2998134   max = 2998134
memory_usage = 48599   delta = 0%   min = 48599   max = 48599


FINAL RESULTS (FOR CHARTS):


Results in ops per second for numRuns=1,  length=10s 

Number of elements: 10000

Threads, HarrisMichaelLinkedListEBR, HarrisLinkedListEBR, HarrisMichaelLinkedListEBR_Memory_Usage, HarrisLinkedListEBR_Memory_Usage
128, 2993040, 2998134, 49338, 48599, 
