##### HarrisMichaelLinkedListHYALINE #####  


#### RUN 1 RESULT: ####

----- Benchmark=HarrisMichaelLinkedListHYALINE   numElements=10000   numThreads=128   testLength=10s -----
Ops/sec = 2943559
memory_usage (Bytes) = 0


###### MEDIAN RESULT FOR ALL 1 RUNS: ######

----- Benchmark=HarrisMichaelLinkedListHYALINE   numElements=10000   numThreads=128   testLength=10s -----
Ops/sec = 2943559   delta = 0%   min = 2943559   max = 2943559
memory_usage = 0   delta = 0%   min = 0   max = 0
##### HarrisLinkedListHYALINE #####  


#### RUN 1 RESULT: ####

----- Benchmark=HarrisLinkedListHYALINE   numElements=10000   numThreads=128   testLength=10s -----
Ops/sec = 2962667
memory_usage (Bytes) = 0


###### MEDIAN RESULT FOR ALL 1 RUNS: ######

----- Benchmark=HarrisLinkedListHYALINE   numElements=10000   numThreads=128   testLength=10s -----
Ops/sec = 2962667   delta = 0%   min = 2962667   max = 2962667
memory_usage = 0   delta = 0%   min = 0   max = 0


FINAL RESULTS (FOR CHARTS):


Results in ops per second for numRuns=1,  length=10s 

Number of elements: 10000

Threads, HarrisMichaelLinkedListHYALINE, HarrisLinkedListHYALINE, HarrisMichaelLinkedListHYALINE_Memory_Usage, HarrisLinkedListHYALINE_Memory_Usage
128, 2943559, 2962667, 0, 0, 
