##### HarrisMichaelLinkedListIBR #####  


#### RUN 1 RESULT: ####

----- Benchmark=HarrisMichaelLinkedListIBR   numElements=10000   numThreads=128   testLength=10s -----
Ops/sec = 2729928
memory_usage (Bytes) = 17542


###### MEDIAN RESULT FOR ALL 1 RUNS: ######

----- Benchmark=HarrisMichaelLinkedListIBR   numElements=10000   numThreads=128   testLength=10s -----
Ops/sec = 2729928   delta = 0%   min = 2729928   max = 2729928
memory_usage = 17542   delta = 0%   min = 17542   max = 17542
##### HarrisLinkedListIBR #####  


#### RUN 1 RESULT: ####

----- Benchmark=HarrisLinkedListIBR   numElements=10000   numThreads=128   testLength=10s -----
Ops/sec = 2873898
memory_usage (Bytes) = 20327


###### MEDIAN RESULT FOR ALL 1 RUNS: ######

----- Benchmark=HarrisLinkedListIBR   numElements=10000   numThreads=128   testLength=10s -----
Ops/sec = 2873898   delta = 0%   min = 2873898   max = 2873898
memory_usage = 20327   delta = 0%   min = 20327   max = 20327


FINAL RESULTS (FOR CHARTS):


Results in ops per second for numRuns=1,  length=10s 

Number of elements: 10000

Threads, HarrisMichaelLinkedListIBR, HarrisLinkedListIBR, HarrisMichaelLinkedListIBR_Memory_Usage, HarrisLinkedListIBR_Memory_Usage
128, 2729928, 2873898, 17542, 20327, 
