##### HarrisMichaelLinkedListIBR #####  


#### RUN 1 RESULT: ####

----- Benchmark=HarrisMichaelLinkedListIBR   numElements=512   numThreads=128   testLength=10s -----
Ops/sec = 22937671
memory_usage (Bytes) = 9139


###### MEDIAN RESULT FOR ALL 1 RUNS: ######

----- Benchmark=HarrisMichaelLinkedListIBR   numElements=512   numThreads=128   testLength=10s -----
Ops/sec = 22937671   delta = 0%   min = 22937671   max = 22937671
memory_usage = 9139   delta = 0%   min = 9139   max = 9139
##### HarrisLinkedListIBR #####  


#### RUN 1 RESULT: ####

----- Benchmark=HarrisLinkedListIBR   numElements=512   numThreads=128   testLength=10s -----
Ops/sec = 30294479
memory_usage (Bytes) = 9472


###### MEDIAN RESULT FOR ALL 1 RUNS: ######

----- Benchmark=HarrisLinkedListIBR   numElements=512   numThreads=128   testLength=10s -----
Ops/sec = 30294479   delta = 0%   min = 30294479   max = 30294479
memory_usage = 9472   delta = 0%   min = 9472   max = 9472


FINAL RESULTS (FOR CHARTS):


Results in ops per second for numRuns=1,  length=10s 

Number of elements: 512

Threads, HarrisMichaelLinkedListIBR, HarrisLinkedListIBR, HarrisMichaelLinkedListIBR_Memory_Usage, HarrisLinkedListIBR_Memory_Usage
128, 22937671, 30294479, 9139, 9472, 
