##### HarrisMichaelLinkedListNR #####  


#### RUN 1 RESULT: ####

----- Benchmark=HarrisMichaelLinkedListNR   numElements=512   numThreads=128   testLength=10s -----
Ops/sec = 25387094
memory_usage (Bytes) = 0


###### MEDIAN RESULT FOR ALL 1 RUNS: ######

----- Benchmark=HarrisMichaelLinkedListNR   numElements=512   numThreads=128   testLength=10s -----
Ops/sec = 25387094   delta = 0%   min = 25387094   max = 25387094
memory_usage = 0   delta = 0%   min = 0   max = 0
##### HarrisLinkedListNR #####  


#### RUN 1 RESULT: ####

----- Benchmark=HarrisLinkedListNR   numElements=512   numThreads=128   testLength=10s -----
Ops/sec = 33785747
memory_usage (Bytes) = 0


###### MEDIAN RESULT FOR ALL 1 RUNS: ######

----- Benchmark=HarrisLinkedListNR   numElements=512   numThreads=128   testLength=10s -----
Ops/sec = 33785747   delta = 0%   min = 33785747   max = 33785747
memory_usage = 0   delta = 0%   min = 0   max = 0


FINAL RESULTS (FOR CHARTS):


Results in ops per second for numRuns=1,  length=10s 

Number of elements: 512

Threads, HarrisMichaelLinkedListNR, HarrisLinkedListNR
128, 25387094, 33785747, 0, 0, 
