##### HarrisMichaelLinkedListIBR #####  


#### RUN 1 RESULT: ####

----- Benchmark=HarrisMichaelLinkedListIBR   numElements=512   numThreads=16   testLength=10s -----
Ops/sec = 8880220
memory_usage (Bytes) = 1120


###### MEDIAN RESULT FOR ALL 1 RUNS: ######

----- Benchmark=HarrisMichaelLinkedListIBR   numElements=512   numThreads=16   testLength=10s -----
Ops/sec = 8880220   delta = 0%   min = 8880220   max = 8880220
memory_usage = 1120   delta = 0%   min = 1120   max = 1120
##### HarrisLinkedListIBR #####  


#### RUN 1 RESULT: ####

----- Benchmark=HarrisLinkedListIBR   numElements=512   numThreads=16   testLength=10s -----
Ops/sec = 9391081
memory_usage (Bytes) = 1120


###### MEDIAN RESULT FOR ALL 1 RUNS: ######

----- Benchmark=HarrisLinkedListIBR   numElements=512   numThreads=16   testLength=10s -----
Ops/sec = 9391081   delta = 0%   min = 9391081   max = 9391081
memory_usage = 1120   delta = 0%   min = 1120   max = 1120


FINAL RESULTS (FOR CHARTS):


Results in ops per second for numRuns=1,  length=10s 

Number of elements: 512

Threads, HarrisMichaelLinkedListIBR, HarrisLinkedListIBR, HarrisMichaelLinkedListIBR_Memory_Usage, HarrisLinkedListIBR_Memory_Usage
16, 8880220, 9391081, 1120, 1120, 
