##### HarrisMichaelLinkedListIBR #####  


#### RUN 1 RESULT: ####

----- Benchmark=HarrisMichaelLinkedListIBR   numElements=10000   numThreads=16   testLength=10s -----
Ops/sec = 759142
memory_usage (Bytes) = 1119


###### MEDIAN RESULT FOR ALL 1 RUNS: ######

----- Benchmark=HarrisMichaelLinkedListIBR   numElements=10000   numThreads=16   testLength=10s -----
Ops/sec = 759142   delta = 0%   min = 759142   max = 759142
memory_usage = 1119   delta = 0%   min = 1119   max = 1119
##### HarrisLinkedListIBR #####  


#### RUN 1 RESULT: ####

----- Benchmark=HarrisLinkedListIBR   numElements=10000   numThreads=16   testLength=10s -----
Ops/sec = 776447
memory_usage (Bytes) = 1119


###### MEDIAN RESULT FOR ALL 1 RUNS: ######

----- Benchmark=HarrisLinkedListIBR   numElements=10000   numThreads=16   testLength=10s -----
Ops/sec = 776447   delta = 0%   min = 776447   max = 776447
memory_usage = 1119   delta = 0%   min = 1119   max = 1119


FINAL RESULTS (FOR CHARTS):


Results in ops per second for numRuns=1,  length=10s 

Number of elements: 10000

Threads, HarrisMichaelLinkedListIBR, HarrisLinkedListIBR, HarrisMichaelLinkedListIBR_Memory_Usage, HarrisLinkedListIBR_Memory_Usage
16, 759142, 776447, 1119, 1119, 
