##### HarrisMichaelLinkedListIBR #####  


#### RUN 1 RESULT: ####

----- Benchmark=HarrisMichaelLinkedListIBR   numElements=512   numThreads=16   testLength=10s -----
Ops/sec = 8895102
memory_usage (Bytes) = 1120


###### MEDIAN RESULT FOR ALL 1 RUNS: ######

----- Benchmark=HarrisMichaelLinkedListIBR   numElements=512   numThreads=16   testLength=10s -----
Ops/sec = 8895102   delta = 0%   min = 8895102   max = 8895102
memory_usage = 1120   delta = 0%   min = 1120   max = 1120
##### HarrisLinkedListIBR #####  


#### RUN 1 RESULT: ####

----- Benchmark=HarrisLinkedListIBR   numElements=512   numThreads=16   testLength=10s -----
Ops/sec = 9426280
memory_usage (Bytes) = 1120


###### MEDIAN RESULT FOR ALL 1 RUNS: ######

----- Benchmark=HarrisLinkedListIBR   numElements=512   numThreads=16   testLength=10s -----
Ops/sec = 9426280   delta = 0%   min = 9426280   max = 9426280
memory_usage = 1120   delta = 0%   min = 1120   max = 1120


FINAL RESULTS (FOR CHARTS):


Results in ops per second for numRuns=1,  length=10s 

Number of elements: 512

Threads, HarrisMichaelLinkedListIBR, HarrisLinkedListIBR, HarrisMichaelLinkedListIBR_Memory_Usage, HarrisLinkedListIBR_Memory_Usage
16, 8895102, 9426280, 1120, 1120, 
