##### HarrisMichaelLinkedListNR #####  


#### RUN 1 RESULT: ####

----- Benchmark=HarrisMichaelLinkedListNR   numElements=10000   numThreads=16   testLength=10s -----
Ops/sec = 876210
memory_usage (Bytes) = 0


###### MEDIAN RESULT FOR ALL 1 RUNS: ######

----- Benchmark=HarrisMichaelLinkedListNR   numElements=10000   numThreads=16   testLength=10s -----
Ops/sec = 876210   delta = 0%   min = 876210   max = 876210
memory_usage = 0   delta = 0%   min = 0   max = 0
##### HarrisLinkedListNR #####  


#### RUN 1 RESULT: ####

----- Benchmark=HarrisLinkedListNR   numElements=10000   numThreads=16   testLength=10s -----
Ops/sec = 887758
memory_usage (Bytes) = 0


###### MEDIAN RESULT FOR ALL 1 RUNS: ######

----- Benchmark=HarrisLinkedListNR   numElements=10000   numThreads=16   testLength=10s -----
Ops/sec = 887758   delta = 0%   min = 887758   max = 887758
memory_usage = 0   delta = 0%   min = 0   max = 0


FINAL RESULTS (FOR CHARTS):


Results in ops per second for numRuns=1,  length=10s 

Number of elements: 10000

Threads, HarrisMichaelLinkedListNR, HarrisLinkedListNR
16, 876210, 887758, 0, 0, 
