##### HarrisMichaelLinkedListEBR #####  


#### RUN 1 RESULT: ####

----- Benchmark=HarrisMichaelLinkedListEBR   numElements=10000   numThreads=16   testLength=10s -----
Ops/sec = 791774
memory_usage (Bytes) = 1105


###### MEDIAN RESULT FOR ALL 1 RUNS: ######

----- Benchmark=HarrisMichaelLinkedListEBR   numElements=10000   numThreads=16   testLength=10s -----
Ops/sec = 791774   delta = 0%   min = 791774   max = 791774
memory_usage = 1105   delta = 0%   min = 1105   max = 1105
##### HarrisLinkedListEBR #####  


#### RUN 1 RESULT: ####

----- Benchmark=HarrisLinkedListEBR   numElements=10000   numThreads=16   testLength=10s -----
Ops/sec = 813727
memory_usage (Bytes) = 1106


###### MEDIAN RESULT FOR ALL 1 RUNS: ######

----- Benchmark=HarrisLinkedListEBR   numElements=10000   numThreads=16   testLength=10s -----
Ops/sec = 813727   delta = 0%   min = 813727   max = 813727
memory_usage = 1106   delta = 0%   min = 1106   max = 1106


FINAL RESULTS (FOR CHARTS):


Results in ops per second for numRuns=1,  length=10s 

Number of elements: 10000

Threads, HarrisMichaelLinkedListEBR, HarrisLinkedListEBR, HarrisMichaelLinkedListEBR_Memory_Usage, HarrisLinkedListEBR_Memory_Usage
16, 791774, 813727, 1105, 1106, 
