##### HarrisMichaelLinkedListIBR #####  


#### RUN 1 RESULT: ####

----- Benchmark=HarrisMichaelLinkedListIBR   numElements=10000   numThreads=16   testLength=10s -----
Ops/sec = 755646
memory_usage (Bytes) = 1117


###### MEDIAN RESULT FOR ALL 1 RUNS: ######

----- Benchmark=HarrisMichaelLinkedListIBR   numElements=10000   numThreads=16   testLength=10s -----
Ops/sec = 755646   delta = 0%   min = 755646   max = 755646
memory_usage = 1117   delta = 0%   min = 1117   max = 1117
##### HarrisLinkedListIBR #####  


#### RUN 1 RESULT: ####

----- Benchmark=HarrisLinkedListIBR   numElements=10000   numThreads=16   testLength=10s -----
Ops/sec = 773627
memory_usage (Bytes) = 1118


###### MEDIAN RESULT FOR ALL 1 RUNS: ######

----- Benchmark=HarrisLinkedListIBR   numElements=10000   numThreads=16   testLength=10s -----
Ops/sec = 773627   delta = 0%   min = 773627   max = 773627
memory_usage = 1118   delta = 0%   min = 1118   max = 1118


FINAL RESULTS (FOR CHARTS):


Results in ops per second for numRuns=1,  length=10s 

Number of elements: 10000

Threads, HarrisMichaelLinkedListIBR, HarrisLinkedListIBR, HarrisMichaelLinkedListIBR_Memory_Usage, HarrisLinkedListIBR_Memory_Usage
16, 755646, 773627, 1117, 1118, 
