##### HarrisMichaelLinkedListEBR #####  


#### RUN 1 RESULT: ####

----- Benchmark=HarrisMichaelLinkedListEBR   numElements=10000   numThreads=16   testLength=10s -----
Ops/sec = 786859
memory_usage (Bytes) = 1119


###### MEDIAN RESULT FOR ALL 1 RUNS: ######

----- Benchmark=HarrisMichaelLinkedListEBR   numElements=10000   numThreads=16   testLength=10s -----
Ops/sec = 786859   delta = 0%   min = 786859   max = 786859
memory_usage = 1119   delta = 0%   min = 1119   max = 1119
##### HarrisLinkedListEBR #####  


#### RUN 1 RESULT: ####

----- Benchmark=HarrisLinkedListEBR   numElements=10000   numThreads=16   testLength=10s -----
Ops/sec = 813295
memory_usage (Bytes) = 1104


###### MEDIAN RESULT FOR ALL 1 RUNS: ######

----- Benchmark=HarrisLinkedListEBR   numElements=10000   numThreads=16   testLength=10s -----
Ops/sec = 813295   delta = 0%   min = 813295   max = 813295
memory_usage = 1104   delta = 0%   min = 1104   max = 1104


FINAL RESULTS (FOR CHARTS):


Results in ops per second for numRuns=1,  length=10s 

Number of elements: 10000

Threads, HarrisMichaelLinkedListEBR, HarrisLinkedListEBR, HarrisMichaelLinkedListEBR_Memory_Usage, HarrisLinkedListEBR_Memory_Usage
16, 786859, 813295, 1119, 1104, 
