##### HarrisMichaelLinkedListHP #####  


#### RUN 1 RESULT: ####

----- Benchmark=HarrisMichaelLinkedListHP   numElements=512   numThreads=16   testLength=10s -----
Ops/sec = 8886686
memory_usage (Bytes) = 1008


###### MEDIAN RESULT FOR ALL 1 RUNS: ######

----- Benchmark=HarrisMichaelLinkedListHP   numElements=512   numThreads=16   testLength=10s -----
Ops/sec = 8886686   delta = 0%   min = 8886686   max = 8886686
memory_usage = 1008   delta = 0%   min = 1008   max = 1008
##### HarrisLinkedListHP #####  


#### RUN 1 RESULT: ####

----- Benchmark=HarrisLinkedListHP   numElements=512   numThreads=16   testLength=10s -----
Ops/sec = 9470767
memory_usage (Bytes) = 1008


###### MEDIAN RESULT FOR ALL 1 RUNS: ######

----- Benchmark=HarrisLinkedListHP   numElements=512   numThreads=16   testLength=10s -----
Ops/sec = 9470767   delta = 0%   min = 9470767   max = 9470767
memory_usage = 1008   delta = 0%   min = 1008   max = 1008


FINAL RESULTS (FOR CHARTS):


Results in ops per second for numRuns=1,  length=10s 

Number of elements: 512

Threads, HarrisMichaelLinkedListHP, HarrisLinkedListHP, HarrisMichaelLinkedListHP_Memory_Usage, HarrisLinkedListHP_Memory_Usage
16, 8886686, 9470767, 1008, 1008, 
