##### HarrisMichaelLinkedListHE #####  


#### RUN 1 RESULT: ####

----- Benchmark=HarrisMichaelLinkedListHE   numElements=512   numThreads=16   testLength=10s -----
Ops/sec = 8489874
memory_usage (Bytes) = 1218


###### MEDIAN RESULT FOR ALL 1 RUNS: ######

----- Benchmark=HarrisMichaelLinkedListHE   numElements=512   numThreads=16   testLength=10s -----
Ops/sec = 8489874   delta = 0%   min = 8489874   max = 8489874
memory_usage = 1218   delta = 0%   min = 1218   max = 1218
##### HarrisLinkedListHE #####  


#### RUN 1 RESULT: ####

----- Benchmark=HarrisLinkedListHE   numElements=512   numThreads=16   testLength=10s -----
Ops/sec = 8912651
memory_usage (Bytes) = 1222


###### MEDIAN RESULT FOR ALL 1 RUNS: ######

----- Benchmark=HarrisLinkedListHE   numElements=512   numThreads=16   testLength=10s -----
Ops/sec = 8912651   delta = 0%   min = 8912651   max = 8912651
memory_usage = 1222   delta = 0%   min = 1222   max = 1222


FINAL RESULTS (FOR CHARTS):


Results in ops per second for numRuns=1,  length=10s 

Number of elements: 512

Threads, HarrisMichaelLinkedListHE, HarrisLinkedListHE, HarrisMichaelLinkedListHE_Memory_Usage, HarrisLinkedListHE_Memory_Usage
16, 8489874, 8912651, 1218, 1222, 
