##### HarrisMichaelLinkedListIBR #####  


#### RUN 1 RESULT: ####

----- Benchmark=HarrisMichaelLinkedListIBR   numElements=512   numThreads=16   testLength=10s -----
Ops/sec = 8874031
memory_usage (Bytes) = 1120


###### MEDIAN RESULT FOR ALL 1 RUNS: ######

----- Benchmark=HarrisMichaelLinkedListIBR   numElements=512   numThreads=16   testLength=10s -----
Ops/sec = 8874031   delta = 0%   min = 8874031   max = 8874031
memory_usage = 1120   delta = 0%   min = 1120   max = 1120
##### HarrisLinkedListIBR #####  


#### RUN 1 RESULT: ####

----- Benchmark=HarrisLinkedListIBR   numElements=512   numThreads=16   testLength=10s -----
Ops/sec = 9340407
memory_usage (Bytes) = 1120


###### MEDIAN RESULT FOR ALL 1 RUNS: ######

----- Benchmark=HarrisLinkedListIBR   numElements=512   numThreads=16   testLength=10s -----
Ops/sec = 9340407   delta = 0%   min = 9340407   max = 9340407
memory_usage = 1120   delta = 0%   min = 1120   max = 1120


FINAL RESULTS (FOR CHARTS):


Results in ops per second for numRuns=1,  length=10s 

Number of elements: 512

Threads, HarrisMichaelLinkedListIBR, HarrisLinkedListIBR, HarrisMichaelLinkedListIBR_Memory_Usage, HarrisLinkedListIBR_Memory_Usage
16, 8874031, 9340407, 1120, 1120, 
