##### HarrisMichaelLinkedListIBR #####  


#### RUN 1 RESULT: ####

----- Benchmark=HarrisMichaelLinkedListIBR   numElements=10000   numThreads=16   testLength=10s -----
Ops/sec = 757798
memory_usage (Bytes) = 1120


###### MEDIAN RESULT FOR ALL 1 RUNS: ######

----- Benchmark=HarrisMichaelLinkedListIBR   numElements=10000   numThreads=16   testLength=10s -----
Ops/sec = 757798   delta = 0%   min = 757798   max = 757798
memory_usage = 1120   delta = 0%   min = 1120   max = 1120
##### HarrisLinkedListIBR #####  


#### RUN 1 RESULT: ####

----- Benchmark=HarrisLinkedListIBR   numElements=10000   numThreads=16   testLength=10s -----
Ops/sec = 775583
memory_usage (Bytes) = 1119


###### MEDIAN RESULT FOR ALL 1 RUNS: ######

----- Benchmark=HarrisLinkedListIBR   numElements=10000   numThreads=16   testLength=10s -----
Ops/sec = 775583   delta = 0%   min = 775583   max = 775583
memory_usage = 1119   delta = 0%   min = 1119   max = 1119


FINAL RESULTS (FOR CHARTS):


Results in ops per second for numRuns=1,  length=10s 

Number of elements: 10000

Threads, HarrisMichaelLinkedListIBR, HarrisLinkedListIBR, HarrisMichaelLinkedListIBR_Memory_Usage, HarrisLinkedListIBR_Memory_Usage
16, 757798, 775583, 1120, 1119, 
