##### HarrisMichaelLinkedListHE #####  


#### RUN 1 RESULT: ####

----- Benchmark=HarrisMichaelLinkedListHE   numElements=512   numThreads=16   testLength=10s -----
Ops/sec = 8359314
memory_usage (Bytes) = 1218


###### MEDIAN RESULT FOR ALL 1 RUNS: ######

----- Benchmark=HarrisMichaelLinkedListHE   numElements=512   numThreads=16   testLength=10s -----
Ops/sec = 8359314   delta = 0%   min = 8359314   max = 8359314
memory_usage = 1218   delta = 0%   min = 1218   max = 1218
##### HarrisLinkedListHE #####  


#### RUN 1 RESULT: ####

----- Benchmark=HarrisLinkedListHE   numElements=512   numThreads=16   testLength=10s -----
Ops/sec = 8722438
memory_usage (Bytes) = 1219


###### MEDIAN RESULT FOR ALL 1 RUNS: ######

----- Benchmark=HarrisLinkedListHE   numElements=512   numThreads=16   testLength=10s -----
Ops/sec = 8722438   delta = 0%   min = 8722438   max = 8722438
memory_usage = 1219   delta = 0%   min = 1219   max = 1219


FINAL RESULTS (FOR CHARTS):


Results in ops per second for numRuns=1,  length=10s 

Number of elements: 512

Threads, HarrisMichaelLinkedListHE, HarrisLinkedListHE, HarrisMichaelLinkedListHE_Memory_Usage, HarrisLinkedListHE_Memory_Usage
16, 8359314, 8722438, 1218, 1219, 
