##### HarrisMichaelLinkedListHP #####  


#### RUN 1 RESULT: ####

----- Benchmark=HarrisMichaelLinkedListHP   numElements=512   numThreads=16   testLength=10s -----
Ops/sec = 8937029
memory_usage (Bytes) = 1008


###### MEDIAN RESULT FOR ALL 1 RUNS: ######

----- Benchmark=HarrisMichaelLinkedListHP   numElements=512   numThreads=16   testLength=10s -----
Ops/sec = 8937029   delta = 0%   min = 8937029   max = 8937029
memory_usage = 1008   delta = 0%   min = 1008   max = 1008
##### HarrisLinkedListHP #####  


#### RUN 1 RESULT: ####

----- Benchmark=HarrisLinkedListHP   numElements=512   numThreads=16   testLength=10s -----
Ops/sec = 9501715
memory_usage (Bytes) = 1008


###### MEDIAN RESULT FOR ALL 1 RUNS: ######

----- Benchmark=HarrisLinkedListHP   numElements=512   numThreads=16   testLength=10s -----
Ops/sec = 9501715   delta = 0%   min = 9501715   max = 9501715
memory_usage = 1008   delta = 0%   min = 1008   max = 1008


FINAL RESULTS (FOR CHARTS):


Results in ops per second for numRuns=1,  length=10s 

Number of elements: 512

Threads, HarrisMichaelLinkedListHP, HarrisLinkedListHP, HarrisMichaelLinkedListHP_Memory_Usage, HarrisLinkedListHP_Memory_Usage
16, 8937029, 9501715, 1008, 1008, 
