##### HarrisMichaelLinkedListNR #####  


#### RUN 1 RESULT: ####

----- Benchmark=HarrisMichaelLinkedListNR   numElements=512   numThreads=16   testLength=10s -----
Ops/sec = 10600141
memory_usage (Bytes) = 0


###### MEDIAN RESULT FOR ALL 1 RUNS: ######

----- Benchmark=HarrisMichaelLinkedListNR   numElements=512   numThreads=16   testLength=10s -----
Ops/sec = 10600141   delta = 0%   min = 10600141   max = 10600141
memory_usage = 0   delta = 0%   min = 0   max = 0
##### HarrisLinkedListNR #####  


#### RUN 1 RESULT: ####

----- Benchmark=HarrisLinkedListNR   numElements=512   numThreads=16   testLength=10s -----
Ops/sec = 11029955
memory_usage (Bytes) = 0


###### MEDIAN RESULT FOR ALL 1 RUNS: ######

----- Benchmark=HarrisLinkedListNR   numElements=512   numThreads=16   testLength=10s -----
Ops/sec = 11029955   delta = 0%   min = 11029955   max = 11029955
memory_usage = 0   delta = 0%   min = 0   max = 0


FINAL RESULTS (FOR CHARTS):


Results in ops per second for numRuns=1,  length=10s 

Number of elements: 512

Threads, HarrisMichaelLinkedListNR, HarrisLinkedListNR
16, 10600141, 11029955, 0, 0, 
