##### HarrisMichaelLinkedListNR #####  


#### RUN 1 RESULT: ####

----- Benchmark=HarrisMichaelLinkedListNR   numElements=512   numThreads=16   testLength=10s -----
Ops/sec = 10568329
memory_usage (Bytes) = 0


###### MEDIAN RESULT FOR ALL 1 RUNS: ######

----- Benchmark=HarrisMichaelLinkedListNR   numElements=512   numThreads=16   testLength=10s -----
Ops/sec = 10568329   delta = 0%   min = 10568329   max = 10568329
memory_usage = 0   delta = 0%   min = 0   max = 0
##### HarrisLinkedListNR #####  


#### RUN 1 RESULT: ####

----- Benchmark=HarrisLinkedListNR   numElements=512   numThreads=16   testLength=10s -----
Ops/sec = 11019165
memory_usage (Bytes) = 0


###### MEDIAN RESULT FOR ALL 1 RUNS: ######

----- Benchmark=HarrisLinkedListNR   numElements=512   numThreads=16   testLength=10s -----
Ops/sec = 11019165   delta = 0%   min = 11019165   max = 11019165
memory_usage = 0   delta = 0%   min = 0   max = 0


FINAL RESULTS (FOR CHARTS):


Results in ops per second for numRuns=1,  length=10s 

Number of elements: 512

Threads, HarrisMichaelLinkedListNR, HarrisLinkedListNR
16, 10568329, 11019165, 0, 0, 
