##### HarrisMichaelLinkedListHE #####  


#### RUN 1 RESULT: ####

----- Benchmark=HarrisMichaelLinkedListHE   numElements=512   numThreads=16   testLength=10s -----
Ops/sec = 8407167
memory_usage (Bytes) = 1216


###### MEDIAN RESULT FOR ALL 1 RUNS: ######

----- Benchmark=HarrisMichaelLinkedListHE   numElements=512   numThreads=16   testLength=10s -----
Ops/sec = 8407167   delta = 0%   min = 8407167   max = 8407167
memory_usage = 1216   delta = 0%   min = 1216   max = 1216
##### HarrisLinkedListHE #####  


#### RUN 1 RESULT: ####

----- Benchmark=HarrisLinkedListHE   numElements=512   numThreads=16   testLength=10s -----
Ops/sec = 8809315
memory_usage (Bytes) = 1221


###### MEDIAN RESULT FOR ALL 1 RUNS: ######

----- Benchmark=HarrisLinkedListHE   numElements=512   numThreads=16   testLength=10s -----
Ops/sec = 8809315   delta = 0%   min = 8809315   max = 8809315
memory_usage = 1221   delta = 0%   min = 1221   max = 1221


FINAL RESULTS (FOR CHARTS):


Results in ops per second for numRuns=1,  length=10s 

Number of elements: 512

Threads, HarrisMichaelLinkedListHE, HarrisLinkedListHE, HarrisMichaelLinkedListHE_Memory_Usage, HarrisLinkedListHE_Memory_Usage
16, 8407167, 8809315, 1216, 1221, 
