##### HarrisMichaelLinkedListHE #####  


#### RUN 1 RESULT: ####

----- Benchmark=HarrisMichaelLinkedListHE   numElements=512   numThreads=16   testLength=10s -----
Ops/sec = 8297847
memory_usage (Bytes) = 1216


###### MEDIAN RESULT FOR ALL 1 RUNS: ######

----- Benchmark=HarrisMichaelLinkedListHE   numElements=512   numThreads=16   testLength=10s -----
Ops/sec = 8297847   delta = 0%   min = 8297847   max = 8297847
memory_usage = 1216   delta = 0%   min = 1216   max = 1216
##### HarrisLinkedListHE #####  


#### RUN 1 RESULT: ####

----- Benchmark=HarrisLinkedListHE   numElements=512   numThreads=16   testLength=10s -----
Ops/sec = 8816669
memory_usage (Bytes) = 1217


###### MEDIAN RESULT FOR ALL 1 RUNS: ######

----- Benchmark=HarrisLinkedListHE   numElements=512   numThreads=16   testLength=10s -----
Ops/sec = 8816669   delta = 0%   min = 8816669   max = 8816669
memory_usage = 1217   delta = 0%   min = 1217   max = 1217


FINAL RESULTS (FOR CHARTS):


Results in ops per second for numRuns=1,  length=10s 

Number of elements: 512

Threads, HarrisMichaelLinkedListHE, HarrisLinkedListHE, HarrisMichaelLinkedListHE_Memory_Usage, HarrisLinkedListHE_Memory_Usage
16, 8297847, 8816669, 1216, 1217, 
