##### HarrisMichaelLinkedListHE #####  


#### RUN 1 RESULT: ####

----- Benchmark=HarrisMichaelLinkedListHE   numElements=10000   numThreads=16   testLength=10s -----
Ops/sec = 696646
memory_usage (Bytes) = 1223


###### MEDIAN RESULT FOR ALL 1 RUNS: ######

----- Benchmark=HarrisMichaelLinkedListHE   numElements=10000   numThreads=16   testLength=10s -----
Ops/sec = 696646   delta = 0%   min = 696646   max = 696646
memory_usage = 1223   delta = 0%   min = 1223   max = 1223
##### HarrisLinkedListHE #####  


#### RUN 1 RESULT: ####

----- Benchmark=HarrisLinkedListHE   numElements=10000   numThreads=16   testLength=10s -----
Ops/sec = 723426
memory_usage (Bytes) = 1229


###### MEDIAN RESULT FOR ALL 1 RUNS: ######

----- Benchmark=HarrisLinkedListHE   numElements=10000   numThreads=16   testLength=10s -----
Ops/sec = 723426   delta = 0%   min = 723426   max = 723426
memory_usage = 1229   delta = 0%   min = 1229   max = 1229


FINAL RESULTS (FOR CHARTS):


Results in ops per second for numRuns=1,  length=10s 

Number of elements: 10000

Threads, HarrisMichaelLinkedListHE, HarrisLinkedListHE, HarrisMichaelLinkedListHE_Memory_Usage, HarrisLinkedListHE_Memory_Usage
16, 696646, 723426, 1223, 1229, 
