##### HarrisMichaelLinkedListHYALINE #####  


#### RUN 1 RESULT: ####

----- Benchmark=HarrisMichaelLinkedListHYALINE   numElements=10000   numThreads=1   testLength=10s -----
Ops/sec = 76523
memory_usage (Bytes) = 0


###### MEDIAN RESULT FOR ALL 1 RUNS: ######

----- Benchmark=HarrisMichaelLinkedListHYALINE   numElements=10000   numThreads=1   testLength=10s -----
Ops/sec = 76523   delta = 0%   min = 76523   max = 76523
memory_usage = 0   delta = 0%   min = 0   max = 0
##### HarrisLinkedListHYALINE #####  


#### RUN 1 RESULT: ####

----- Benchmark=HarrisLinkedListHYALINE   numElements=10000   numThreads=1   testLength=10s -----
Ops/sec = 78863
memory_usage (Bytes) = 0


###### MEDIAN RESULT FOR ALL 1 RUNS: ######

----- Benchmark=HarrisLinkedListHYALINE   numElements=10000   numThreads=1   testLength=10s -----
Ops/sec = 78863   delta = 0%   min = 78863   max = 78863
memory_usage = 0   delta = 0%   min = 0   max = 0


FINAL RESULTS (FOR CHARTS):


Results in ops per second for numRuns=1,  length=10s 

Number of elements: 10000

Threads, HarrisMichaelLinkedListHYALINE, HarrisLinkedListHYALINE, HarrisMichaelLinkedListHYALINE_Memory_Usage, HarrisLinkedListHYALINE_Memory_Usage
1, 76523, 78863, 0, 0, 
