##### HarrisMichaelLinkedListHPO #####  


#### RUN 1 RESULT: ####

----- Benchmark=HarrisMichaelLinkedListHPO   numElements=10000   numThreads=1   testLength=10s -----
Ops/sec = 75718
memory_usage (Bytes) = 63


###### MEDIAN RESULT FOR ALL 1 RUNS: ######

----- Benchmark=HarrisMichaelLinkedListHPO   numElements=10000   numThreads=1   testLength=10s -----
Ops/sec = 75718   delta = 0%   min = 75718   max = 75718
memory_usage = 63   delta = 0%   min = 63   max = 63
##### HarrisLinkedListHPO #####  


#### RUN 1 RESULT: ####

----- Benchmark=HarrisLinkedListHPO   numElements=10000   numThreads=1   testLength=10s -----
Ops/sec = 78321
memory_usage (Bytes) = 63


###### MEDIAN RESULT FOR ALL 1 RUNS: ######

----- Benchmark=HarrisLinkedListHPO   numElements=10000   numThreads=1   testLength=10s -----
Ops/sec = 78321   delta = 0%   min = 78321   max = 78321
memory_usage = 63   delta = 0%   min = 63   max = 63


FINAL RESULTS (FOR CHARTS):


Results in ops per second for numRuns=1,  length=10s 

Number of elements: 10000

Threads, HarrisMichaelLinkedListHPO, HarrisLinkedListHPO, HarrisMichaelLinkedListHPO_Memory_Usage, HarrisLinkedListHPO_Memory_Usage
1, 75718, 78321, 63, 63, 
