##### HarrisMichaelLinkedListHE #####  


#### RUN 1 RESULT: ####

----- Benchmark=HarrisMichaelLinkedListHE   numElements=512   numThreads=1   testLength=10s -----
Ops/sec = 2488801
memory_usage (Bytes) = 63


###### MEDIAN RESULT FOR ALL 1 RUNS: ######

----- Benchmark=HarrisMichaelLinkedListHE   numElements=512   numThreads=1   testLength=10s -----
Ops/sec = 2488801   delta = 0%   min = 2488801   max = 2488801
memory_usage = 63   delta = 0%   min = 63   max = 63
##### HarrisLinkedListHE #####  


#### RUN 1 RESULT: ####

----- Benchmark=HarrisLinkedListHE   numElements=512   numThreads=1   testLength=10s -----
Ops/sec = 2791027
memory_usage (Bytes) = 63


###### MEDIAN RESULT FOR ALL 1 RUNS: ######

----- Benchmark=HarrisLinkedListHE   numElements=512   numThreads=1   testLength=10s -----
Ops/sec = 2791027   delta = 0%   min = 2791027   max = 2791027
memory_usage = 63   delta = 0%   min = 63   max = 63


FINAL RESULTS (FOR CHARTS):


Results in ops per second for numRuns=1,  length=10s 

Number of elements: 512

Threads, HarrisMichaelLinkedListHE, HarrisLinkedListHE, HarrisMichaelLinkedListHE_Memory_Usage, HarrisLinkedListHE_Memory_Usage
1, 2488801, 2791027, 63, 63, 
