##### HarrisMichaelLinkedListNR #####  


#### RUN 1 RESULT: ####

----- Benchmark=HarrisMichaelLinkedListNR   numElements=10000   numThreads=1   testLength=10s -----
Ops/sec = 75652
memory_usage (Bytes) = 0


###### MEDIAN RESULT FOR ALL 1 RUNS: ######

----- Benchmark=HarrisMichaelLinkedListNR   numElements=10000   numThreads=1   testLength=10s -----
Ops/sec = 75652   delta = 0%   min = 75652   max = 75652
memory_usage = 0   delta = 0%   min = 0   max = 0
##### HarrisLinkedListNR #####  


#### RUN 1 RESULT: ####

----- Benchmark=HarrisLinkedListNR   numElements=10000   numThreads=1   testLength=10s -----
Ops/sec = 71155
memory_usage (Bytes) = 0


###### MEDIAN RESULT FOR ALL 1 RUNS: ######

----- Benchmark=HarrisLinkedListNR   numElements=10000   numThreads=1   testLength=10s -----
Ops/sec = 71155   delta = 0%   min = 71155   max = 71155
memory_usage = 0   delta = 0%   min = 0   max = 0


FINAL RESULTS (FOR CHARTS):


Results in ops per second for numRuns=1,  length=10s 

Number of elements: 10000

Threads, HarrisMichaelLinkedListNR, HarrisLinkedListNR
1, 75652, 71155, 0, 0, 
