##### HarrisMichaelLinkedListHE #####  


#### RUN 1 RESULT: ####

----- Benchmark=HarrisMichaelLinkedListHE   numElements=512   numThreads=256   testLength=10s -----
Ops/sec = 28731497
memory_usage (Bytes) = 100734


###### MEDIAN RESULT FOR ALL 1 RUNS: ######

----- Benchmark=HarrisMichaelLinkedListHE   numElements=512   numThreads=256   testLength=10s -----
Ops/sec = 28731497   delta = 0%   min = 28731497   max = 28731497
memory_usage = 100734   delta = 0%   min = 100734   max = 100734
##### HarrisLinkedListHE #####  


#### RUN 1 RESULT: ####

----- Benchmark=HarrisLinkedListHE   numElements=512   numThreads=256   testLength=10s -----
Ops/sec = 43411146
memory_usage (Bytes) = 93575


###### MEDIAN RESULT FOR ALL 1 RUNS: ######

----- Benchmark=HarrisLinkedListHE   numElements=512   numThreads=256   testLength=10s -----
Ops/sec = 43411146   delta = 0%   min = 43411146   max = 43411146
memory_usage = 93575   delta = 0%   min = 93575   max = 93575


FINAL RESULTS (FOR CHARTS):


Results in ops per second for numRuns=1,  length=10s 

Number of elements: 512

Threads, HarrisMichaelLinkedListHE, HarrisLinkedListHE, HarrisMichaelLinkedListHE_Memory_Usage, HarrisLinkedListHE_Memory_Usage
256, 28731497, 43411146, 100734, 93575, 
