##### HarrisMichaelLinkedListHE #####  


#### RUN 1 RESULT: ####

----- Benchmark=HarrisMichaelLinkedListHE   numElements=512   numThreads=256   testLength=10s -----
Ops/sec = 29338518
memory_usage (Bytes) = 92358


###### MEDIAN RESULT FOR ALL 1 RUNS: ######

----- Benchmark=HarrisMichaelLinkedListHE   numElements=512   numThreads=256   testLength=10s -----
Ops/sec = 29338518   delta = 0%   min = 29338518   max = 29338518
memory_usage = 92358   delta = 0%   min = 92358   max = 92358
##### HarrisLinkedListHE #####  


#### RUN 1 RESULT: ####

----- Benchmark=HarrisLinkedListHE   numElements=512   numThreads=256   testLength=10s -----
Ops/sec = 43659483
memory_usage (Bytes) = 92948


###### MEDIAN RESULT FOR ALL 1 RUNS: ######

----- Benchmark=HarrisLinkedListHE   numElements=512   numThreads=256   testLength=10s -----
Ops/sec = 43659483   delta = 0%   min = 43659483   max = 43659483
memory_usage = 92948   delta = 0%   min = 92948   max = 92948


FINAL RESULTS (FOR CHARTS):


Results in ops per second for numRuns=1,  length=10s 

Number of elements: 512

Threads, HarrisMichaelLinkedListHE, HarrisLinkedListHE, HarrisMichaelLinkedListHE_Memory_Usage, HarrisLinkedListHE_Memory_Usage
256, 29338518, 43659483, 92358, 92948, 
