##### HarrisMichaelLinkedListHP #####  


#### RUN 1 RESULT: ####

----- Benchmark=HarrisMichaelLinkedListHP   numElements=512   numThreads=256   testLength=10s -----
Ops/sec = 27020936
memory_usage (Bytes) = 16128


###### MEDIAN RESULT FOR ALL 1 RUNS: ######

----- Benchmark=HarrisMichaelLinkedListHP   numElements=512   numThreads=256   testLength=10s -----
Ops/sec = 27020936   delta = 0%   min = 27020936   max = 27020936
memory_usage = 16128   delta = 0%   min = 16128   max = 16128
##### HarrisLinkedListHP #####  


#### RUN 1 RESULT: ####

----- Benchmark=HarrisLinkedListHP   numElements=512   numThreads=256   testLength=10s -----
Ops/sec = 41341374
memory_usage (Bytes) = 16128


###### MEDIAN RESULT FOR ALL 1 RUNS: ######

----- Benchmark=HarrisLinkedListHP   numElements=512   numThreads=256   testLength=10s -----
Ops/sec = 41341374   delta = 0%   min = 41341374   max = 41341374
memory_usage = 16128   delta = 0%   min = 16128   max = 16128


FINAL RESULTS (FOR CHARTS):


Results in ops per second for numRuns=1,  length=10s 

Number of elements: 512

Threads, HarrisMichaelLinkedListHP, HarrisLinkedListHP, HarrisMichaelLinkedListHP_Memory_Usage, HarrisLinkedListHP_Memory_Usage
256, 27020936, 41341374, 16128, 16128, 
