##### HarrisMichaelLinkedListEBR #####  


#### RUN 1 RESULT: ####

----- Benchmark=HarrisMichaelLinkedListEBR   numElements=512   numThreads=256   testLength=10s -----
Ops/sec = 30126763
memory_usage (Bytes) = 87888


###### MEDIAN RESULT FOR ALL 1 RUNS: ######

----- Benchmark=HarrisMichaelLinkedListEBR   numElements=512   numThreads=256   testLength=10s -----
Ops/sec = 30126763   delta = 0%   min = 30126763   max = 30126763
memory_usage = 87888   delta = 0%   min = 87888   max = 87888
##### HarrisLinkedListEBR #####  


#### RUN 1 RESULT: ####

----- Benchmark=HarrisLinkedListEBR   numElements=512   numThreads=256   testLength=10s -----
Ops/sec = 49025257
memory_usage (Bytes) = 37993


###### MEDIAN RESULT FOR ALL 1 RUNS: ######

----- Benchmark=HarrisLinkedListEBR   numElements=512   numThreads=256   testLength=10s -----
Ops/sec = 49025257   delta = 0%   min = 49025257   max = 49025257
memory_usage = 37993   delta = 0%   min = 37993   max = 37993


FINAL RESULTS (FOR CHARTS):


Results in ops per second for numRuns=1,  length=10s 

Number of elements: 512

Threads, HarrisMichaelLinkedListEBR, HarrisLinkedListEBR, HarrisMichaelLinkedListEBR_Memory_Usage, HarrisLinkedListEBR_Memory_Usage
256, 30126763, 49025257, 87888, 37993, 
