##### HarrisMichaelLinkedListHPO #####  


#### RUN 1 RESULT: ####

----- Benchmark=HarrisMichaelLinkedListHPO   numElements=10000   numThreads=256   testLength=10s -----
Ops/sec = 3720300
memory_usage (Bytes) = 16122


###### MEDIAN RESULT FOR ALL 1 RUNS: ######

----- Benchmark=HarrisMichaelLinkedListHPO   numElements=10000   numThreads=256   testLength=10s -----
Ops/sec = 3720300   delta = 0%   min = 3720300   max = 3720300
memory_usage = 16122   delta = 0%   min = 16122   max = 16122
##### HarrisLinkedListHPO #####  


#### RUN 1 RESULT: ####

----- Benchmark=HarrisLinkedListHPO   numElements=10000   numThreads=256   testLength=10s -----
Ops/sec = 4144116
memory_usage (Bytes) = 16123


###### MEDIAN RESULT FOR ALL 1 RUNS: ######

----- Benchmark=HarrisLinkedListHPO   numElements=10000   numThreads=256   testLength=10s -----
Ops/sec = 4144116   delta = 0%   min = 4144116   max = 4144116
memory_usage = 16123   delta = 0%   min = 16123   max = 16123


FINAL RESULTS (FOR CHARTS):


Results in ops per second for numRuns=1,  length=10s 

Number of elements: 10000

Threads, HarrisMichaelLinkedListHPO, HarrisLinkedListHPO, HarrisMichaelLinkedListHPO_Memory_Usage, HarrisLinkedListHPO_Memory_Usage
256, 3720300, 4144116, 16122, 16123, 
