##### HarrisMichaelLinkedListHP #####  


#### RUN 1 RESULT: ####

----- Benchmark=HarrisMichaelLinkedListHP   numElements=10000   numThreads=256   testLength=10s -----
Ops/sec = 4134179
memory_usage (Bytes) = 16128


###### MEDIAN RESULT FOR ALL 1 RUNS: ######

----- Benchmark=HarrisMichaelLinkedListHP   numElements=10000   numThreads=256   testLength=10s -----
Ops/sec = 4134179   delta = 0%   min = 4134179   max = 4134179
memory_usage = 16128   delta = 0%   min = 16128   max = 16128
##### HarrisLinkedListHP #####  


#### RUN 1 RESULT: ####

----- Benchmark=HarrisLinkedListHP   numElements=10000   numThreads=256   testLength=10s -----
Ops/sec = 4444902
memory_usage (Bytes) = 16126


###### MEDIAN RESULT FOR ALL 1 RUNS: ######

----- Benchmark=HarrisLinkedListHP   numElements=10000   numThreads=256   testLength=10s -----
Ops/sec = 4444902   delta = 0%   min = 4444902   max = 4444902
memory_usage = 16126   delta = 0%   min = 16126   max = 16126


FINAL RESULTS (FOR CHARTS):


Results in ops per second for numRuns=1,  length=10s 

Number of elements: 10000

Threads, HarrisMichaelLinkedListHP, HarrisLinkedListHP, HarrisMichaelLinkedListHP_Memory_Usage, HarrisLinkedListHP_Memory_Usage
256, 4134179, 4444902, 16128, 16126, 
