##### HarrisMichaelLinkedListHE #####  


#### RUN 1 RESULT: ####

----- Benchmark=HarrisMichaelLinkedListHE   numElements=10000   numThreads=256   testLength=10s -----
Ops/sec = 4245618
memory_usage (Bytes) = 292431


###### MEDIAN RESULT FOR ALL 1 RUNS: ######

----- Benchmark=HarrisMichaelLinkedListHE   numElements=10000   numThreads=256   testLength=10s -----
Ops/sec = 4245618   delta = 0%   min = 4245618   max = 4245618
memory_usage = 292431   delta = 0%   min = 292431   max = 292431
##### HarrisLinkedListHE #####  


#### RUN 1 RESULT: ####

----- Benchmark=HarrisLinkedListHE   numElements=10000   numThreads=256   testLength=10s -----
Ops/sec = 4569445
memory_usage (Bytes) = 270053


###### MEDIAN RESULT FOR ALL 1 RUNS: ######

----- Benchmark=HarrisLinkedListHE   numElements=10000   numThreads=256   testLength=10s -----
Ops/sec = 4569445   delta = 0%   min = 4569445   max = 4569445
memory_usage = 270053   delta = 0%   min = 270053   max = 270053


FINAL RESULTS (FOR CHARTS):


Results in ops per second for numRuns=1,  length=10s 

Number of elements: 10000

Threads, HarrisMichaelLinkedListHE, HarrisLinkedListHE, HarrisMichaelLinkedListHE_Memory_Usage, HarrisLinkedListHE_Memory_Usage
256, 4245618, 4569445, 292431, 270053, 
