##### HarrisMichaelLinkedListHPO #####  


#### RUN 1 RESULT: ####

----- Benchmark=HarrisMichaelLinkedListHPO   numElements=10000   numThreads=256   testLength=10s -----
Ops/sec = 3734983
memory_usage (Bytes) = 16128


###### MEDIAN RESULT FOR ALL 1 RUNS: ######

----- Benchmark=HarrisMichaelLinkedListHPO   numElements=10000   numThreads=256   testLength=10s -----
Ops/sec = 3734983   delta = 0%   min = 3734983   max = 3734983
memory_usage = 16128   delta = 0%   min = 16128   max = 16128
##### HarrisLinkedListHPO #####  


#### RUN 1 RESULT: ####

----- Benchmark=HarrisLinkedListHPO   numElements=10000   numThreads=256   testLength=10s -----
Ops/sec = 4142818
memory_usage (Bytes) = 16125


###### MEDIAN RESULT FOR ALL 1 RUNS: ######

----- Benchmark=HarrisLinkedListHPO   numElements=10000   numThreads=256   testLength=10s -----
Ops/sec = 4142818   delta = 0%   min = 4142818   max = 4142818
memory_usage = 16125   delta = 0%   min = 16125   max = 16125


FINAL RESULTS (FOR CHARTS):


Results in ops per second for numRuns=1,  length=10s 

Number of elements: 10000

Threads, HarrisMichaelLinkedListHPO, HarrisLinkedListHPO, HarrisMichaelLinkedListHPO_Memory_Usage, HarrisLinkedListHPO_Memory_Usage
256, 3734983, 4142818, 16128, 16125, 
