##### HarrisMichaelLinkedListHPO #####  


#### RUN 1 RESULT: ####

----- Benchmark=HarrisMichaelLinkedListHPO   numElements=10000   numThreads=256   testLength=10s -----
Ops/sec = 3731906
memory_usage (Bytes) = 16126


###### MEDIAN RESULT FOR ALL 1 RUNS: ######

----- Benchmark=HarrisMichaelLinkedListHPO   numElements=10000   numThreads=256   testLength=10s -----
Ops/sec = 3731906   delta = 0%   min = 3731906   max = 3731906
memory_usage = 16126   delta = 0%   min = 16126   max = 16126
##### HarrisLinkedListHPO #####  


#### RUN 1 RESULT: ####

----- Benchmark=HarrisLinkedListHPO   numElements=10000   numThreads=256   testLength=10s -----
Ops/sec = 4136497
memory_usage (Bytes) = 16126


###### MEDIAN RESULT FOR ALL 1 RUNS: ######

----- Benchmark=HarrisLinkedListHPO   numElements=10000   numThreads=256   testLength=10s -----
Ops/sec = 4136497   delta = 0%   min = 4136497   max = 4136497
memory_usage = 16126   delta = 0%   min = 16126   max = 16126


FINAL RESULTS (FOR CHARTS):


Results in ops per second for numRuns=1,  length=10s 

Number of elements: 10000

Threads, HarrisMichaelLinkedListHPO, HarrisLinkedListHPO, HarrisMichaelLinkedListHPO_Memory_Usage, HarrisLinkedListHPO_Memory_Usage
256, 3731906, 4136497, 16126, 16126, 
