##### HarrisMichaelLinkedListHPO #####  


#### RUN 1 RESULT: ####

----- Benchmark=HarrisMichaelLinkedListHPO   numElements=10000   numThreads=256   testLength=10s -----
Ops/sec = 3731330
memory_usage (Bytes) = 16125


###### MEDIAN RESULT FOR ALL 1 RUNS: ######

----- Benchmark=HarrisMichaelLinkedListHPO   numElements=10000   numThreads=256   testLength=10s -----
Ops/sec = 3731330   delta = 0%   min = 3731330   max = 3731330
memory_usage = 16125   delta = 0%   min = 16125   max = 16125
##### HarrisLinkedListHPO #####  


#### RUN 1 RESULT: ####

----- Benchmark=HarrisLinkedListHPO   numElements=10000   numThreads=256   testLength=10s -----
Ops/sec = 4144858
memory_usage (Bytes) = 16123


###### MEDIAN RESULT FOR ALL 1 RUNS: ######

----- Benchmark=HarrisLinkedListHPO   numElements=10000   numThreads=256   testLength=10s -----
Ops/sec = 4144858   delta = 0%   min = 4144858   max = 4144858
memory_usage = 16123   delta = 0%   min = 16123   max = 16123


FINAL RESULTS (FOR CHARTS):


Results in ops per second for numRuns=1,  length=10s 

Number of elements: 10000

Threads, HarrisMichaelLinkedListHPO, HarrisLinkedListHPO, HarrisMichaelLinkedListHPO_Memory_Usage, HarrisLinkedListHPO_Memory_Usage
256, 3731330, 4144858, 16125, 16123, 
