##### HarrisMichaelLinkedListHYALINE #####  


#### RUN 1 RESULT: ####

----- Benchmark=HarrisMichaelLinkedListHYALINE   numElements=512   numThreads=256   testLength=10s -----
Ops/sec = 27468154
memory_usage (Bytes) = 0


###### MEDIAN RESULT FOR ALL 1 RUNS: ######

----- Benchmark=HarrisMichaelLinkedListHYALINE   numElements=512   numThreads=256   testLength=10s -----
Ops/sec = 27468154   delta = 0%   min = 27468154   max = 27468154
memory_usage = 0   delta = 0%   min = 0   max = 0
##### HarrisLinkedListHYALINE #####  


#### RUN 1 RESULT: ####

----- Benchmark=HarrisLinkedListHYALINE   numElements=512   numThreads=256   testLength=10s -----
Ops/sec = 42682053
memory_usage (Bytes) = 0


###### MEDIAN RESULT FOR ALL 1 RUNS: ######

----- Benchmark=HarrisLinkedListHYALINE   numElements=512   numThreads=256   testLength=10s -----
Ops/sec = 42682053   delta = 0%   min = 42682053   max = 42682053
memory_usage = 0   delta = 0%   min = 0   max = 0


FINAL RESULTS (FOR CHARTS):


Results in ops per second for numRuns=1,  length=10s 

Number of elements: 512

Threads, HarrisMichaelLinkedListHYALINE, HarrisLinkedListHYALINE, HarrisMichaelLinkedListHYALINE_Memory_Usage, HarrisLinkedListHYALINE_Memory_Usage
256, 27468154, 42682053, 0, 0, 
