##### HarrisMichaelLinkedListHYALINE #####  


#### RUN 1 RESULT: ####

----- Benchmark=HarrisMichaelLinkedListHYALINE   numElements=10000   numThreads=256   testLength=10s -----
Ops/sec = 4236821
memory_usage (Bytes) = 0


###### MEDIAN RESULT FOR ALL 1 RUNS: ######

----- Benchmark=HarrisMichaelLinkedListHYALINE   numElements=10000   numThreads=256   testLength=10s -----
Ops/sec = 4236821   delta = 0%   min = 4236821   max = 4236821
memory_usage = 0   delta = 0%   min = 0   max = 0
##### HarrisLinkedListHYALINE #####  


#### RUN 1 RESULT: ####

----- Benchmark=HarrisLinkedListHYALINE   numElements=10000   numThreads=256   testLength=10s -----
Ops/sec = 4588020
memory_usage (Bytes) = 0


###### MEDIAN RESULT FOR ALL 1 RUNS: ######

----- Benchmark=HarrisLinkedListHYALINE   numElements=10000   numThreads=256   testLength=10s -----
Ops/sec = 4588020   delta = 0%   min = 4588020   max = 4588020
memory_usage = 0   delta = 0%   min = 0   max = 0


FINAL RESULTS (FOR CHARTS):


Results in ops per second for numRuns=1,  length=10s 

Number of elements: 10000

Threads, HarrisMichaelLinkedListHYALINE, HarrisLinkedListHYALINE, HarrisMichaelLinkedListHYALINE_Memory_Usage, HarrisLinkedListHYALINE_Memory_Usage
256, 4236821, 4588020, 0, 0, 
