##### HarrisMichaelLinkedListIBR #####  


#### RUN 1 RESULT: ####

----- Benchmark=HarrisMichaelLinkedListIBR   numElements=512   numThreads=256   testLength=10s -----
Ops/sec = 29686445
memory_usage (Bytes) = 23364


###### MEDIAN RESULT FOR ALL 1 RUNS: ######

----- Benchmark=HarrisMichaelLinkedListIBR   numElements=512   numThreads=256   testLength=10s -----
Ops/sec = 29686445   delta = 0%   min = 29686445   max = 29686445
memory_usage = 23364   delta = 0%   min = 23364   max = 23364
##### HarrisLinkedListIBR #####  


#### RUN 1 RESULT: ####

----- Benchmark=HarrisLinkedListIBR   numElements=512   numThreads=256   testLength=10s -----
Ops/sec = 46455981
memory_usage (Bytes) = 23653


###### MEDIAN RESULT FOR ALL 1 RUNS: ######

----- Benchmark=HarrisLinkedListIBR   numElements=512   numThreads=256   testLength=10s -----
Ops/sec = 46455981   delta = 0%   min = 46455981   max = 46455981
memory_usage = 23653   delta = 0%   min = 23653   max = 23653


FINAL RESULTS (FOR CHARTS):


Results in ops per second for numRuns=1,  length=10s 

Number of elements: 512

Threads, HarrisMichaelLinkedListIBR, HarrisLinkedListIBR, HarrisMichaelLinkedListIBR_Memory_Usage, HarrisLinkedListIBR_Memory_Usage
256, 29686445, 46455981, 23364, 23653, 
