##### HarrisMichaelLinkedListHPO #####  


#### RUN 1 RESULT: ####

----- Benchmark=HarrisMichaelLinkedListHPO   numElements=512   numThreads=256   testLength=10s -----
Ops/sec = 19455257
memory_usage (Bytes) = 16128


###### MEDIAN RESULT FOR ALL 1 RUNS: ######

----- Benchmark=HarrisMichaelLinkedListHPO   numElements=512   numThreads=256   testLength=10s -----
Ops/sec = 19455257   delta = 0%   min = 19455257   max = 19455257
memory_usage = 16128   delta = 0%   min = 16128   max = 16128
##### HarrisLinkedListHPO #####  


#### RUN 1 RESULT: ####

----- Benchmark=HarrisLinkedListHPO   numElements=512   numThreads=256   testLength=10s -----
Ops/sec = 25074364
memory_usage (Bytes) = 16128


###### MEDIAN RESULT FOR ALL 1 RUNS: ######

----- Benchmark=HarrisLinkedListHPO   numElements=512   numThreads=256   testLength=10s -----
Ops/sec = 25074364   delta = 0%   min = 25074364   max = 25074364
memory_usage = 16128   delta = 0%   min = 16128   max = 16128


FINAL RESULTS (FOR CHARTS):


Results in ops per second for numRuns=1,  length=10s 

Number of elements: 512

Threads, HarrisMichaelLinkedListHPO, HarrisLinkedListHPO, HarrisMichaelLinkedListHPO_Memory_Usage, HarrisLinkedListHPO_Memory_Usage
256, 19455257, 25074364, 16128, 16128, 
