##### HarrisMichaelLinkedListHE #####  


#### RUN 1 RESULT: ####

----- Benchmark=HarrisMichaelLinkedListHE   numElements=512   numThreads=256   testLength=10s -----
Ops/sec = 29271265
memory_usage (Bytes) = 90690


###### MEDIAN RESULT FOR ALL 1 RUNS: ######

----- Benchmark=HarrisMichaelLinkedListHE   numElements=512   numThreads=256   testLength=10s -----
Ops/sec = 29271265   delta = 0%   min = 29271265   max = 29271265
memory_usage = 90690   delta = 0%   min = 90690   max = 90690
##### HarrisLinkedListHE #####  


#### RUN 1 RESULT: ####

----- Benchmark=HarrisLinkedListHE   numElements=512   numThreads=256   testLength=10s -----
Ops/sec = 44752540
memory_usage (Bytes) = 76706


###### MEDIAN RESULT FOR ALL 1 RUNS: ######

----- Benchmark=HarrisLinkedListHE   numElements=512   numThreads=256   testLength=10s -----
Ops/sec = 44752540   delta = 0%   min = 44752540   max = 44752540
memory_usage = 76706   delta = 0%   min = 76706   max = 76706


FINAL RESULTS (FOR CHARTS):


Results in ops per second for numRuns=1,  length=10s 

Number of elements: 512

Threads, HarrisMichaelLinkedListHE, HarrisLinkedListHE, HarrisMichaelLinkedListHE_Memory_Usage, HarrisLinkedListHE_Memory_Usage
256, 29271265, 44752540, 90690, 76706, 
