##### HarrisMichaelLinkedListEBR #####  


#### RUN 1 RESULT: ####

----- Benchmark=HarrisMichaelLinkedListEBR   numElements=10000   numThreads=256   testLength=10s -----
Ops/sec = 4512087
memory_usage (Bytes) = 279045


###### MEDIAN RESULT FOR ALL 1 RUNS: ######

----- Benchmark=HarrisMichaelLinkedListEBR   numElements=10000   numThreads=256   testLength=10s -----
Ops/sec = 4512087   delta = 0%   min = 4512087   max = 4512087
memory_usage = 279045   delta = 0%   min = 279045   max = 279045
##### HarrisLinkedListEBR #####  


#### RUN 1 RESULT: ####

----- Benchmark=HarrisLinkedListEBR   numElements=10000   numThreads=256   testLength=10s -----
Ops/sec = 4939582
memory_usage (Bytes) = 281457


###### MEDIAN RESULT FOR ALL 1 RUNS: ######

----- Benchmark=HarrisLinkedListEBR   numElements=10000   numThreads=256   testLength=10s -----
Ops/sec = 4939582   delta = 0%   min = 4939582   max = 4939582
memory_usage = 281457   delta = 0%   min = 281457   max = 281457


FINAL RESULTS (FOR CHARTS):


Results in ops per second for numRuns=1,  length=10s 

Number of elements: 10000

Threads, HarrisMichaelLinkedListEBR, HarrisLinkedListEBR, HarrisMichaelLinkedListEBR_Memory_Usage, HarrisLinkedListEBR_Memory_Usage
256, 4512087, 4939582, 279045, 281457, 
