##### HarrisMichaelLinkedListIBR #####  


#### RUN 1 RESULT: ####

----- Benchmark=HarrisMichaelLinkedListIBR   numElements=512   numThreads=256   testLength=10s -----
Ops/sec = 29530738
memory_usage (Bytes) = 23925


###### MEDIAN RESULT FOR ALL 1 RUNS: ######

----- Benchmark=HarrisMichaelLinkedListIBR   numElements=512   numThreads=256   testLength=10s -----
Ops/sec = 29530738   delta = 0%   min = 29530738   max = 29530738
memory_usage = 23925   delta = 0%   min = 23925   max = 23925
##### HarrisLinkedListIBR #####  


#### RUN 1 RESULT: ####

----- Benchmark=HarrisLinkedListIBR   numElements=512   numThreads=256   testLength=10s -----
Ops/sec = 46711317
memory_usage (Bytes) = 24248


###### MEDIAN RESULT FOR ALL 1 RUNS: ######

----- Benchmark=HarrisLinkedListIBR   numElements=512   numThreads=256   testLength=10s -----
Ops/sec = 46711317   delta = 0%   min = 46711317   max = 46711317
memory_usage = 24248   delta = 0%   min = 24248   max = 24248


FINAL RESULTS (FOR CHARTS):


Results in ops per second for numRuns=1,  length=10s 

Number of elements: 512

Threads, HarrisMichaelLinkedListIBR, HarrisLinkedListIBR, HarrisMichaelLinkedListIBR_Memory_Usage, HarrisLinkedListIBR_Memory_Usage
256, 29530738, 46711317, 23925, 24248, 
