##### HarrisMichaelLinkedListEBR #####  


#### RUN 1 RESULT: ####

----- Benchmark=HarrisMichaelLinkedListEBR   numElements=10000   numThreads=256   testLength=10s -----
Ops/sec = 4520747
memory_usage (Bytes) = 277849


###### MEDIAN RESULT FOR ALL 1 RUNS: ######

----- Benchmark=HarrisMichaelLinkedListEBR   numElements=10000   numThreads=256   testLength=10s -----
Ops/sec = 4520747   delta = 0%   min = 4520747   max = 4520747
memory_usage = 277849   delta = 0%   min = 277849   max = 277849
##### HarrisLinkedListEBR #####  


#### RUN 1 RESULT: ####

----- Benchmark=HarrisLinkedListEBR   numElements=10000   numThreads=256   testLength=10s -----
Ops/sec = 4926057
memory_usage (Bytes) = 285152


###### MEDIAN RESULT FOR ALL 1 RUNS: ######

----- Benchmark=HarrisLinkedListEBR   numElements=10000   numThreads=256   testLength=10s -----
Ops/sec = 4926057   delta = 0%   min = 4926057   max = 4926057
memory_usage = 285152   delta = 0%   min = 285152   max = 285152


FINAL RESULTS (FOR CHARTS):


Results in ops per second for numRuns=1,  length=10s 

Number of elements: 10000

Threads, HarrisMichaelLinkedListEBR, HarrisLinkedListEBR, HarrisMichaelLinkedListEBR_Memory_Usage, HarrisLinkedListEBR_Memory_Usage
256, 4520747, 4926057, 277849, 285152, 
