##### HarrisMichaelLinkedListIBR #####  


#### RUN 1 RESULT: ####

----- Benchmark=HarrisMichaelLinkedListIBR   numElements=512   numThreads=256   testLength=10s -----
Ops/sec = 29166670
memory_usage (Bytes) = 23614


###### MEDIAN RESULT FOR ALL 1 RUNS: ######

----- Benchmark=HarrisMichaelLinkedListIBR   numElements=512   numThreads=256   testLength=10s -----
Ops/sec = 29166670   delta = 0%   min = 29166670   max = 29166670
memory_usage = 23614   delta = 0%   min = 23614   max = 23614
##### HarrisLinkedListIBR #####  


#### RUN 1 RESULT: ####

----- Benchmark=HarrisLinkedListIBR   numElements=512   numThreads=256   testLength=10s -----
Ops/sec = 47109155
memory_usage (Bytes) = 28521


###### MEDIAN RESULT FOR ALL 1 RUNS: ######

----- Benchmark=HarrisLinkedListIBR   numElements=512   numThreads=256   testLength=10s -----
Ops/sec = 47109155   delta = 0%   min = 47109155   max = 47109155
memory_usage = 28521   delta = 0%   min = 28521   max = 28521


FINAL RESULTS (FOR CHARTS):


Results in ops per second for numRuns=1,  length=10s 

Number of elements: 512

Threads, HarrisMichaelLinkedListIBR, HarrisLinkedListIBR, HarrisMichaelLinkedListIBR_Memory_Usage, HarrisLinkedListIBR_Memory_Usage
256, 29166670, 47109155, 23614, 28521, 
