##### HarrisMichaelLinkedListIBR #####  


#### RUN 1 RESULT: ####

----- Benchmark=HarrisMichaelLinkedListIBR   numElements=10000   numThreads=256   testLength=10s -----
Ops/sec = 4236092
memory_usage (Bytes) = 70953


###### MEDIAN RESULT FOR ALL 1 RUNS: ######

----- Benchmark=HarrisMichaelLinkedListIBR   numElements=10000   numThreads=256   testLength=10s -----
Ops/sec = 4236092   delta = 0%   min = 4236092   max = 4236092
memory_usage = 70953   delta = 0%   min = 70953   max = 70953
##### HarrisLinkedListIBR #####  


#### RUN 1 RESULT: ####

----- Benchmark=HarrisLinkedListIBR   numElements=10000   numThreads=256   testLength=10s -----
Ops/sec = 4609399
memory_usage (Bytes) = 83518


###### MEDIAN RESULT FOR ALL 1 RUNS: ######

----- Benchmark=HarrisLinkedListIBR   numElements=10000   numThreads=256   testLength=10s -----
Ops/sec = 4609399   delta = 0%   min = 4609399   max = 4609399
memory_usage = 83518   delta = 0%   min = 83518   max = 83518


FINAL RESULTS (FOR CHARTS):


Results in ops per second for numRuns=1,  length=10s 

Number of elements: 10000

Threads, HarrisMichaelLinkedListIBR, HarrisLinkedListIBR, HarrisMichaelLinkedListIBR_Memory_Usage, HarrisLinkedListIBR_Memory_Usage
256, 4236092, 4609399, 70953, 83518, 
