##### HarrisMichaelLinkedListHE #####  


#### RUN 1 RESULT: ####

----- Benchmark=HarrisMichaelLinkedListHE   numElements=10000   numThreads=256   testLength=10s -----
Ops/sec = 4248223
memory_usage (Bytes) = 280761


###### MEDIAN RESULT FOR ALL 1 RUNS: ######

----- Benchmark=HarrisMichaelLinkedListHE   numElements=10000   numThreads=256   testLength=10s -----
Ops/sec = 4248223   delta = 0%   min = 4248223   max = 4248223
memory_usage = 280761   delta = 0%   min = 280761   max = 280761
##### HarrisLinkedListHE #####  


#### RUN 1 RESULT: ####

----- Benchmark=HarrisLinkedListHE   numElements=10000   numThreads=256   testLength=10s -----
Ops/sec = 4661743
memory_usage (Bytes) = 269182


###### MEDIAN RESULT FOR ALL 1 RUNS: ######

----- Benchmark=HarrisLinkedListHE   numElements=10000   numThreads=256   testLength=10s -----
Ops/sec = 4661743   delta = 0%   min = 4661743   max = 4661743
memory_usage = 269182   delta = 0%   min = 269182   max = 269182


FINAL RESULTS (FOR CHARTS):


Results in ops per second for numRuns=1,  length=10s 

Number of elements: 10000

Threads, HarrisMichaelLinkedListHE, HarrisLinkedListHE, HarrisMichaelLinkedListHE_Memory_Usage, HarrisLinkedListHE_Memory_Usage
256, 4248223, 4661743, 280761, 269182, 
