##### HarrisMichaelLinkedListHP #####  


#### RUN 1 RESULT: ####

----- Benchmark=HarrisMichaelLinkedListHP   numElements=10000   numThreads=256   testLength=10s -----
Ops/sec = 4131798
memory_usage (Bytes) = 16125


###### MEDIAN RESULT FOR ALL 1 RUNS: ######

----- Benchmark=HarrisMichaelLinkedListHP   numElements=10000   numThreads=256   testLength=10s -----
Ops/sec = 4131798   delta = 0%   min = 4131798   max = 4131798
memory_usage = 16125   delta = 0%   min = 16125   max = 16125
##### HarrisLinkedListHP #####  


#### RUN 1 RESULT: ####

----- Benchmark=HarrisLinkedListHP   numElements=10000   numThreads=256   testLength=10s -----
Ops/sec = 4441356
memory_usage (Bytes) = 16127


###### MEDIAN RESULT FOR ALL 1 RUNS: ######

----- Benchmark=HarrisLinkedListHP   numElements=10000   numThreads=256   testLength=10s -----
Ops/sec = 4441356   delta = 0%   min = 4441356   max = 4441356
memory_usage = 16127   delta = 0%   min = 16127   max = 16127


FINAL RESULTS (FOR CHARTS):


Results in ops per second for numRuns=1,  length=10s 

Number of elements: 10000

Threads, HarrisMichaelLinkedListHP, HarrisLinkedListHP, HarrisMichaelLinkedListHP_Memory_Usage, HarrisLinkedListHP_Memory_Usage
256, 4131798, 4441356, 16125, 16127, 
