##### HarrisMichaelLinkedListHP #####  


#### RUN 1 RESULT: ####

----- Benchmark=HarrisMichaelLinkedListHP   numElements=10000   numThreads=256   testLength=10s -----
Ops/sec = 4138399
memory_usage (Bytes) = 16123


###### MEDIAN RESULT FOR ALL 1 RUNS: ######

----- Benchmark=HarrisMichaelLinkedListHP   numElements=10000   numThreads=256   testLength=10s -----
Ops/sec = 4138399   delta = 0%   min = 4138399   max = 4138399
memory_usage = 16123   delta = 0%   min = 16123   max = 16123
##### HarrisLinkedListHP #####  


#### RUN 1 RESULT: ####

----- Benchmark=HarrisLinkedListHP   numElements=10000   numThreads=256   testLength=10s -----
Ops/sec = 4445331
memory_usage (Bytes) = 16129


###### MEDIAN RESULT FOR ALL 1 RUNS: ######

----- Benchmark=HarrisLinkedListHP   numElements=10000   numThreads=256   testLength=10s -----
Ops/sec = 4445331   delta = 0%   min = 4445331   max = 4445331
memory_usage = 16129   delta = 0%   min = 16129   max = 16129


FINAL RESULTS (FOR CHARTS):


Results in ops per second for numRuns=1,  length=10s 

Number of elements: 10000

Threads, HarrisMichaelLinkedListHP, HarrisLinkedListHP, HarrisMichaelLinkedListHP_Memory_Usage, HarrisLinkedListHP_Memory_Usage
256, 4138399, 4445331, 16123, 16129, 
