##### HarrisMichaelLinkedListIBR #####  


#### RUN 1 RESULT: ####

----- Benchmark=HarrisMichaelLinkedListIBR   numElements=512   numThreads=256   testLength=10s -----
Ops/sec = 29256208
memory_usage (Bytes) = 23620


###### MEDIAN RESULT FOR ALL 1 RUNS: ######

----- Benchmark=HarrisMichaelLinkedListIBR   numElements=512   numThreads=256   testLength=10s -----
Ops/sec = 29256208   delta = 0%   min = 29256208   max = 29256208
memory_usage = 23620   delta = 0%   min = 23620   max = 23620
##### HarrisLinkedListIBR #####  


#### RUN 1 RESULT: ####

----- Benchmark=HarrisLinkedListIBR   numElements=512   numThreads=256   testLength=10s -----
Ops/sec = 47171327
memory_usage (Bytes) = 30813


###### MEDIAN RESULT FOR ALL 1 RUNS: ######

----- Benchmark=HarrisLinkedListIBR   numElements=512   numThreads=256   testLength=10s -----
Ops/sec = 47171327   delta = 0%   min = 47171327   max = 47171327
memory_usage = 30813   delta = 0%   min = 30813   max = 30813


FINAL RESULTS (FOR CHARTS):


Results in ops per second for numRuns=1,  length=10s 

Number of elements: 512

Threads, HarrisMichaelLinkedListIBR, HarrisLinkedListIBR, HarrisMichaelLinkedListIBR_Memory_Usage, HarrisLinkedListIBR_Memory_Usage
256, 29256208, 47171327, 23620, 30813, 
