##### HarrisMichaelLinkedListEBR #####  


#### RUN 1 RESULT: ####

----- Benchmark=HarrisMichaelLinkedListEBR   numElements=512   numThreads=256   testLength=10s -----
Ops/sec = 31017288
memory_usage (Bytes) = 67120


###### MEDIAN RESULT FOR ALL 1 RUNS: ######

----- Benchmark=HarrisMichaelLinkedListEBR   numElements=512   numThreads=256   testLength=10s -----
Ops/sec = 31017288   delta = 0%   min = 31017288   max = 31017288
memory_usage = 67120   delta = 0%   min = 67120   max = 67120
##### HarrisLinkedListEBR #####  


#### RUN 1 RESULT: ####

----- Benchmark=HarrisLinkedListEBR   numElements=512   numThreads=256   testLength=10s -----
Ops/sec = 47201148
memory_usage (Bytes) = 72230


###### MEDIAN RESULT FOR ALL 1 RUNS: ######

----- Benchmark=HarrisLinkedListEBR   numElements=512   numThreads=256   testLength=10s -----
Ops/sec = 47201148   delta = 0%   min = 47201148   max = 47201148
memory_usage = 72230   delta = 0%   min = 72230   max = 72230


FINAL RESULTS (FOR CHARTS):


Results in ops per second for numRuns=1,  length=10s 

Number of elements: 512

Threads, HarrisMichaelLinkedListEBR, HarrisLinkedListEBR, HarrisMichaelLinkedListEBR_Memory_Usage, HarrisLinkedListEBR_Memory_Usage
256, 31017288, 47201148, 67120, 72230, 
