##### HarrisMichaelLinkedListEBR #####  


#### RUN 1 RESULT: ####

----- Benchmark=HarrisMichaelLinkedListEBR   numElements=10000   numThreads=256   testLength=10s -----
Ops/sec = 4507832
memory_usage (Bytes) = 262435


###### MEDIAN RESULT FOR ALL 1 RUNS: ######

----- Benchmark=HarrisMichaelLinkedListEBR   numElements=10000   numThreads=256   testLength=10s -----
Ops/sec = 4507832   delta = 0%   min = 4507832   max = 4507832
memory_usage = 262435   delta = 0%   min = 262435   max = 262435
##### HarrisLinkedListEBR #####  


#### RUN 1 RESULT: ####

----- Benchmark=HarrisLinkedListEBR   numElements=10000   numThreads=256   testLength=10s -----
Ops/sec = 4931391
memory_usage (Bytes) = 278600


###### MEDIAN RESULT FOR ALL 1 RUNS: ######

----- Benchmark=HarrisLinkedListEBR   numElements=10000   numThreads=256   testLength=10s -----
Ops/sec = 4931391   delta = 0%   min = 4931391   max = 4931391
memory_usage = 278600   delta = 0%   min = 278600   max = 278600


FINAL RESULTS (FOR CHARTS):


Results in ops per second for numRuns=1,  length=10s 

Number of elements: 10000

Threads, HarrisMichaelLinkedListEBR, HarrisLinkedListEBR, HarrisMichaelLinkedListEBR_Memory_Usage, HarrisLinkedListEBR_Memory_Usage
256, 4507832, 4931391, 262435, 278600, 
