##### HarrisMichaelLinkedListHE #####  


#### RUN 1 RESULT: ####

----- Benchmark=HarrisMichaelLinkedListHE   numElements=10000   numThreads=256   testLength=10s -----
Ops/sec = 4111143
memory_usage (Bytes) = 249451


###### MEDIAN RESULT FOR ALL 1 RUNS: ######

----- Benchmark=HarrisMichaelLinkedListHE   numElements=10000   numThreads=256   testLength=10s -----
Ops/sec = 4111143   delta = 0%   min = 4111143   max = 4111143
memory_usage = 249451   delta = 0%   min = 249451   max = 249451
##### HarrisLinkedListHE #####  


#### RUN 1 RESULT: ####

----- Benchmark=HarrisLinkedListHE   numElements=10000   numThreads=256   testLength=10s -----
Ops/sec = 4616972
memory_usage (Bytes) = 289734


###### MEDIAN RESULT FOR ALL 1 RUNS: ######

----- Benchmark=HarrisLinkedListHE   numElements=10000   numThreads=256   testLength=10s -----
Ops/sec = 4616972   delta = 0%   min = 4616972   max = 4616972
memory_usage = 289734   delta = 0%   min = 289734   max = 289734


FINAL RESULTS (FOR CHARTS):


Results in ops per second for numRuns=1,  length=10s 

Number of elements: 10000

Threads, HarrisMichaelLinkedListHE, HarrisLinkedListHE, HarrisMichaelLinkedListHE_Memory_Usage, HarrisLinkedListHE_Memory_Usage
256, 4111143, 4616972, 249451, 289734, 
