##### HarrisMichaelLinkedListIBR #####  


#### RUN 1 RESULT: ####

----- Benchmark=HarrisMichaelLinkedListIBR   numElements=10000   numThreads=256   testLength=10s -----
Ops/sec = 4242877
memory_usage (Bytes) = 80284


###### MEDIAN RESULT FOR ALL 1 RUNS: ######

----- Benchmark=HarrisMichaelLinkedListIBR   numElements=10000   numThreads=256   testLength=10s -----
Ops/sec = 4242877   delta = 0%   min = 4242877   max = 4242877
memory_usage = 80284   delta = 0%   min = 80284   max = 80284
##### HarrisLinkedListIBR #####  


#### RUN 1 RESULT: ####

----- Benchmark=HarrisLinkedListIBR   numElements=10000   numThreads=256   testLength=10s -----
Ops/sec = 4620771
memory_usage (Bytes) = 83532


###### MEDIAN RESULT FOR ALL 1 RUNS: ######

----- Benchmark=HarrisLinkedListIBR   numElements=10000   numThreads=256   testLength=10s -----
Ops/sec = 4620771   delta = 0%   min = 4620771   max = 4620771
memory_usage = 83532   delta = 0%   min = 83532   max = 83532


FINAL RESULTS (FOR CHARTS):


Results in ops per second for numRuns=1,  length=10s 

Number of elements: 10000

Threads, HarrisMichaelLinkedListIBR, HarrisLinkedListIBR, HarrisMichaelLinkedListIBR_Memory_Usage, HarrisLinkedListIBR_Memory_Usage
256, 4242877, 4620771, 80284, 83532, 
