##### HarrisMichaelLinkedListHE #####  


#### RUN 1 RESULT: ####

----- Benchmark=HarrisMichaelLinkedListHE   numElements=10000   numThreads=256   testLength=10s -----
Ops/sec = 4247630
memory_usage (Bytes) = 284702


###### MEDIAN RESULT FOR ALL 1 RUNS: ######

----- Benchmark=HarrisMichaelLinkedListHE   numElements=10000   numThreads=256   testLength=10s -----
Ops/sec = 4247630   delta = 0%   min = 4247630   max = 4247630
memory_usage = 284702   delta = 0%   min = 284702   max = 284702
##### HarrisLinkedListHE #####  


#### RUN 1 RESULT: ####

----- Benchmark=HarrisLinkedListHE   numElements=10000   numThreads=256   testLength=10s -----
Ops/sec = 4675857
memory_usage (Bytes) = 273194


###### MEDIAN RESULT FOR ALL 1 RUNS: ######

----- Benchmark=HarrisLinkedListHE   numElements=10000   numThreads=256   testLength=10s -----
Ops/sec = 4675857   delta = 0%   min = 4675857   max = 4675857
memory_usage = 273194   delta = 0%   min = 273194   max = 273194


FINAL RESULTS (FOR CHARTS):


Results in ops per second for numRuns=1,  length=10s 

Number of elements: 10000

Threads, HarrisMichaelLinkedListHE, HarrisLinkedListHE, HarrisMichaelLinkedListHE_Memory_Usage, HarrisLinkedListHE_Memory_Usage
256, 4247630, 4675857, 284702, 273194, 
