##### HarrisMichaelLinkedListHPO #####  


#### RUN 1 RESULT: ####

----- Benchmark=HarrisMichaelLinkedListHPO   numElements=512   numThreads=32   testLength=10s -----
Ops/sec = 10950833
memory_usage (Bytes) = 2016


###### MEDIAN RESULT FOR ALL 1 RUNS: ######

----- Benchmark=HarrisMichaelLinkedListHPO   numElements=512   numThreads=32   testLength=10s -----
Ops/sec = 10950833   delta = 0%   min = 10950833   max = 10950833
memory_usage = 2016   delta = 0%   min = 2016   max = 2016
##### HarrisLinkedListHPO #####  


#### RUN 1 RESULT: ####

----- Benchmark=HarrisLinkedListHPO   numElements=512   numThreads=32   testLength=10s -----
Ops/sec = 11965980
memory_usage (Bytes) = 2016


###### MEDIAN RESULT FOR ALL 1 RUNS: ######

----- Benchmark=HarrisLinkedListHPO   numElements=512   numThreads=32   testLength=10s -----
Ops/sec = 11965980   delta = 0%   min = 11965980   max = 11965980
memory_usage = 2016   delta = 0%   min = 2016   max = 2016


FINAL RESULTS (FOR CHARTS):


Results in ops per second for numRuns=1,  length=10s 

Number of elements: 512

Threads, HarrisMichaelLinkedListHPO, HarrisLinkedListHPO, HarrisMichaelLinkedListHPO_Memory_Usage, HarrisLinkedListHPO_Memory_Usage
32, 10950833, 11965980, 2016, 2016, 
