##### HarrisMichaelLinkedListHE #####  


#### RUN 1 RESULT: ####

----- Benchmark=HarrisMichaelLinkedListHE   numElements=512   numThreads=32   testLength=10s -----
Ops/sec = 11248832
memory_usage (Bytes) = 2441


###### MEDIAN RESULT FOR ALL 1 RUNS: ######

----- Benchmark=HarrisMichaelLinkedListHE   numElements=512   numThreads=32   testLength=10s -----
Ops/sec = 11248832   delta = 0%   min = 11248832   max = 11248832
memory_usage = 2441   delta = 0%   min = 2441   max = 2441
##### HarrisLinkedListHE #####  


#### RUN 1 RESULT: ####

----- Benchmark=HarrisLinkedListHE   numElements=512   numThreads=32   testLength=10s -----
Ops/sec = 12360282
memory_usage (Bytes) = 2436


###### MEDIAN RESULT FOR ALL 1 RUNS: ######

----- Benchmark=HarrisLinkedListHE   numElements=512   numThreads=32   testLength=10s -----
Ops/sec = 12360282   delta = 0%   min = 12360282   max = 12360282
memory_usage = 2436   delta = 0%   min = 2436   max = 2436


FINAL RESULTS (FOR CHARTS):


Results in ops per second for numRuns=1,  length=10s 

Number of elements: 512

Threads, HarrisMichaelLinkedListHE, HarrisLinkedListHE, HarrisMichaelLinkedListHE_Memory_Usage, HarrisLinkedListHE_Memory_Usage
32, 11248832, 12360282, 2441, 2436, 
