##### HarrisMichaelLinkedListHE #####  


#### RUN 1 RESULT: ####

----- Benchmark=HarrisMichaelLinkedListHE   numElements=512   numThreads=32   testLength=10s -----
Ops/sec = 12707345
memory_usage (Bytes) = 2445


###### MEDIAN RESULT FOR ALL 1 RUNS: ######

----- Benchmark=HarrisMichaelLinkedListHE   numElements=512   numThreads=32   testLength=10s -----
Ops/sec = 12707345   delta = 0%   min = 12707345   max = 12707345
memory_usage = 2445   delta = 0%   min = 2445   max = 2445
##### HarrisLinkedListHE #####  


#### RUN 1 RESULT: ####

----- Benchmark=HarrisLinkedListHE   numElements=512   numThreads=32   testLength=10s -----
Ops/sec = 12439908
memory_usage (Bytes) = 2437


###### MEDIAN RESULT FOR ALL 1 RUNS: ######

----- Benchmark=HarrisLinkedListHE   numElements=512   numThreads=32   testLength=10s -----
Ops/sec = 12439908   delta = 0%   min = 12439908   max = 12439908
memory_usage = 2437   delta = 0%   min = 2437   max = 2437


FINAL RESULTS (FOR CHARTS):


Results in ops per second for numRuns=1,  length=10s 

Number of elements: 512

Threads, HarrisMichaelLinkedListHE, HarrisLinkedListHE, HarrisMichaelLinkedListHE_Memory_Usage, HarrisLinkedListHE_Memory_Usage
32, 12707345, 12439908, 2445, 2437, 
