##### HarrisMichaelLinkedListHP #####  


#### RUN 1 RESULT: ####

----- Benchmark=HarrisMichaelLinkedListHP   numElements=512   numThreads=32   testLength=10s -----
Ops/sec = 13599490
memory_usage (Bytes) = 2016


###### MEDIAN RESULT FOR ALL 1 RUNS: ######

----- Benchmark=HarrisMichaelLinkedListHP   numElements=512   numThreads=32   testLength=10s -----
Ops/sec = 13599490   delta = 0%   min = 13599490   max = 13599490
memory_usage = 2016   delta = 0%   min = 2016   max = 2016
##### HarrisLinkedListHP #####  


#### RUN 1 RESULT: ####

----- Benchmark=HarrisLinkedListHP   numElements=512   numThreads=32   testLength=10s -----
Ops/sec = 15094214
memory_usage (Bytes) = 2016


###### MEDIAN RESULT FOR ALL 1 RUNS: ######

----- Benchmark=HarrisLinkedListHP   numElements=512   numThreads=32   testLength=10s -----
Ops/sec = 15094214   delta = 0%   min = 15094214   max = 15094214
memory_usage = 2016   delta = 0%   min = 2016   max = 2016


FINAL RESULTS (FOR CHARTS):


Results in ops per second for numRuns=1,  length=10s 

Number of elements: 512

Threads, HarrisMichaelLinkedListHP, HarrisLinkedListHP, HarrisMichaelLinkedListHP_Memory_Usage, HarrisLinkedListHP_Memory_Usage
32, 13599490, 15094214, 2016, 2016, 
