##### HarrisMichaelLinkedListIBR #####  


#### RUN 1 RESULT: ####

----- Benchmark=HarrisMichaelLinkedListIBR   numElements=512   numThreads=32   testLength=10s -----
Ops/sec = 13512264
memory_usage (Bytes) = 2244


###### MEDIAN RESULT FOR ALL 1 RUNS: ######

----- Benchmark=HarrisMichaelLinkedListIBR   numElements=512   numThreads=32   testLength=10s -----
Ops/sec = 13512264   delta = 0%   min = 13512264   max = 13512264
memory_usage = 2244   delta = 0%   min = 2244   max = 2244
##### HarrisLinkedListIBR #####  


#### RUN 1 RESULT: ####

----- Benchmark=HarrisLinkedListIBR   numElements=512   numThreads=32   testLength=10s -----
Ops/sec = 14689721
memory_usage (Bytes) = 2240


###### MEDIAN RESULT FOR ALL 1 RUNS: ######

----- Benchmark=HarrisLinkedListIBR   numElements=512   numThreads=32   testLength=10s -----
Ops/sec = 14689721   delta = 0%   min = 14689721   max = 14689721
memory_usage = 2240   delta = 0%   min = 2240   max = 2240


FINAL RESULTS (FOR CHARTS):


Results in ops per second for numRuns=1,  length=10s 

Number of elements: 512

Threads, HarrisMichaelLinkedListIBR, HarrisLinkedListIBR, HarrisMichaelLinkedListIBR_Memory_Usage, HarrisLinkedListIBR_Memory_Usage
32, 13512264, 14689721, 2244, 2240, 
