##### HarrisMichaelLinkedListIBR #####  


#### RUN 1 RESULT: ####

----- Benchmark=HarrisMichaelLinkedListIBR   numElements=512   numThreads=32   testLength=10s -----
Ops/sec = 13608370
memory_usage (Bytes) = 2244


###### MEDIAN RESULT FOR ALL 1 RUNS: ######

----- Benchmark=HarrisMichaelLinkedListIBR   numElements=512   numThreads=32   testLength=10s -----
Ops/sec = 13608370   delta = 0%   min = 13608370   max = 13608370
memory_usage = 2244   delta = 0%   min = 2244   max = 2244
##### HarrisLinkedListIBR #####  


#### RUN 1 RESULT: ####

----- Benchmark=HarrisLinkedListIBR   numElements=512   numThreads=32   testLength=10s -----
Ops/sec = 14866346
memory_usage (Bytes) = 2242


###### MEDIAN RESULT FOR ALL 1 RUNS: ######

----- Benchmark=HarrisLinkedListIBR   numElements=512   numThreads=32   testLength=10s -----
Ops/sec = 14866346   delta = 0%   min = 14866346   max = 14866346
memory_usage = 2242   delta = 0%   min = 2242   max = 2242


FINAL RESULTS (FOR CHARTS):


Results in ops per second for numRuns=1,  length=10s 

Number of elements: 512

Threads, HarrisMichaelLinkedListIBR, HarrisLinkedListIBR, HarrisMichaelLinkedListIBR_Memory_Usage, HarrisLinkedListIBR_Memory_Usage
32, 13608370, 14866346, 2244, 2242, 
