##### HarrisMichaelLinkedListIBR #####  


#### RUN 1 RESULT: ####

----- Benchmark=HarrisMichaelLinkedListIBR   numElements=10000   numThreads=32   testLength=10s -----
Ops/sec = 1082869
memory_usage (Bytes) = 2261


###### MEDIAN RESULT FOR ALL 1 RUNS: ######

----- Benchmark=HarrisMichaelLinkedListIBR   numElements=10000   numThreads=32   testLength=10s -----
Ops/sec = 1082869   delta = 0%   min = 1082869   max = 1082869
memory_usage = 2261   delta = 0%   min = 2261   max = 2261
##### HarrisLinkedListIBR #####  


#### RUN 1 RESULT: ####

----- Benchmark=HarrisLinkedListIBR   numElements=10000   numThreads=32   testLength=10s -----
Ops/sec = 1112881
memory_usage (Bytes) = 2269


###### MEDIAN RESULT FOR ALL 1 RUNS: ######

----- Benchmark=HarrisLinkedListIBR   numElements=10000   numThreads=32   testLength=10s -----
Ops/sec = 1112881   delta = 0%   min = 1112881   max = 1112881
memory_usage = 2269   delta = 0%   min = 2269   max = 2269


FINAL RESULTS (FOR CHARTS):


Results in ops per second for numRuns=1,  length=10s 

Number of elements: 10000

Threads, HarrisMichaelLinkedListIBR, HarrisLinkedListIBR, HarrisMichaelLinkedListIBR_Memory_Usage, HarrisLinkedListIBR_Memory_Usage
32, 1082869, 1112881, 2261, 2269, 
