##### HarrisMichaelLinkedListHE #####  


#### RUN 1 RESULT: ####

----- Benchmark=HarrisMichaelLinkedListHE   numElements=10000   numThreads=32   testLength=10s -----
Ops/sec = 953008
memory_usage (Bytes) = 2640


###### MEDIAN RESULT FOR ALL 1 RUNS: ######

----- Benchmark=HarrisMichaelLinkedListHE   numElements=10000   numThreads=32   testLength=10s -----
Ops/sec = 953008   delta = 0%   min = 953008   max = 953008
memory_usage = 2640   delta = 0%   min = 2640   max = 2640
##### HarrisLinkedListHE #####  


#### RUN 1 RESULT: ####

----- Benchmark=HarrisLinkedListHE   numElements=10000   numThreads=32   testLength=10s -----
Ops/sec = 953935
memory_usage (Bytes) = 2689


###### MEDIAN RESULT FOR ALL 1 RUNS: ######

----- Benchmark=HarrisLinkedListHE   numElements=10000   numThreads=32   testLength=10s -----
Ops/sec = 953935   delta = 0%   min = 953935   max = 953935
memory_usage = 2689   delta = 0%   min = 2689   max = 2689


FINAL RESULTS (FOR CHARTS):


Results in ops per second for numRuns=1,  length=10s 

Number of elements: 10000

Threads, HarrisMichaelLinkedListHE, HarrisLinkedListHE, HarrisMichaelLinkedListHE_Memory_Usage, HarrisLinkedListHE_Memory_Usage
32, 953008, 953935, 2640, 2689, 
