##### HarrisMichaelLinkedListEBR #####  


#### RUN 1 RESULT: ####

----- Benchmark=HarrisMichaelLinkedListEBR   numElements=10000   numThreads=32   testLength=10s -----
Ops/sec = 1026884
memory_usage (Bytes) = 2477


###### MEDIAN RESULT FOR ALL 1 RUNS: ######

----- Benchmark=HarrisMichaelLinkedListEBR   numElements=10000   numThreads=32   testLength=10s -----
Ops/sec = 1026884   delta = 0%   min = 1026884   max = 1026884
memory_usage = 2477   delta = 0%   min = 2477   max = 2477
##### HarrisLinkedListEBR #####  


#### RUN 1 RESULT: ####

----- Benchmark=HarrisLinkedListEBR   numElements=10000   numThreads=32   testLength=10s -----
Ops/sec = 1104092
memory_usage (Bytes) = 2408


###### MEDIAN RESULT FOR ALL 1 RUNS: ######

----- Benchmark=HarrisLinkedListEBR   numElements=10000   numThreads=32   testLength=10s -----
Ops/sec = 1104092   delta = 0%   min = 1104092   max = 1104092
memory_usage = 2408   delta = 0%   min = 2408   max = 2408


FINAL RESULTS (FOR CHARTS):


Results in ops per second for numRuns=1,  length=10s 

Number of elements: 10000

Threads, HarrisMichaelLinkedListEBR, HarrisLinkedListEBR, HarrisMichaelLinkedListEBR_Memory_Usage, HarrisLinkedListEBR_Memory_Usage
32, 1026884, 1104092, 2477, 2408, 
