##### HarrisMichaelLinkedListNR #####  


#### RUN 1 RESULT: ####

----- Benchmark=HarrisMichaelLinkedListNR   numElements=10000   numThreads=32   testLength=10s -----
Ops/sec = 1434301
memory_usage (Bytes) = 0


###### MEDIAN RESULT FOR ALL 1 RUNS: ######

----- Benchmark=HarrisMichaelLinkedListNR   numElements=10000   numThreads=32   testLength=10s -----
Ops/sec = 1434301   delta = 0%   min = 1434301   max = 1434301
memory_usage = 0   delta = 0%   min = 0   max = 0
##### HarrisLinkedListNR #####  


#### RUN 1 RESULT: ####

----- Benchmark=HarrisLinkedListNR   numElements=10000   numThreads=32   testLength=10s -----
Ops/sec = 1535297
memory_usage (Bytes) = 0


###### MEDIAN RESULT FOR ALL 1 RUNS: ######

----- Benchmark=HarrisLinkedListNR   numElements=10000   numThreads=32   testLength=10s -----
Ops/sec = 1535297   delta = 0%   min = 1535297   max = 1535297
memory_usage = 0   delta = 0%   min = 0   max = 0


FINAL RESULTS (FOR CHARTS):


Results in ops per second for numRuns=1,  length=10s 

Number of elements: 10000

Threads, HarrisMichaelLinkedListNR, HarrisLinkedListNR
32, 1434301, 1535297, 0, 0, 
