##### HarrisMichaelLinkedListIBR #####  


#### RUN 1 RESULT: ####

----- Benchmark=HarrisMichaelLinkedListIBR   numElements=10000   numThreads=32   testLength=10s -----
Ops/sec = 1083842
memory_usage (Bytes) = 2270


###### MEDIAN RESULT FOR ALL 1 RUNS: ######

----- Benchmark=HarrisMichaelLinkedListIBR   numElements=10000   numThreads=32   testLength=10s -----
Ops/sec = 1083842   delta = 0%   min = 1083842   max = 1083842
memory_usage = 2270   delta = 0%   min = 2270   max = 2270
##### HarrisLinkedListIBR #####  


#### RUN 1 RESULT: ####

----- Benchmark=HarrisLinkedListIBR   numElements=10000   numThreads=32   testLength=10s -----
Ops/sec = 1112867
memory_usage (Bytes) = 2259


###### MEDIAN RESULT FOR ALL 1 RUNS: ######

----- Benchmark=HarrisLinkedListIBR   numElements=10000   numThreads=32   testLength=10s -----
Ops/sec = 1112867   delta = 0%   min = 1112867   max = 1112867
memory_usage = 2259   delta = 0%   min = 2259   max = 2259


FINAL RESULTS (FOR CHARTS):


Results in ops per second for numRuns=1,  length=10s 

Number of elements: 10000

Threads, HarrisMichaelLinkedListIBR, HarrisLinkedListIBR, HarrisMichaelLinkedListIBR_Memory_Usage, HarrisLinkedListIBR_Memory_Usage
32, 1083842, 1112867, 2270, 2259, 
