##### HarrisMichaelLinkedListHE #####  


#### RUN 1 RESULT: ####

----- Benchmark=HarrisMichaelLinkedListHE   numElements=512   numThreads=32   testLength=10s -----
Ops/sec = 11540799
memory_usage (Bytes) = 2442


###### MEDIAN RESULT FOR ALL 1 RUNS: ######

----- Benchmark=HarrisMichaelLinkedListHE   numElements=512   numThreads=32   testLength=10s -----
Ops/sec = 11540799   delta = 0%   min = 11540799   max = 11540799
memory_usage = 2442   delta = 0%   min = 2442   max = 2442
##### HarrisLinkedListHE #####  


#### RUN 1 RESULT: ####

----- Benchmark=HarrisLinkedListHE   numElements=512   numThreads=32   testLength=10s -----
Ops/sec = 12475065
memory_usage (Bytes) = 2449


###### MEDIAN RESULT FOR ALL 1 RUNS: ######

----- Benchmark=HarrisLinkedListHE   numElements=512   numThreads=32   testLength=10s -----
Ops/sec = 12475065   delta = 0%   min = 12475065   max = 12475065
memory_usage = 2449   delta = 0%   min = 2449   max = 2449


FINAL RESULTS (FOR CHARTS):


Results in ops per second for numRuns=1,  length=10s 

Number of elements: 512

Threads, HarrisMichaelLinkedListHE, HarrisLinkedListHE, HarrisMichaelLinkedListHE_Memory_Usage, HarrisLinkedListHE_Memory_Usage
32, 11540799, 12475065, 2442, 2449, 
