##### HarrisMichaelLinkedListHE #####  


#### RUN 1 RESULT: ####

----- Benchmark=HarrisMichaelLinkedListHE   numElements=10000   numThreads=32   testLength=10s -----
Ops/sec = 941100
memory_usage (Bytes) = 2582


###### MEDIAN RESULT FOR ALL 1 RUNS: ######

----- Benchmark=HarrisMichaelLinkedListHE   numElements=10000   numThreads=32   testLength=10s -----
Ops/sec = 941100   delta = 0%   min = 941100   max = 941100
memory_usage = 2582   delta = 0%   min = 2582   max = 2582
##### HarrisLinkedListHE #####  


#### RUN 1 RESULT: ####

----- Benchmark=HarrisLinkedListHE   numElements=10000   numThreads=32   testLength=10s -----
Ops/sec = 927087
memory_usage (Bytes) = 2634


###### MEDIAN RESULT FOR ALL 1 RUNS: ######

----- Benchmark=HarrisLinkedListHE   numElements=10000   numThreads=32   testLength=10s -----
Ops/sec = 927087   delta = 0%   min = 927087   max = 927087
memory_usage = 2634   delta = 0%   min = 2634   max = 2634


FINAL RESULTS (FOR CHARTS):


Results in ops per second for numRuns=1,  length=10s 

Number of elements: 10000

Threads, HarrisMichaelLinkedListHE, HarrisLinkedListHE, HarrisMichaelLinkedListHE_Memory_Usage, HarrisLinkedListHE_Memory_Usage
32, 941100, 927087, 2582, 2634, 
