##### HarrisMichaelLinkedListHE #####  


#### RUN 1 RESULT: ####

----- Benchmark=HarrisMichaelLinkedListHE   numElements=512   numThreads=32   testLength=10s -----
Ops/sec = 11670104
memory_usage (Bytes) = 2434


###### MEDIAN RESULT FOR ALL 1 RUNS: ######

----- Benchmark=HarrisMichaelLinkedListHE   numElements=512   numThreads=32   testLength=10s -----
Ops/sec = 11670104   delta = 0%   min = 11670104   max = 11670104
memory_usage = 2434   delta = 0%   min = 2434   max = 2434
##### HarrisLinkedListHE #####  


#### RUN 1 RESULT: ####

----- Benchmark=HarrisLinkedListHE   numElements=512   numThreads=32   testLength=10s -----
Ops/sec = 12337320
memory_usage (Bytes) = 2454


###### MEDIAN RESULT FOR ALL 1 RUNS: ######

----- Benchmark=HarrisLinkedListHE   numElements=512   numThreads=32   testLength=10s -----
Ops/sec = 12337320   delta = 0%   min = 12337320   max = 12337320
memory_usage = 2454   delta = 0%   min = 2454   max = 2454


FINAL RESULTS (FOR CHARTS):


Results in ops per second for numRuns=1,  length=10s 

Number of elements: 512

Threads, HarrisMichaelLinkedListHE, HarrisLinkedListHE, HarrisMichaelLinkedListHE_Memory_Usage, HarrisLinkedListHE_Memory_Usage
32, 11670104, 12337320, 2434, 2454, 
