##### HarrisMichaelLinkedListEBR #####  


#### RUN 1 RESULT: ####

----- Benchmark=HarrisMichaelLinkedListEBR   numElements=10000   numThreads=32   testLength=10s -----
Ops/sec = 1060957
memory_usage (Bytes) = 2309


###### MEDIAN RESULT FOR ALL 1 RUNS: ######

----- Benchmark=HarrisMichaelLinkedListEBR   numElements=10000   numThreads=32   testLength=10s -----
Ops/sec = 1060957   delta = 0%   min = 1060957   max = 1060957
memory_usage = 2309   delta = 0%   min = 2309   max = 2309
##### HarrisLinkedListEBR #####  


#### RUN 1 RESULT: ####

----- Benchmark=HarrisLinkedListEBR   numElements=10000   numThreads=32   testLength=10s -----
Ops/sec = 1062642
memory_usage (Bytes) = 2497


###### MEDIAN RESULT FOR ALL 1 RUNS: ######

----- Benchmark=HarrisLinkedListEBR   numElements=10000   numThreads=32   testLength=10s -----
Ops/sec = 1062642   delta = 0%   min = 1062642   max = 1062642
memory_usage = 2497   delta = 0%   min = 2497   max = 2497


FINAL RESULTS (FOR CHARTS):


Results in ops per second for numRuns=1,  length=10s 

Number of elements: 10000

Threads, HarrisMichaelLinkedListEBR, HarrisLinkedListEBR, HarrisMichaelLinkedListEBR_Memory_Usage, HarrisLinkedListEBR_Memory_Usage
32, 1060957, 1062642, 2309, 2497, 
