##### HarrisMichaelLinkedListIBR #####  


#### RUN 1 RESULT: ####

----- Benchmark=HarrisMichaelLinkedListIBR   numElements=512   numThreads=32   testLength=10s -----
Ops/sec = 13569301
memory_usage (Bytes) = 2243


###### MEDIAN RESULT FOR ALL 1 RUNS: ######

----- Benchmark=HarrisMichaelLinkedListIBR   numElements=512   numThreads=32   testLength=10s -----
Ops/sec = 13569301   delta = 0%   min = 13569301   max = 13569301
memory_usage = 2243   delta = 0%   min = 2243   max = 2243
##### HarrisLinkedListIBR #####  


#### RUN 1 RESULT: ####

----- Benchmark=HarrisLinkedListIBR   numElements=512   numThreads=32   testLength=10s -----
Ops/sec = 14888904
memory_usage (Bytes) = 2240


###### MEDIAN RESULT FOR ALL 1 RUNS: ######

----- Benchmark=HarrisLinkedListIBR   numElements=512   numThreads=32   testLength=10s -----
Ops/sec = 14888904   delta = 0%   min = 14888904   max = 14888904
memory_usage = 2240   delta = 0%   min = 2240   max = 2240


FINAL RESULTS (FOR CHARTS):


Results in ops per second for numRuns=1,  length=10s 

Number of elements: 512

Threads, HarrisMichaelLinkedListIBR, HarrisLinkedListIBR, HarrisMichaelLinkedListIBR_Memory_Usage, HarrisLinkedListIBR_Memory_Usage
32, 13569301, 14888904, 2243, 2240, 
