##### HarrisMichaelLinkedListHE #####  


#### RUN 1 RESULT: ####

----- Benchmark=HarrisMichaelLinkedListHE   numElements=10000   numThreads=32   testLength=10s -----
Ops/sec = 952734
memory_usage (Bytes) = 2603


###### MEDIAN RESULT FOR ALL 1 RUNS: ######

----- Benchmark=HarrisMichaelLinkedListHE   numElements=10000   numThreads=32   testLength=10s -----
Ops/sec = 952734   delta = 0%   min = 952734   max = 952734
memory_usage = 2603   delta = 0%   min = 2603   max = 2603
##### HarrisLinkedListHE #####  


#### RUN 1 RESULT: ####

----- Benchmark=HarrisLinkedListHE   numElements=10000   numThreads=32   testLength=10s -----
Ops/sec = 931239
memory_usage (Bytes) = 2707


###### MEDIAN RESULT FOR ALL 1 RUNS: ######

----- Benchmark=HarrisLinkedListHE   numElements=10000   numThreads=32   testLength=10s -----
Ops/sec = 931239   delta = 0%   min = 931239   max = 931239
memory_usage = 2707   delta = 0%   min = 2707   max = 2707


FINAL RESULTS (FOR CHARTS):


Results in ops per second for numRuns=1,  length=10s 

Number of elements: 10000

Threads, HarrisMichaelLinkedListHE, HarrisLinkedListHE, HarrisMichaelLinkedListHE_Memory_Usage, HarrisLinkedListHE_Memory_Usage
32, 952734, 931239, 2603, 2707, 
