##### HarrisMichaelLinkedListHPO #####  


#### RUN 1 RESULT: ####

----- Benchmark=HarrisMichaelLinkedListHPO   numElements=10000   numThreads=384   testLength=10s -----
Ops/sec = 3739555
memory_usage (Bytes) = 24200


###### MEDIAN RESULT FOR ALL 1 RUNS: ######

----- Benchmark=HarrisMichaelLinkedListHPO   numElements=10000   numThreads=384   testLength=10s -----
Ops/sec = 3739555   delta = 0%   min = 3739555   max = 3739555
memory_usage = 24200   delta = 0%   min = 24200   max = 24200
##### HarrisLinkedListHPO #####  


#### RUN 1 RESULT: ####

----- Benchmark=HarrisLinkedListHPO   numElements=10000   numThreads=384   testLength=10s -----
Ops/sec = 4009944
memory_usage (Bytes) = 24199


###### MEDIAN RESULT FOR ALL 1 RUNS: ######

----- Benchmark=HarrisLinkedListHPO   numElements=10000   numThreads=384   testLength=10s -----
Ops/sec = 4009944   delta = 0%   min = 4009944   max = 4009944
memory_usage = 24199   delta = 0%   min = 24199   max = 24199


FINAL RESULTS (FOR CHARTS):


Results in ops per second for numRuns=1,  length=10s 

Number of elements: 10000

Threads, HarrisMichaelLinkedListHPO, HarrisLinkedListHPO, HarrisMichaelLinkedListHPO_Memory_Usage, HarrisLinkedListHPO_Memory_Usage
384, 3739555, 4009944, 24200, 24199, 
