##### HarrisMichaelLinkedListHP #####  


#### RUN 1 RESULT: ####

----- Benchmark=HarrisMichaelLinkedListHP   numElements=10000   numThreads=384   testLength=10s -----
Ops/sec = 3900602
memory_usage (Bytes) = 24208


###### MEDIAN RESULT FOR ALL 1 RUNS: ######

----- Benchmark=HarrisMichaelLinkedListHP   numElements=10000   numThreads=384   testLength=10s -----
Ops/sec = 3900602   delta = 0%   min = 3900602   max = 3900602
memory_usage = 24208   delta = 0%   min = 24208   max = 24208
##### HarrisLinkedListHP #####  


#### RUN 1 RESULT: ####

----- Benchmark=HarrisLinkedListHP   numElements=10000   numThreads=384   testLength=10s -----
Ops/sec = 4200629
memory_usage (Bytes) = 24205


###### MEDIAN RESULT FOR ALL 1 RUNS: ######

----- Benchmark=HarrisLinkedListHP   numElements=10000   numThreads=384   testLength=10s -----
Ops/sec = 4200629   delta = 0%   min = 4200629   max = 4200629
memory_usage = 24205   delta = 0%   min = 24205   max = 24205


FINAL RESULTS (FOR CHARTS):


Results in ops per second for numRuns=1,  length=10s 

Number of elements: 10000

Threads, HarrisMichaelLinkedListHP, HarrisLinkedListHP, HarrisMichaelLinkedListHP_Memory_Usage, HarrisLinkedListHP_Memory_Usage
384, 3900602, 4200629, 24208, 24205, 
