##### HarrisMichaelLinkedListHE #####  


#### RUN 1 RESULT: ####

----- Benchmark=HarrisMichaelLinkedListHE   numElements=512   numThreads=384   testLength=10s -----
Ops/sec = 31221360
memory_usage (Bytes) = 75482


###### MEDIAN RESULT FOR ALL 1 RUNS: ######

----- Benchmark=HarrisMichaelLinkedListHE   numElements=512   numThreads=384   testLength=10s -----
Ops/sec = 31221360   delta = 0%   min = 31221360   max = 31221360
memory_usage = 75482   delta = 0%   min = 75482   max = 75482
##### HarrisLinkedListHE #####  


#### RUN 1 RESULT: ####

----- Benchmark=HarrisLinkedListHE   numElements=512   numThreads=384   testLength=10s -----
Ops/sec = 46399474
memory_usage (Bytes) = 80680


###### MEDIAN RESULT FOR ALL 1 RUNS: ######

----- Benchmark=HarrisLinkedListHE   numElements=512   numThreads=384   testLength=10s -----
Ops/sec = 46399474   delta = 0%   min = 46399474   max = 46399474
memory_usage = 80680   delta = 0%   min = 80680   max = 80680


FINAL RESULTS (FOR CHARTS):


Results in ops per second for numRuns=1,  length=10s 

Number of elements: 512

Threads, HarrisMichaelLinkedListHE, HarrisLinkedListHE, HarrisMichaelLinkedListHE_Memory_Usage, HarrisLinkedListHE_Memory_Usage
384, 31221360, 46399474, 75482, 80680, 
