##### HarrisMichaelLinkedListHE #####  


#### RUN 1 RESULT: ####

----- Benchmark=HarrisMichaelLinkedListHE   numElements=10000   numThreads=384   testLength=10s -----
Ops/sec = 4519984
memory_usage (Bytes) = 150905


###### MEDIAN RESULT FOR ALL 1 RUNS: ######

----- Benchmark=HarrisMichaelLinkedListHE   numElements=10000   numThreads=384   testLength=10s -----
Ops/sec = 4519984   delta = 0%   min = 4519984   max = 4519984
memory_usage = 150905   delta = 0%   min = 150905   max = 150905
##### HarrisLinkedListHE #####  


#### RUN 1 RESULT: ####

----- Benchmark=HarrisLinkedListHE   numElements=10000   numThreads=384   testLength=10s -----
Ops/sec = 4682501
memory_usage (Bytes) = 152876


###### MEDIAN RESULT FOR ALL 1 RUNS: ######

----- Benchmark=HarrisLinkedListHE   numElements=10000   numThreads=384   testLength=10s -----
Ops/sec = 4682501   delta = 0%   min = 4682501   max = 4682501
memory_usage = 152876   delta = 0%   min = 152876   max = 152876


FINAL RESULTS (FOR CHARTS):


Results in ops per second for numRuns=1,  length=10s 

Number of elements: 10000

Threads, HarrisMichaelLinkedListHE, HarrisLinkedListHE, HarrisMichaelLinkedListHE_Memory_Usage, HarrisLinkedListHE_Memory_Usage
384, 4519984, 4682501, 150905, 152876, 
