##### HarrisMichaelLinkedListHP #####  


#### RUN 1 RESULT: ####

----- Benchmark=HarrisMichaelLinkedListHP   numElements=10000   numThreads=384   testLength=10s -----
Ops/sec = 3901780
memory_usage (Bytes) = 24206


###### MEDIAN RESULT FOR ALL 1 RUNS: ######

----- Benchmark=HarrisMichaelLinkedListHP   numElements=10000   numThreads=384   testLength=10s -----
Ops/sec = 3901780   delta = 0%   min = 3901780   max = 3901780
memory_usage = 24206   delta = 0%   min = 24206   max = 24206
##### HarrisLinkedListHP #####  


#### RUN 1 RESULT: ####

----- Benchmark=HarrisLinkedListHP   numElements=10000   numThreads=384   testLength=10s -----
Ops/sec = 4202425
memory_usage (Bytes) = 24205


###### MEDIAN RESULT FOR ALL 1 RUNS: ######

----- Benchmark=HarrisLinkedListHP   numElements=10000   numThreads=384   testLength=10s -----
Ops/sec = 4202425   delta = 0%   min = 4202425   max = 4202425
memory_usage = 24205   delta = 0%   min = 24205   max = 24205


FINAL RESULTS (FOR CHARTS):


Results in ops per second for numRuns=1,  length=10s 

Number of elements: 10000

Threads, HarrisMichaelLinkedListHP, HarrisLinkedListHP, HarrisMichaelLinkedListHP_Memory_Usage, HarrisLinkedListHP_Memory_Usage
384, 3901780, 4202425, 24206, 24205, 
