##### HarrisMichaelLinkedListHE #####  


#### RUN 1 RESULT: ####

----- Benchmark=HarrisMichaelLinkedListHE   numElements=10000   numThreads=384   testLength=10s -----
Ops/sec = 4428312
memory_usage (Bytes) = 152775


###### MEDIAN RESULT FOR ALL 1 RUNS: ######

----- Benchmark=HarrisMichaelLinkedListHE   numElements=10000   numThreads=384   testLength=10s -----
Ops/sec = 4428312   delta = 0%   min = 4428312   max = 4428312
memory_usage = 152775   delta = 0%   min = 152775   max = 152775
##### HarrisLinkedListHE #####  


#### RUN 1 RESULT: ####

----- Benchmark=HarrisLinkedListHE   numElements=10000   numThreads=384   testLength=10s -----
Ops/sec = 4754653
memory_usage (Bytes) = 147351


###### MEDIAN RESULT FOR ALL 1 RUNS: ######

----- Benchmark=HarrisLinkedListHE   numElements=10000   numThreads=384   testLength=10s -----
Ops/sec = 4754653   delta = 0%   min = 4754653   max = 4754653
memory_usage = 147351   delta = 0%   min = 147351   max = 147351


FINAL RESULTS (FOR CHARTS):


Results in ops per second for numRuns=1,  length=10s 

Number of elements: 10000

Threads, HarrisMichaelLinkedListHE, HarrisLinkedListHE, HarrisMichaelLinkedListHE_Memory_Usage, HarrisLinkedListHE_Memory_Usage
384, 4428312, 4754653, 152775, 147351, 
