##### HarrisMichaelLinkedListHPO #####  


#### RUN 1 RESULT: ####

----- Benchmark=HarrisMichaelLinkedListHPO   numElements=512   numThreads=384   testLength=10s -----
Ops/sec = 20239232
memory_usage (Bytes) = 24193


###### MEDIAN RESULT FOR ALL 1 RUNS: ######

----- Benchmark=HarrisMichaelLinkedListHPO   numElements=512   numThreads=384   testLength=10s -----
Ops/sec = 20239232   delta = 0%   min = 20239232   max = 20239232
memory_usage = 24193   delta = 0%   min = 24193   max = 24193
##### HarrisLinkedListHPO #####  


#### RUN 1 RESULT: ####

----- Benchmark=HarrisLinkedListHPO   numElements=512   numThreads=384   testLength=10s -----
Ops/sec = 26073622
memory_usage (Bytes) = 24222


###### MEDIAN RESULT FOR ALL 1 RUNS: ######

----- Benchmark=HarrisLinkedListHPO   numElements=512   numThreads=384   testLength=10s -----
Ops/sec = 26073622   delta = 0%   min = 26073622   max = 26073622
memory_usage = 24222   delta = 0%   min = 24222   max = 24222


FINAL RESULTS (FOR CHARTS):


Results in ops per second for numRuns=1,  length=10s 

Number of elements: 512

Threads, HarrisMichaelLinkedListHPO, HarrisLinkedListHPO, HarrisMichaelLinkedListHPO_Memory_Usage, HarrisLinkedListHPO_Memory_Usage
384, 20239232, 26073622, 24193, 24222, 
