##### HarrisMichaelLinkedListHE #####  


#### RUN 1 RESULT: ####

----- Benchmark=HarrisMichaelLinkedListHE   numElements=10000   numThreads=384   testLength=10s -----
Ops/sec = 4401237
memory_usage (Bytes) = 155152


###### MEDIAN RESULT FOR ALL 1 RUNS: ######

----- Benchmark=HarrisMichaelLinkedListHE   numElements=10000   numThreads=384   testLength=10s -----
Ops/sec = 4401237   delta = 0%   min = 4401237   max = 4401237
memory_usage = 155152   delta = 0%   min = 155152   max = 155152
##### HarrisLinkedListHE #####  


#### RUN 1 RESULT: ####

----- Benchmark=HarrisLinkedListHE   numElements=10000   numThreads=384   testLength=10s -----
Ops/sec = 4807006
memory_usage (Bytes) = 148640


###### MEDIAN RESULT FOR ALL 1 RUNS: ######

----- Benchmark=HarrisLinkedListHE   numElements=10000   numThreads=384   testLength=10s -----
Ops/sec = 4807006   delta = 0%   min = 4807006   max = 4807006
memory_usage = 148640   delta = 0%   min = 148640   max = 148640


FINAL RESULTS (FOR CHARTS):


Results in ops per second for numRuns=1,  length=10s 

Number of elements: 10000

Threads, HarrisMichaelLinkedListHE, HarrisLinkedListHE, HarrisMichaelLinkedListHE_Memory_Usage, HarrisLinkedListHE_Memory_Usage
384, 4401237, 4807006, 155152, 148640, 
