##### HarrisMichaelLinkedListHP #####  


#### RUN 1 RESULT: ####

----- Benchmark=HarrisMichaelLinkedListHP   numElements=512   numThreads=384   testLength=10s -----
Ops/sec = 26686932
memory_usage (Bytes) = 24570


###### MEDIAN RESULT FOR ALL 1 RUNS: ######

----- Benchmark=HarrisMichaelLinkedListHP   numElements=512   numThreads=384   testLength=10s -----
Ops/sec = 26686932   delta = 0%   min = 26686932   max = 26686932
memory_usage = 24570   delta = 0%   min = 24570   max = 24570
##### HarrisLinkedListHP #####  


#### RUN 1 RESULT: ####

----- Benchmark=HarrisLinkedListHP   numElements=512   numThreads=384   testLength=10s -----
Ops/sec = 40951405
memory_usage (Bytes) = 24576


###### MEDIAN RESULT FOR ALL 1 RUNS: ######

----- Benchmark=HarrisLinkedListHP   numElements=512   numThreads=384   testLength=10s -----
Ops/sec = 40951405   delta = 0%   min = 40951405   max = 40951405
memory_usage = 24576   delta = 0%   min = 24576   max = 24576


FINAL RESULTS (FOR CHARTS):


Results in ops per second for numRuns=1,  length=10s 

Number of elements: 512

Threads, HarrisMichaelLinkedListHP, HarrisLinkedListHP, HarrisMichaelLinkedListHP_Memory_Usage, HarrisLinkedListHP_Memory_Usage
384, 26686932, 40951405, 24570, 24576, 
