##### HarrisMichaelLinkedListEBR #####  


#### RUN 1 RESULT: ####

----- Benchmark=HarrisMichaelLinkedListEBR   numElements=512   numThreads=384   testLength=10s -----
Ops/sec = 32002325
memory_usage (Bytes) = 75449


###### MEDIAN RESULT FOR ALL 1 RUNS: ######

----- Benchmark=HarrisMichaelLinkedListEBR   numElements=512   numThreads=384   testLength=10s -----
Ops/sec = 32002325   delta = 0%   min = 32002325   max = 32002325
memory_usage = 75449   delta = 0%   min = 75449   max = 75449
##### HarrisLinkedListEBR #####  


#### RUN 1 RESULT: ####

----- Benchmark=HarrisLinkedListEBR   numElements=512   numThreads=384   testLength=10s -----
Ops/sec = 48623106
memory_usage (Bytes) = 79958


###### MEDIAN RESULT FOR ALL 1 RUNS: ######

----- Benchmark=HarrisLinkedListEBR   numElements=512   numThreads=384   testLength=10s -----
Ops/sec = 48623106   delta = 0%   min = 48623106   max = 48623106
memory_usage = 79958   delta = 0%   min = 79958   max = 79958


FINAL RESULTS (FOR CHARTS):


Results in ops per second for numRuns=1,  length=10s 

Number of elements: 512

Threads, HarrisMichaelLinkedListEBR, HarrisLinkedListEBR, HarrisMichaelLinkedListEBR_Memory_Usage, HarrisLinkedListEBR_Memory_Usage
384, 32002325, 48623106, 75449, 79958, 
