##### HarrisMichaelLinkedListHPO #####  


#### RUN 1 RESULT: ####

----- Benchmark=HarrisMichaelLinkedListHPO   numElements=512   numThreads=384   testLength=10s -----
Ops/sec = 20264442
memory_usage (Bytes) = 24193


###### MEDIAN RESULT FOR ALL 1 RUNS: ######

----- Benchmark=HarrisMichaelLinkedListHPO   numElements=512   numThreads=384   testLength=10s -----
Ops/sec = 20264442   delta = 0%   min = 20264442   max = 20264442
memory_usage = 24193   delta = 0%   min = 24193   max = 24193
##### HarrisLinkedListHPO #####  


#### RUN 1 RESULT: ####

----- Benchmark=HarrisLinkedListHPO   numElements=512   numThreads=384   testLength=10s -----
Ops/sec = 26082372
memory_usage (Bytes) = 24204


###### MEDIAN RESULT FOR ALL 1 RUNS: ######

----- Benchmark=HarrisLinkedListHPO   numElements=512   numThreads=384   testLength=10s -----
Ops/sec = 26082372   delta = 0%   min = 26082372   max = 26082372
memory_usage = 24204   delta = 0%   min = 24204   max = 24204


FINAL RESULTS (FOR CHARTS):


Results in ops per second for numRuns=1,  length=10s 

Number of elements: 512

Threads, HarrisMichaelLinkedListHPO, HarrisLinkedListHPO, HarrisMichaelLinkedListHPO_Memory_Usage, HarrisLinkedListHPO_Memory_Usage
384, 20264442, 26082372, 24193, 24204, 
