##### HarrisMichaelLinkedListHP #####  


#### RUN 1 RESULT: ####

----- Benchmark=HarrisMichaelLinkedListHP   numElements=512   numThreads=384   testLength=10s -----
Ops/sec = 26615337
memory_usage (Bytes) = 24572


###### MEDIAN RESULT FOR ALL 1 RUNS: ######

----- Benchmark=HarrisMichaelLinkedListHP   numElements=512   numThreads=384   testLength=10s -----
Ops/sec = 26615337   delta = 0%   min = 26615337   max = 26615337
memory_usage = 24572   delta = 0%   min = 24572   max = 24572
##### HarrisLinkedListHP #####  


#### RUN 1 RESULT: ####

----- Benchmark=HarrisLinkedListHP   numElements=512   numThreads=384   testLength=10s -----
Ops/sec = 40964447
memory_usage (Bytes) = 24576


###### MEDIAN RESULT FOR ALL 1 RUNS: ######

----- Benchmark=HarrisLinkedListHP   numElements=512   numThreads=384   testLength=10s -----
Ops/sec = 40964447   delta = 0%   min = 40964447   max = 40964447
memory_usage = 24576   delta = 0%   min = 24576   max = 24576


FINAL RESULTS (FOR CHARTS):


Results in ops per second for numRuns=1,  length=10s 

Number of elements: 512

Threads, HarrisMichaelLinkedListHP, HarrisLinkedListHP, HarrisMichaelLinkedListHP_Memory_Usage, HarrisLinkedListHP_Memory_Usage
384, 26615337, 40964447, 24572, 24576, 
