##### HarrisMichaelLinkedListHPO #####  


#### RUN 1 RESULT: ####

----- Benchmark=HarrisMichaelLinkedListHPO   numElements=10000   numThreads=384   testLength=10s -----
Ops/sec = 3749438
memory_usage (Bytes) = 24193


###### MEDIAN RESULT FOR ALL 1 RUNS: ######

----- Benchmark=HarrisMichaelLinkedListHPO   numElements=10000   numThreads=384   testLength=10s -----
Ops/sec = 3749438   delta = 0%   min = 3749438   max = 3749438
memory_usage = 24193   delta = 0%   min = 24193   max = 24193
##### HarrisLinkedListHPO #####  


#### RUN 1 RESULT: ####

----- Benchmark=HarrisLinkedListHPO   numElements=10000   numThreads=384   testLength=10s -----
Ops/sec = 4021902
memory_usage (Bytes) = 24194


###### MEDIAN RESULT FOR ALL 1 RUNS: ######

----- Benchmark=HarrisLinkedListHPO   numElements=10000   numThreads=384   testLength=10s -----
Ops/sec = 4021902   delta = 0%   min = 4021902   max = 4021902
memory_usage = 24194   delta = 0%   min = 24194   max = 24194


FINAL RESULTS (FOR CHARTS):


Results in ops per second for numRuns=1,  length=10s 

Number of elements: 10000

Threads, HarrisMichaelLinkedListHPO, HarrisLinkedListHPO, HarrisMichaelLinkedListHPO_Memory_Usage, HarrisLinkedListHPO_Memory_Usage
384, 3749438, 4021902, 24193, 24194, 
