##### HarrisMichaelLinkedListHPO #####  


#### RUN 1 RESULT: ####

----- Benchmark=HarrisMichaelLinkedListHPO   numElements=512   numThreads=384   testLength=10s -----
Ops/sec = 20273980
memory_usage (Bytes) = 24229


###### MEDIAN RESULT FOR ALL 1 RUNS: ######

----- Benchmark=HarrisMichaelLinkedListHPO   numElements=512   numThreads=384   testLength=10s -----
Ops/sec = 20273980   delta = 0%   min = 20273980   max = 20273980
memory_usage = 24229   delta = 0%   min = 24229   max = 24229
##### HarrisLinkedListHPO #####  


#### RUN 1 RESULT: ####

----- Benchmark=HarrisLinkedListHPO   numElements=512   numThreads=384   testLength=10s -----
Ops/sec = 26130521
memory_usage (Bytes) = 24206


###### MEDIAN RESULT FOR ALL 1 RUNS: ######

----- Benchmark=HarrisLinkedListHPO   numElements=512   numThreads=384   testLength=10s -----
Ops/sec = 26130521   delta = 0%   min = 26130521   max = 26130521
memory_usage = 24206   delta = 0%   min = 24206   max = 24206


FINAL RESULTS (FOR CHARTS):


Results in ops per second for numRuns=1,  length=10s 

Number of elements: 512

Threads, HarrisMichaelLinkedListHPO, HarrisLinkedListHPO, HarrisMichaelLinkedListHPO_Memory_Usage, HarrisLinkedListHPO_Memory_Usage
384, 20273980, 26130521, 24229, 24206, 
