##### HarrisMichaelLinkedListHP #####  


#### RUN 1 RESULT: ####

----- Benchmark=HarrisMichaelLinkedListHP   numElements=10000   numThreads=384   testLength=10s -----
Ops/sec = 3901473
memory_usage (Bytes) = 24202


###### MEDIAN RESULT FOR ALL 1 RUNS: ######

----- Benchmark=HarrisMichaelLinkedListHP   numElements=10000   numThreads=384   testLength=10s -----
Ops/sec = 3901473   delta = 0%   min = 3901473   max = 3901473
memory_usage = 24202   delta = 0%   min = 24202   max = 24202
##### HarrisLinkedListHP #####  


#### RUN 1 RESULT: ####

----- Benchmark=HarrisLinkedListHP   numElements=10000   numThreads=384   testLength=10s -----
Ops/sec = 4206459
memory_usage (Bytes) = 24209


###### MEDIAN RESULT FOR ALL 1 RUNS: ######

----- Benchmark=HarrisLinkedListHP   numElements=10000   numThreads=384   testLength=10s -----
Ops/sec = 4206459   delta = 0%   min = 4206459   max = 4206459
memory_usage = 24209   delta = 0%   min = 24209   max = 24209


FINAL RESULTS (FOR CHARTS):


Results in ops per second for numRuns=1,  length=10s 

Number of elements: 10000

Threads, HarrisMichaelLinkedListHP, HarrisLinkedListHP, HarrisMichaelLinkedListHP_Memory_Usage, HarrisLinkedListHP_Memory_Usage
384, 3901473, 4206459, 24202, 24209, 
