##### HarrisMichaelLinkedListHPO #####  


#### RUN 1 RESULT: ####

----- Benchmark=HarrisMichaelLinkedListHPO   numElements=512   numThreads=384   testLength=10s -----
Ops/sec = 20272756
memory_usage (Bytes) = 24192


###### MEDIAN RESULT FOR ALL 1 RUNS: ######

----- Benchmark=HarrisMichaelLinkedListHPO   numElements=512   numThreads=384   testLength=10s -----
Ops/sec = 20272756   delta = 0%   min = 20272756   max = 20272756
memory_usage = 24192   delta = 0%   min = 24192   max = 24192
##### HarrisLinkedListHPO #####  


#### RUN 1 RESULT: ####

----- Benchmark=HarrisLinkedListHPO   numElements=512   numThreads=384   testLength=10s -----
Ops/sec = 26148451
memory_usage (Bytes) = 24212


###### MEDIAN RESULT FOR ALL 1 RUNS: ######

----- Benchmark=HarrisLinkedListHPO   numElements=512   numThreads=384   testLength=10s -----
Ops/sec = 26148451   delta = 0%   min = 26148451   max = 26148451
memory_usage = 24212   delta = 0%   min = 24212   max = 24212


FINAL RESULTS (FOR CHARTS):


Results in ops per second for numRuns=1,  length=10s 

Number of elements: 512

Threads, HarrisMichaelLinkedListHPO, HarrisLinkedListHPO, HarrisMichaelLinkedListHPO_Memory_Usage, HarrisLinkedListHPO_Memory_Usage
384, 20272756, 26148451, 24192, 24212, 
