##### HarrisMichaelLinkedListIBR #####  


#### RUN 1 RESULT: ####

----- Benchmark=HarrisMichaelLinkedListIBR   numElements=10000   numThreads=384   testLength=10s -----
Ops/sec = 4333387
memory_usage (Bytes) = 62293


###### MEDIAN RESULT FOR ALL 1 RUNS: ######

----- Benchmark=HarrisMichaelLinkedListIBR   numElements=10000   numThreads=384   testLength=10s -----
Ops/sec = 4333387   delta = 0%   min = 4333387   max = 4333387
memory_usage = 62293   delta = 0%   min = 62293   max = 62293
##### HarrisLinkedListIBR #####  


#### RUN 1 RESULT: ####

----- Benchmark=HarrisLinkedListIBR   numElements=10000   numThreads=384   testLength=10s -----
Ops/sec = 4717966
memory_usage (Bytes) = 60572


###### MEDIAN RESULT FOR ALL 1 RUNS: ######

----- Benchmark=HarrisLinkedListIBR   numElements=10000   numThreads=384   testLength=10s -----
Ops/sec = 4717966   delta = 0%   min = 4717966   max = 4717966
memory_usage = 60572   delta = 0%   min = 60572   max = 60572


FINAL RESULTS (FOR CHARTS):


Results in ops per second for numRuns=1,  length=10s 

Number of elements: 10000

Threads, HarrisMichaelLinkedListIBR, HarrisLinkedListIBR, HarrisMichaelLinkedListIBR_Memory_Usage, HarrisLinkedListIBR_Memory_Usage
384, 4333387, 4717966, 62293, 60572, 
