##### HarrisMichaelLinkedListEBR #####  


#### RUN 1 RESULT: ####

----- Benchmark=HarrisMichaelLinkedListEBR   numElements=512   numThreads=384   testLength=10s -----
Ops/sec = 32109030
memory_usage (Bytes) = 69138


###### MEDIAN RESULT FOR ALL 1 RUNS: ######

----- Benchmark=HarrisMichaelLinkedListEBR   numElements=512   numThreads=384   testLength=10s -----
Ops/sec = 32109030   delta = 0%   min = 32109030   max = 32109030
memory_usage = 69138   delta = 0%   min = 69138   max = 69138
##### HarrisLinkedListEBR #####  


#### RUN 1 RESULT: ####

----- Benchmark=HarrisLinkedListEBR   numElements=512   numThreads=384   testLength=10s -----
Ops/sec = 48565384
memory_usage (Bytes) = 79472


###### MEDIAN RESULT FOR ALL 1 RUNS: ######

----- Benchmark=HarrisLinkedListEBR   numElements=512   numThreads=384   testLength=10s -----
Ops/sec = 48565384   delta = 0%   min = 48565384   max = 48565384
memory_usage = 79472   delta = 0%   min = 79472   max = 79472


FINAL RESULTS (FOR CHARTS):


Results in ops per second for numRuns=1,  length=10s 

Number of elements: 512

Threads, HarrisMichaelLinkedListEBR, HarrisLinkedListEBR, HarrisMichaelLinkedListEBR_Memory_Usage, HarrisLinkedListEBR_Memory_Usage
384, 32109030, 48565384, 69138, 79472, 
