##### HarrisMichaelLinkedListIBR #####  


#### RUN 1 RESULT: ####

----- Benchmark=HarrisMichaelLinkedListIBR   numElements=512   numThreads=384   testLength=10s -----
Ops/sec = 30053741
memory_usage (Bytes) = 55404


###### MEDIAN RESULT FOR ALL 1 RUNS: ######

----- Benchmark=HarrisMichaelLinkedListIBR   numElements=512   numThreads=384   testLength=10s -----
Ops/sec = 30053741   delta = 0%   min = 30053741   max = 30053741
memory_usage = 55404   delta = 0%   min = 55404   max = 55404
##### HarrisLinkedListIBR #####  


#### RUN 1 RESULT: ####

----- Benchmark=HarrisLinkedListIBR   numElements=512   numThreads=384   testLength=10s -----
Ops/sec = 45268275
memory_usage (Bytes) = 58985


###### MEDIAN RESULT FOR ALL 1 RUNS: ######

----- Benchmark=HarrisLinkedListIBR   numElements=512   numThreads=384   testLength=10s -----
Ops/sec = 45268275   delta = 0%   min = 45268275   max = 45268275
memory_usage = 58985   delta = 0%   min = 58985   max = 58985


FINAL RESULTS (FOR CHARTS):


Results in ops per second for numRuns=1,  length=10s 

Number of elements: 512

Threads, HarrisMichaelLinkedListIBR, HarrisLinkedListIBR, HarrisMichaelLinkedListIBR_Memory_Usage, HarrisLinkedListIBR_Memory_Usage
384, 30053741, 45268275, 55404, 58985, 
