##### HarrisMichaelLinkedListIBR #####  


#### RUN 1 RESULT: ####

----- Benchmark=HarrisMichaelLinkedListIBR   numElements=512   numThreads=384   testLength=10s -----
Ops/sec = 30080798
memory_usage (Bytes) = 54931


###### MEDIAN RESULT FOR ALL 1 RUNS: ######

----- Benchmark=HarrisMichaelLinkedListIBR   numElements=512   numThreads=384   testLength=10s -----
Ops/sec = 30080798   delta = 0%   min = 30080798   max = 30080798
memory_usage = 54931   delta = 0%   min = 54931   max = 54931
##### HarrisLinkedListIBR #####  


#### RUN 1 RESULT: ####

----- Benchmark=HarrisLinkedListIBR   numElements=512   numThreads=384   testLength=10s -----
Ops/sec = 45173362
memory_usage (Bytes) = 59334


###### MEDIAN RESULT FOR ALL 1 RUNS: ######

----- Benchmark=HarrisLinkedListIBR   numElements=512   numThreads=384   testLength=10s -----
Ops/sec = 45173362   delta = 0%   min = 45173362   max = 45173362
memory_usage = 59334   delta = 0%   min = 59334   max = 59334


FINAL RESULTS (FOR CHARTS):


Results in ops per second for numRuns=1,  length=10s 

Number of elements: 512

Threads, HarrisMichaelLinkedListIBR, HarrisLinkedListIBR, HarrisMichaelLinkedListIBR_Memory_Usage, HarrisLinkedListIBR_Memory_Usage
384, 30080798, 45173362, 54931, 59334, 
