##### HarrisMichaelLinkedListEBR #####  


#### RUN 1 RESULT: ####

----- Benchmark=HarrisMichaelLinkedListEBR   numElements=10000   numThreads=384   testLength=10s -----
Ops/sec = 4661474
memory_usage (Bytes) = 143390


###### MEDIAN RESULT FOR ALL 1 RUNS: ######

----- Benchmark=HarrisMichaelLinkedListEBR   numElements=10000   numThreads=384   testLength=10s -----
Ops/sec = 4661474   delta = 0%   min = 4661474   max = 4661474
memory_usage = 143390   delta = 0%   min = 143390   max = 143390
##### HarrisLinkedListEBR #####  


#### RUN 1 RESULT: ####

----- Benchmark=HarrisLinkedListEBR   numElements=10000   numThreads=384   testLength=10s -----
Ops/sec = 5100631
memory_usage (Bytes) = 133896


###### MEDIAN RESULT FOR ALL 1 RUNS: ######

----- Benchmark=HarrisLinkedListEBR   numElements=10000   numThreads=384   testLength=10s -----
Ops/sec = 5100631   delta = 0%   min = 5100631   max = 5100631
memory_usage = 133896   delta = 0%   min = 133896   max = 133896


FINAL RESULTS (FOR CHARTS):


Results in ops per second for numRuns=1,  length=10s 

Number of elements: 10000

Threads, HarrisMichaelLinkedListEBR, HarrisLinkedListEBR, HarrisMichaelLinkedListEBR_Memory_Usage, HarrisLinkedListEBR_Memory_Usage
384, 4661474, 5100631, 143390, 133896, 
