##### HarrisMichaelLinkedListEBR #####  


#### RUN 1 RESULT: ####

----- Benchmark=HarrisMichaelLinkedListEBR   numElements=512   numThreads=384   testLength=10s -----
Ops/sec = 32083016
memory_usage (Bytes) = 69887


###### MEDIAN RESULT FOR ALL 1 RUNS: ######

----- Benchmark=HarrisMichaelLinkedListEBR   numElements=512   numThreads=384   testLength=10s -----
Ops/sec = 32083016   delta = 0%   min = 32083016   max = 32083016
memory_usage = 69887   delta = 0%   min = 69887   max = 69887
##### HarrisLinkedListEBR #####  


#### RUN 1 RESULT: ####

----- Benchmark=HarrisLinkedListEBR   numElements=512   numThreads=384   testLength=10s -----
Ops/sec = 48634181
memory_usage (Bytes) = 81490


###### MEDIAN RESULT FOR ALL 1 RUNS: ######

----- Benchmark=HarrisLinkedListEBR   numElements=512   numThreads=384   testLength=10s -----
Ops/sec = 48634181   delta = 0%   min = 48634181   max = 48634181
memory_usage = 81490   delta = 0%   min = 81490   max = 81490


FINAL RESULTS (FOR CHARTS):


Results in ops per second for numRuns=1,  length=10s 

Number of elements: 512

Threads, HarrisMichaelLinkedListEBR, HarrisLinkedListEBR, HarrisMichaelLinkedListEBR_Memory_Usage, HarrisLinkedListEBR_Memory_Usage
384, 32083016, 48634181, 69887, 81490, 
