##### HarrisMichaelLinkedListHPO #####  


#### RUN 1 RESULT: ####

----- Benchmark=HarrisMichaelLinkedListHPO   numElements=10000   numThreads=384   testLength=10s -----
Ops/sec = 3756043
memory_usage (Bytes) = 24193


###### MEDIAN RESULT FOR ALL 1 RUNS: ######

----- Benchmark=HarrisMichaelLinkedListHPO   numElements=10000   numThreads=384   testLength=10s -----
Ops/sec = 3756043   delta = 0%   min = 3756043   max = 3756043
memory_usage = 24193   delta = 0%   min = 24193   max = 24193
##### HarrisLinkedListHPO #####  


#### RUN 1 RESULT: ####

----- Benchmark=HarrisLinkedListHPO   numElements=10000   numThreads=384   testLength=10s -----
Ops/sec = 4020399
memory_usage (Bytes) = 24189


###### MEDIAN RESULT FOR ALL 1 RUNS: ######

----- Benchmark=HarrisLinkedListHPO   numElements=10000   numThreads=384   testLength=10s -----
Ops/sec = 4020399   delta = 0%   min = 4020399   max = 4020399
memory_usage = 24189   delta = 0%   min = 24189   max = 24189


FINAL RESULTS (FOR CHARTS):


Results in ops per second for numRuns=1,  length=10s 

Number of elements: 10000

Threads, HarrisMichaelLinkedListHPO, HarrisLinkedListHPO, HarrisMichaelLinkedListHPO_Memory_Usage, HarrisLinkedListHPO_Memory_Usage
384, 3756043, 4020399, 24193, 24189, 
