##### HarrisMichaelLinkedListHE #####  


#### RUN 1 RESULT: ####

----- Benchmark=HarrisMichaelLinkedListHE   numElements=512   numThreads=384   testLength=10s -----
Ops/sec = 31080655
memory_usage (Bytes) = 73205


###### MEDIAN RESULT FOR ALL 1 RUNS: ######

----- Benchmark=HarrisMichaelLinkedListHE   numElements=512   numThreads=384   testLength=10s -----
Ops/sec = 31080655   delta = 0%   min = 31080655   max = 31080655
memory_usage = 73205   delta = 0%   min = 73205   max = 73205
##### HarrisLinkedListHE #####  


#### RUN 1 RESULT: ####

----- Benchmark=HarrisLinkedListHE   numElements=512   numThreads=384   testLength=10s -----
Ops/sec = 46213897
memory_usage (Bytes) = 79464


###### MEDIAN RESULT FOR ALL 1 RUNS: ######

----- Benchmark=HarrisLinkedListHE   numElements=512   numThreads=384   testLength=10s -----
Ops/sec = 46213897   delta = 0%   min = 46213897   max = 46213897
memory_usage = 79464   delta = 0%   min = 79464   max = 79464


FINAL RESULTS (FOR CHARTS):


Results in ops per second for numRuns=1,  length=10s 

Number of elements: 512

Threads, HarrisMichaelLinkedListHE, HarrisLinkedListHE, HarrisMichaelLinkedListHE_Memory_Usage, HarrisLinkedListHE_Memory_Usage
384, 31080655, 46213897, 73205, 79464, 
