##### HarrisMichaelLinkedListHP #####  


#### RUN 1 RESULT: ####

----- Benchmark=HarrisMichaelLinkedListHP   numElements=512   numThreads=384   testLength=10s -----
Ops/sec = 26670973
memory_usage (Bytes) = 24571


###### MEDIAN RESULT FOR ALL 1 RUNS: ######

----- Benchmark=HarrisMichaelLinkedListHP   numElements=512   numThreads=384   testLength=10s -----
Ops/sec = 26670973   delta = 0%   min = 26670973   max = 26670973
memory_usage = 24571   delta = 0%   min = 24571   max = 24571
##### HarrisLinkedListHP #####  


#### RUN 1 RESULT: ####

----- Benchmark=HarrisLinkedListHP   numElements=512   numThreads=384   testLength=10s -----
Ops/sec = 40920598
memory_usage (Bytes) = 24576


###### MEDIAN RESULT FOR ALL 1 RUNS: ######

----- Benchmark=HarrisLinkedListHP   numElements=512   numThreads=384   testLength=10s -----
Ops/sec = 40920598   delta = 0%   min = 40920598   max = 40920598
memory_usage = 24576   delta = 0%   min = 24576   max = 24576


FINAL RESULTS (FOR CHARTS):


Results in ops per second for numRuns=1,  length=10s 

Number of elements: 512

Threads, HarrisMichaelLinkedListHP, HarrisLinkedListHP, HarrisMichaelLinkedListHP_Memory_Usage, HarrisLinkedListHP_Memory_Usage
384, 26670973, 40920598, 24571, 24576, 
