##### HarrisMichaelLinkedListHE #####  


#### RUN 1 RESULT: ####

----- Benchmark=HarrisMichaelLinkedListHE   numElements=512   numThreads=384   testLength=10s -----
Ops/sec = 31209857
memory_usage (Bytes) = 76100


###### MEDIAN RESULT FOR ALL 1 RUNS: ######

----- Benchmark=HarrisMichaelLinkedListHE   numElements=512   numThreads=384   testLength=10s -----
Ops/sec = 31209857   delta = 0%   min = 31209857   max = 31209857
memory_usage = 76100   delta = 0%   min = 76100   max = 76100
##### HarrisLinkedListHE #####  


#### RUN 1 RESULT: ####

----- Benchmark=HarrisLinkedListHE   numElements=512   numThreads=384   testLength=10s -----
Ops/sec = 46453434
memory_usage (Bytes) = 79607


###### MEDIAN RESULT FOR ALL 1 RUNS: ######

----- Benchmark=HarrisLinkedListHE   numElements=512   numThreads=384   testLength=10s -----
Ops/sec = 46453434   delta = 0%   min = 46453434   max = 46453434
memory_usage = 79607   delta = 0%   min = 79607   max = 79607


FINAL RESULTS (FOR CHARTS):


Results in ops per second for numRuns=1,  length=10s 

Number of elements: 512

Threads, HarrisMichaelLinkedListHE, HarrisLinkedListHE, HarrisMichaelLinkedListHE_Memory_Usage, HarrisLinkedListHE_Memory_Usage
384, 31209857, 46453434, 76100, 79607, 
