##### HarrisMichaelLinkedListHE #####  


#### RUN 1 RESULT: ####

----- Benchmark=HarrisMichaelLinkedListHE   numElements=512   numThreads=384   testLength=10s -----
Ops/sec = 31219005
memory_usage (Bytes) = 75149


###### MEDIAN RESULT FOR ALL 1 RUNS: ######

----- Benchmark=HarrisMichaelLinkedListHE   numElements=512   numThreads=384   testLength=10s -----
Ops/sec = 31219005   delta = 0%   min = 31219005   max = 31219005
memory_usage = 75149   delta = 0%   min = 75149   max = 75149
##### HarrisLinkedListHE #####  


#### RUN 1 RESULT: ####

----- Benchmark=HarrisLinkedListHE   numElements=512   numThreads=384   testLength=10s -----
Ops/sec = 46355330
memory_usage (Bytes) = 76800


###### MEDIAN RESULT FOR ALL 1 RUNS: ######

----- Benchmark=HarrisLinkedListHE   numElements=512   numThreads=384   testLength=10s -----
Ops/sec = 46355330   delta = 0%   min = 46355330   max = 46355330
memory_usage = 76800   delta = 0%   min = 76800   max = 76800


FINAL RESULTS (FOR CHARTS):


Results in ops per second for numRuns=1,  length=10s 

Number of elements: 512

Threads, HarrisMichaelLinkedListHE, HarrisLinkedListHE, HarrisMichaelLinkedListHE_Memory_Usage, HarrisLinkedListHE_Memory_Usage
384, 31219005, 46355330, 75149, 76800, 
