##### HarrisMichaelLinkedListHE #####  


#### RUN 1 RESULT: ####

----- Benchmark=HarrisMichaelLinkedListHE   numElements=512   numThreads=384   testLength=10s -----
Ops/sec = 30885740
memory_usage (Bytes) = 85344


###### MEDIAN RESULT FOR ALL 1 RUNS: ######

----- Benchmark=HarrisMichaelLinkedListHE   numElements=512   numThreads=384   testLength=10s -----
Ops/sec = 30885740   delta = 0%   min = 30885740   max = 30885740
memory_usage = 85344   delta = 0%   min = 85344   max = 85344
##### HarrisLinkedListHE #####  


#### RUN 1 RESULT: ####

----- Benchmark=HarrisLinkedListHE   numElements=512   numThreads=384   testLength=10s -----
Ops/sec = 46630128
memory_usage (Bytes) = 77429


###### MEDIAN RESULT FOR ALL 1 RUNS: ######

----- Benchmark=HarrisLinkedListHE   numElements=512   numThreads=384   testLength=10s -----
Ops/sec = 46630128   delta = 0%   min = 46630128   max = 46630128
memory_usage = 77429   delta = 0%   min = 77429   max = 77429


FINAL RESULTS (FOR CHARTS):


Results in ops per second for numRuns=1,  length=10s 

Number of elements: 512

Threads, HarrisMichaelLinkedListHE, HarrisLinkedListHE, HarrisMichaelLinkedListHE_Memory_Usage, HarrisLinkedListHE_Memory_Usage
384, 30885740, 46630128, 85344, 77429, 
