##### HarrisMichaelLinkedListIBR #####  


#### RUN 1 RESULT: ####

----- Benchmark=HarrisMichaelLinkedListIBR   numElements=10000   numThreads=384   testLength=10s -----
Ops/sec = 4318614
memory_usage (Bytes) = 60207


###### MEDIAN RESULT FOR ALL 1 RUNS: ######

----- Benchmark=HarrisMichaelLinkedListIBR   numElements=10000   numThreads=384   testLength=10s -----
Ops/sec = 4318614   delta = 0%   min = 4318614   max = 4318614
memory_usage = 60207   delta = 0%   min = 60207   max = 60207
##### HarrisLinkedListIBR #####  


#### RUN 1 RESULT: ####

----- Benchmark=HarrisLinkedListIBR   numElements=10000   numThreads=384   testLength=10s -----
Ops/sec = 4699821
memory_usage (Bytes) = 60919


###### MEDIAN RESULT FOR ALL 1 RUNS: ######

----- Benchmark=HarrisLinkedListIBR   numElements=10000   numThreads=384   testLength=10s -----
Ops/sec = 4699821   delta = 0%   min = 4699821   max = 4699821
memory_usage = 60919   delta = 0%   min = 60919   max = 60919


FINAL RESULTS (FOR CHARTS):


Results in ops per second for numRuns=1,  length=10s 

Number of elements: 10000

Threads, HarrisMichaelLinkedListIBR, HarrisLinkedListIBR, HarrisMichaelLinkedListIBR_Memory_Usage, HarrisLinkedListIBR_Memory_Usage
384, 4318614, 4699821, 60207, 60919, 
