##### HarrisMichaelLinkedListHYALINE #####  


#### RUN 1 RESULT: ####

----- Benchmark=HarrisMichaelLinkedListHYALINE   numElements=512   numThreads=384   testLength=10s -----
Ops/sec = 28675419
memory_usage (Bytes) = 0


###### MEDIAN RESULT FOR ALL 1 RUNS: ######

----- Benchmark=HarrisMichaelLinkedListHYALINE   numElements=512   numThreads=384   testLength=10s -----
Ops/sec = 28675419   delta = 0%   min = 28675419   max = 28675419
memory_usage = 0   delta = 0%   min = 0   max = 0
##### HarrisLinkedListHYALINE #####  


#### RUN 1 RESULT: ####

----- Benchmark=HarrisLinkedListHYALINE   numElements=512   numThreads=384   testLength=10s -----
Ops/sec = 44463159
memory_usage (Bytes) = 0


###### MEDIAN RESULT FOR ALL 1 RUNS: ######

----- Benchmark=HarrisLinkedListHYALINE   numElements=512   numThreads=384   testLength=10s -----
Ops/sec = 44463159   delta = 0%   min = 44463159   max = 44463159
memory_usage = 0   delta = 0%   min = 0   max = 0


FINAL RESULTS (FOR CHARTS):


Results in ops per second for numRuns=1,  length=10s 

Number of elements: 512

Threads, HarrisMichaelLinkedListHYALINE, HarrisLinkedListHYALINE, HarrisMichaelLinkedListHYALINE_Memory_Usage, HarrisLinkedListHYALINE_Memory_Usage
384, 28675419, 44463159, 0, 0, 
