##### HarrisMichaelLinkedListIBR #####  


#### RUN 1 RESULT: ####

----- Benchmark=HarrisMichaelLinkedListIBR   numElements=10000   numThreads=384   testLength=10s -----
Ops/sec = 4324539
memory_usage (Bytes) = 61736


###### MEDIAN RESULT FOR ALL 1 RUNS: ######

----- Benchmark=HarrisMichaelLinkedListIBR   numElements=10000   numThreads=384   testLength=10s -----
Ops/sec = 4324539   delta = 0%   min = 4324539   max = 4324539
memory_usage = 61736   delta = 0%   min = 61736   max = 61736
##### HarrisLinkedListIBR #####  


#### RUN 1 RESULT: ####

----- Benchmark=HarrisLinkedListIBR   numElements=10000   numThreads=384   testLength=10s -----
Ops/sec = 4712071
memory_usage (Bytes) = 58329


###### MEDIAN RESULT FOR ALL 1 RUNS: ######

----- Benchmark=HarrisLinkedListIBR   numElements=10000   numThreads=384   testLength=10s -----
Ops/sec = 4712071   delta = 0%   min = 4712071   max = 4712071
memory_usage = 58329   delta = 0%   min = 58329   max = 58329


FINAL RESULTS (FOR CHARTS):


Results in ops per second for numRuns=1,  length=10s 

Number of elements: 10000

Threads, HarrisMichaelLinkedListIBR, HarrisLinkedListIBR, HarrisMichaelLinkedListIBR_Memory_Usage, HarrisLinkedListIBR_Memory_Usage
384, 4324539, 4712071, 61736, 58329, 
