##### HarrisMichaelLinkedListIBR #####  


#### RUN 1 RESULT: ####

----- Benchmark=HarrisMichaelLinkedListIBR   numElements=10000   numThreads=384   testLength=10s -----
Ops/sec = 4315288
memory_usage (Bytes) = 62099


###### MEDIAN RESULT FOR ALL 1 RUNS: ######

----- Benchmark=HarrisMichaelLinkedListIBR   numElements=10000   numThreads=384   testLength=10s -----
Ops/sec = 4315288   delta = 0%   min = 4315288   max = 4315288
memory_usage = 62099   delta = 0%   min = 62099   max = 62099
##### HarrisLinkedListIBR #####  


#### RUN 1 RESULT: ####

----- Benchmark=HarrisLinkedListIBR   numElements=10000   numThreads=384   testLength=10s -----
Ops/sec = 4686149
memory_usage (Bytes) = 57720


###### MEDIAN RESULT FOR ALL 1 RUNS: ######

----- Benchmark=HarrisLinkedListIBR   numElements=10000   numThreads=384   testLength=10s -----
Ops/sec = 4686149   delta = 0%   min = 4686149   max = 4686149
memory_usage = 57720   delta = 0%   min = 57720   max = 57720


FINAL RESULTS (FOR CHARTS):


Results in ops per second for numRuns=1,  length=10s 

Number of elements: 10000

Threads, HarrisMichaelLinkedListIBR, HarrisLinkedListIBR, HarrisMichaelLinkedListIBR_Memory_Usage, HarrisLinkedListIBR_Memory_Usage
384, 4315288, 4686149, 62099, 57720, 
