##### HarrisMichaelLinkedListEBR #####  


#### RUN 1 RESULT: ####

----- Benchmark=HarrisMichaelLinkedListEBR   numElements=512   numThreads=64   testLength=10s -----
Ops/sec = 17393611
memory_usage (Bytes) = 4469


###### MEDIAN RESULT FOR ALL 1 RUNS: ######

----- Benchmark=HarrisMichaelLinkedListEBR   numElements=512   numThreads=64   testLength=10s -----
Ops/sec = 17393611   delta = 0%   min = 17393611   max = 17393611
memory_usage = 4469   delta = 0%   min = 4469   max = 4469
##### HarrisLinkedListEBR #####  


#### RUN 1 RESULT: ####

----- Benchmark=HarrisLinkedListEBR   numElements=512   numThreads=64   testLength=10s -----
Ops/sec = 21091889
memory_usage (Bytes) = 4478


###### MEDIAN RESULT FOR ALL 1 RUNS: ######

----- Benchmark=HarrisLinkedListEBR   numElements=512   numThreads=64   testLength=10s -----
Ops/sec = 21091889   delta = 0%   min = 21091889   max = 21091889
memory_usage = 4478   delta = 0%   min = 4478   max = 4478


FINAL RESULTS (FOR CHARTS):


Results in ops per second for numRuns=1,  length=10s 

Number of elements: 512

Threads, HarrisMichaelLinkedListEBR, HarrisLinkedListEBR, HarrisMichaelLinkedListEBR_Memory_Usage, HarrisLinkedListEBR_Memory_Usage
64, 17393611, 21091889, 4469, 4478, 
