##### HarrisMichaelLinkedListIBR #####  


#### RUN 1 RESULT: ####

----- Benchmark=HarrisMichaelLinkedListIBR   numElements=10000   numThreads=64   testLength=10s -----
Ops/sec = 1728358
memory_usage (Bytes) = 4994


###### MEDIAN RESULT FOR ALL 1 RUNS: ######

----- Benchmark=HarrisMichaelLinkedListIBR   numElements=10000   numThreads=64   testLength=10s -----
Ops/sec = 1728358   delta = 0%   min = 1728358   max = 1728358
memory_usage = 4994   delta = 0%   min = 4994   max = 4994
##### HarrisLinkedListIBR #####  


#### RUN 1 RESULT: ####

----- Benchmark=HarrisLinkedListIBR   numElements=10000   numThreads=64   testLength=10s -----
Ops/sec = 1767456
memory_usage (Bytes) = 4953


###### MEDIAN RESULT FOR ALL 1 RUNS: ######

----- Benchmark=HarrisLinkedListIBR   numElements=10000   numThreads=64   testLength=10s -----
Ops/sec = 1767456   delta = 0%   min = 1767456   max = 1767456
memory_usage = 4953   delta = 0%   min = 4953   max = 4953


FINAL RESULTS (FOR CHARTS):


Results in ops per second for numRuns=1,  length=10s 

Number of elements: 10000

Threads, HarrisMichaelLinkedListIBR, HarrisLinkedListIBR, HarrisMichaelLinkedListIBR_Memory_Usage, HarrisLinkedListIBR_Memory_Usage
64, 1728358, 1767456, 4994, 4953, 
