##### HarrisMichaelLinkedListNR #####  


#### RUN 1 RESULT: ####

----- Benchmark=HarrisMichaelLinkedListNR   numElements=512   numThreads=64   testLength=10s -----
Ops/sec = 20468768
memory_usage (Bytes) = 0


###### MEDIAN RESULT FOR ALL 1 RUNS: ######

----- Benchmark=HarrisMichaelLinkedListNR   numElements=512   numThreads=64   testLength=10s -----
Ops/sec = 20468768   delta = 0%   min = 20468768   max = 20468768
memory_usage = 0   delta = 0%   min = 0   max = 0
##### HarrisLinkedListNR #####  


#### RUN 1 RESULT: ####

----- Benchmark=HarrisLinkedListNR   numElements=512   numThreads=64   testLength=10s -----
Ops/sec = 24357119
memory_usage (Bytes) = 0


###### MEDIAN RESULT FOR ALL 1 RUNS: ######

----- Benchmark=HarrisLinkedListNR   numElements=512   numThreads=64   testLength=10s -----
Ops/sec = 24357119   delta = 0%   min = 24357119   max = 24357119
memory_usage = 0   delta = 0%   min = 0   max = 0


FINAL RESULTS (FOR CHARTS):


Results in ops per second for numRuns=1,  length=10s 

Number of elements: 512

Threads, HarrisMichaelLinkedListNR, HarrisLinkedListNR
64, 20468768, 24357119, 0, 0, 
