##### HarrisMichaelLinkedListHE #####  


#### RUN 1 RESULT: ####

----- Benchmark=HarrisMichaelLinkedListHE   numElements=10000   numThreads=64   testLength=10s -----
Ops/sec = 1534574
memory_usage (Bytes) = 8560


###### MEDIAN RESULT FOR ALL 1 RUNS: ######

----- Benchmark=HarrisMichaelLinkedListHE   numElements=10000   numThreads=64   testLength=10s -----
Ops/sec = 1534574   delta = 0%   min = 1534574   max = 1534574
memory_usage = 8560   delta = 0%   min = 8560   max = 8560
##### HarrisLinkedListHE #####  


#### RUN 1 RESULT: ####

----- Benchmark=HarrisLinkedListHE   numElements=10000   numThreads=64   testLength=10s -----
Ops/sec = 1539572
memory_usage (Bytes) = 8888


###### MEDIAN RESULT FOR ALL 1 RUNS: ######

----- Benchmark=HarrisLinkedListHE   numElements=10000   numThreads=64   testLength=10s -----
Ops/sec = 1539572   delta = 0%   min = 1539572   max = 1539572
memory_usage = 8888   delta = 0%   min = 8888   max = 8888


FINAL RESULTS (FOR CHARTS):


Results in ops per second for numRuns=1,  length=10s 

Number of elements: 10000

Threads, HarrisMichaelLinkedListHE, HarrisLinkedListHE, HarrisMichaelLinkedListHE_Memory_Usage, HarrisLinkedListHE_Memory_Usage
64, 1534574, 1539572, 8560, 8888, 
