##### HarrisMichaelLinkedListHE #####  


#### RUN 1 RESULT: ####

----- Benchmark=HarrisMichaelLinkedListHE   numElements=10000   numThreads=64   testLength=10s -----
Ops/sec = 1523750
memory_usage (Bytes) = 9790


###### MEDIAN RESULT FOR ALL 1 RUNS: ######

----- Benchmark=HarrisMichaelLinkedListHE   numElements=10000   numThreads=64   testLength=10s -----
Ops/sec = 1523750   delta = 0%   min = 1523750   max = 1523750
memory_usage = 9790   delta = 0%   min = 9790   max = 9790
##### HarrisLinkedListHE #####  


#### RUN 1 RESULT: ####

----- Benchmark=HarrisLinkedListHE   numElements=10000   numThreads=64   testLength=10s -----
Ops/sec = 1530590
memory_usage (Bytes) = 8512


###### MEDIAN RESULT FOR ALL 1 RUNS: ######

----- Benchmark=HarrisLinkedListHE   numElements=10000   numThreads=64   testLength=10s -----
Ops/sec = 1530590   delta = 0%   min = 1530590   max = 1530590
memory_usage = 8512   delta = 0%   min = 8512   max = 8512


FINAL RESULTS (FOR CHARTS):


Results in ops per second for numRuns=1,  length=10s 

Number of elements: 10000

Threads, HarrisMichaelLinkedListHE, HarrisLinkedListHE, HarrisMichaelLinkedListHE_Memory_Usage, HarrisLinkedListHE_Memory_Usage
64, 1523750, 1530590, 9790, 8512, 
