##### HarrisMichaelLinkedListHE #####  


#### RUN 1 RESULT: ####

----- Benchmark=HarrisMichaelLinkedListHE   numElements=512   numThreads=64   testLength=10s -----
Ops/sec = 16068959
memory_usage (Bytes) = 4929


###### MEDIAN RESULT FOR ALL 1 RUNS: ######

----- Benchmark=HarrisMichaelLinkedListHE   numElements=512   numThreads=64   testLength=10s -----
Ops/sec = 16068959   delta = 0%   min = 16068959   max = 16068959
memory_usage = 4929   delta = 0%   min = 4929   max = 4929
##### HarrisLinkedListHE #####  


#### RUN 1 RESULT: ####

----- Benchmark=HarrisLinkedListHE   numElements=512   numThreads=64   testLength=10s -----
Ops/sec = 19222413
memory_usage (Bytes) = 4960


###### MEDIAN RESULT FOR ALL 1 RUNS: ######

----- Benchmark=HarrisLinkedListHE   numElements=512   numThreads=64   testLength=10s -----
Ops/sec = 19222413   delta = 0%   min = 19222413   max = 19222413
memory_usage = 4960   delta = 0%   min = 4960   max = 4960


FINAL RESULTS (FOR CHARTS):


Results in ops per second for numRuns=1,  length=10s 

Number of elements: 512

Threads, HarrisMichaelLinkedListHE, HarrisLinkedListHE, HarrisMichaelLinkedListHE_Memory_Usage, HarrisLinkedListHE_Memory_Usage
64, 16068959, 19222413, 4929, 4960, 
