##### HarrisMichaelLinkedListHP #####  


#### RUN 1 RESULT: ####

----- Benchmark=HarrisMichaelLinkedListHP   numElements=512   numThreads=64   testLength=10s -----
Ops/sec = 18960866
memory_usage (Bytes) = 4032


###### MEDIAN RESULT FOR ALL 1 RUNS: ######

----- Benchmark=HarrisMichaelLinkedListHP   numElements=512   numThreads=64   testLength=10s -----
Ops/sec = 18960866   delta = 0%   min = 18960866   max = 18960866
memory_usage = 4032   delta = 0%   min = 4032   max = 4032
##### HarrisLinkedListHP #####  


#### RUN 1 RESULT: ####

----- Benchmark=HarrisLinkedListHP   numElements=512   numThreads=64   testLength=10s -----
Ops/sec = 22635038
memory_usage (Bytes) = 4032


###### MEDIAN RESULT FOR ALL 1 RUNS: ######

----- Benchmark=HarrisLinkedListHP   numElements=512   numThreads=64   testLength=10s -----
Ops/sec = 22635038   delta = 0%   min = 22635038   max = 22635038
memory_usage = 4032   delta = 0%   min = 4032   max = 4032


FINAL RESULTS (FOR CHARTS):


Results in ops per second for numRuns=1,  length=10s 

Number of elements: 512

Threads, HarrisMichaelLinkedListHP, HarrisLinkedListHP, HarrisMichaelLinkedListHP_Memory_Usage, HarrisLinkedListHP_Memory_Usage
64, 18960866, 22635038, 4032, 4032, 
