##### HarrisMichaelLinkedListEBR #####  


#### RUN 1 RESULT: ####

----- Benchmark=HarrisMichaelLinkedListEBR   numElements=512   numThreads=64   testLength=10s -----
Ops/sec = 17459681
memory_usage (Bytes) = 4452


###### MEDIAN RESULT FOR ALL 1 RUNS: ######

----- Benchmark=HarrisMichaelLinkedListEBR   numElements=512   numThreads=64   testLength=10s -----
Ops/sec = 17459681   delta = 0%   min = 17459681   max = 17459681
memory_usage = 4452   delta = 0%   min = 4452   max = 4452
##### HarrisLinkedListEBR #####  


#### RUN 1 RESULT: ####

----- Benchmark=HarrisLinkedListEBR   numElements=512   numThreads=64   testLength=10s -----
Ops/sec = 21018194
memory_usage (Bytes) = 4480


###### MEDIAN RESULT FOR ALL 1 RUNS: ######

----- Benchmark=HarrisLinkedListEBR   numElements=512   numThreads=64   testLength=10s -----
Ops/sec = 21018194   delta = 0%   min = 21018194   max = 21018194
memory_usage = 4480   delta = 0%   min = 4480   max = 4480


FINAL RESULTS (FOR CHARTS):


Results in ops per second for numRuns=1,  length=10s 

Number of elements: 512

Threads, HarrisMichaelLinkedListEBR, HarrisLinkedListEBR, HarrisMichaelLinkedListEBR_Memory_Usage, HarrisLinkedListEBR_Memory_Usage
64, 17459681, 21018194, 4452, 4480, 
