##### HarrisMichaelLinkedListIBR #####  


#### RUN 1 RESULT: ####

----- Benchmark=HarrisMichaelLinkedListIBR   numElements=512   numThreads=64   testLength=10s -----
Ops/sec = 17474982
memory_usage (Bytes) = 4542


###### MEDIAN RESULT FOR ALL 1 RUNS: ######

----- Benchmark=HarrisMichaelLinkedListIBR   numElements=512   numThreads=64   testLength=10s -----
Ops/sec = 17474982   delta = 0%   min = 17474982   max = 17474982
memory_usage = 4542   delta = 0%   min = 4542   max = 4542
##### HarrisLinkedListIBR #####  


#### RUN 1 RESULT: ####

----- Benchmark=HarrisLinkedListIBR   numElements=512   numThreads=64   testLength=10s -----
Ops/sec = 19625399
memory_usage (Bytes) = 4547


###### MEDIAN RESULT FOR ALL 1 RUNS: ######

----- Benchmark=HarrisLinkedListIBR   numElements=512   numThreads=64   testLength=10s -----
Ops/sec = 19625399   delta = 0%   min = 19625399   max = 19625399
memory_usage = 4547   delta = 0%   min = 4547   max = 4547


FINAL RESULTS (FOR CHARTS):


Results in ops per second for numRuns=1,  length=10s 

Number of elements: 512

Threads, HarrisMichaelLinkedListIBR, HarrisLinkedListIBR, HarrisMichaelLinkedListIBR_Memory_Usage, HarrisLinkedListIBR_Memory_Usage
64, 17474982, 19625399, 4542, 4547, 
