##### HarrisMichaelLinkedListEBR #####  


#### RUN 1 RESULT: ####

----- Benchmark=HarrisMichaelLinkedListEBR   numElements=10000   numThreads=64   testLength=10s -----
Ops/sec = 1665946
memory_usage (Bytes) = 7743


###### MEDIAN RESULT FOR ALL 1 RUNS: ######

----- Benchmark=HarrisMichaelLinkedListEBR   numElements=10000   numThreads=64   testLength=10s -----
Ops/sec = 1665946   delta = 0%   min = 1665946   max = 1665946
memory_usage = 7743   delta = 0%   min = 7743   max = 7743
##### HarrisLinkedListEBR #####  


#### RUN 1 RESULT: ####

----- Benchmark=HarrisLinkedListEBR   numElements=10000   numThreads=64   testLength=10s -----
Ops/sec = 1747782
memory_usage (Bytes) = 7644


###### MEDIAN RESULT FOR ALL 1 RUNS: ######

----- Benchmark=HarrisLinkedListEBR   numElements=10000   numThreads=64   testLength=10s -----
Ops/sec = 1747782   delta = 0%   min = 1747782   max = 1747782
memory_usage = 7644   delta = 0%   min = 7644   max = 7644


FINAL RESULTS (FOR CHARTS):


Results in ops per second for numRuns=1,  length=10s 

Number of elements: 10000

Threads, HarrisMichaelLinkedListEBR, HarrisLinkedListEBR, HarrisMichaelLinkedListEBR_Memory_Usage, HarrisLinkedListEBR_Memory_Usage
64, 1665946, 1747782, 7743, 7644, 
