##### HarrisMichaelLinkedListIBR #####  


#### RUN 1 RESULT: ####

----- Benchmark=HarrisMichaelLinkedListIBR   numElements=10000   numThreads=64   testLength=10s -----
Ops/sec = 1707800
memory_usage (Bytes) = 4956


###### MEDIAN RESULT FOR ALL 1 RUNS: ######

----- Benchmark=HarrisMichaelLinkedListIBR   numElements=10000   numThreads=64   testLength=10s -----
Ops/sec = 1707800   delta = 0%   min = 1707800   max = 1707800
memory_usage = 4956   delta = 0%   min = 4956   max = 4956
##### HarrisLinkedListIBR #####  


#### RUN 1 RESULT: ####

----- Benchmark=HarrisLinkedListIBR   numElements=10000   numThreads=64   testLength=10s -----
Ops/sec = 1785447
memory_usage (Bytes) = 5092


###### MEDIAN RESULT FOR ALL 1 RUNS: ######

----- Benchmark=HarrisLinkedListIBR   numElements=10000   numThreads=64   testLength=10s -----
Ops/sec = 1785447   delta = 0%   min = 1785447   max = 1785447
memory_usage = 5092   delta = 0%   min = 5092   max = 5092


FINAL RESULTS (FOR CHARTS):


Results in ops per second for numRuns=1,  length=10s 

Number of elements: 10000

Threads, HarrisMichaelLinkedListIBR, HarrisLinkedListIBR, HarrisMichaelLinkedListIBR_Memory_Usage, HarrisLinkedListIBR_Memory_Usage
64, 1707800, 1785447, 4956, 5092, 
