##### HarrisMichaelLinkedListHE #####  


#### RUN 1 RESULT: ####

----- Benchmark=HarrisMichaelLinkedListHE   numElements=512   numThreads=64   testLength=10s -----
Ops/sec = 16135510
memory_usage (Bytes) = 4935


###### MEDIAN RESULT FOR ALL 1 RUNS: ######

----- Benchmark=HarrisMichaelLinkedListHE   numElements=512   numThreads=64   testLength=10s -----
Ops/sec = 16135510   delta = 0%   min = 16135510   max = 16135510
memory_usage = 4935   delta = 0%   min = 4935   max = 4935
##### HarrisLinkedListHE #####  


#### RUN 1 RESULT: ####

----- Benchmark=HarrisLinkedListHE   numElements=512   numThreads=64   testLength=10s -----
Ops/sec = 19211844
memory_usage (Bytes) = 4943


###### MEDIAN RESULT FOR ALL 1 RUNS: ######

----- Benchmark=HarrisLinkedListHE   numElements=512   numThreads=64   testLength=10s -----
Ops/sec = 19211844   delta = 0%   min = 19211844   max = 19211844
memory_usage = 4943   delta = 0%   min = 4943   max = 4943


FINAL RESULTS (FOR CHARTS):


Results in ops per second for numRuns=1,  length=10s 

Number of elements: 512

Threads, HarrisMichaelLinkedListHE, HarrisLinkedListHE, HarrisMichaelLinkedListHE_Memory_Usage, HarrisLinkedListHE_Memory_Usage
64, 16135510, 19211844, 4935, 4943, 
