##### HarrisMichaelLinkedListHPO #####  


#### RUN 1 RESULT: ####

----- Benchmark=HarrisMichaelLinkedListHPO   numElements=512   numThreads=64   testLength=10s -----
Ops/sec = 13907153
memory_usage (Bytes) = 4032


###### MEDIAN RESULT FOR ALL 1 RUNS: ######

----- Benchmark=HarrisMichaelLinkedListHPO   numElements=512   numThreads=64   testLength=10s -----
Ops/sec = 13907153   delta = 0%   min = 13907153   max = 13907153
memory_usage = 4032   delta = 0%   min = 4032   max = 4032
##### HarrisLinkedListHPO #####  


#### RUN 1 RESULT: ####

----- Benchmark=HarrisLinkedListHPO   numElements=512   numThreads=64   testLength=10s -----
Ops/sec = 15799739
memory_usage (Bytes) = 4032


###### MEDIAN RESULT FOR ALL 1 RUNS: ######

----- Benchmark=HarrisLinkedListHPO   numElements=512   numThreads=64   testLength=10s -----
Ops/sec = 15799739   delta = 0%   min = 15799739   max = 15799739
memory_usage = 4032   delta = 0%   min = 4032   max = 4032


FINAL RESULTS (FOR CHARTS):


Results in ops per second for numRuns=1,  length=10s 

Number of elements: 512

Threads, HarrisMichaelLinkedListHPO, HarrisLinkedListHPO, HarrisMichaelLinkedListHPO_Memory_Usage, HarrisLinkedListHPO_Memory_Usage
64, 13907153, 15799739, 4032, 4032, 
