##### HarrisMichaelLinkedListEBR #####  


#### RUN 1 RESULT: ####

----- Benchmark=HarrisMichaelLinkedListEBR   numElements=10000   numThreads=64   testLength=10s -----
Ops/sec = 1663579
memory_usage (Bytes) = 8082


###### MEDIAN RESULT FOR ALL 1 RUNS: ######

----- Benchmark=HarrisMichaelLinkedListEBR   numElements=10000   numThreads=64   testLength=10s -----
Ops/sec = 1663579   delta = 0%   min = 1663579   max = 1663579
memory_usage = 8082   delta = 0%   min = 8082   max = 8082
##### HarrisLinkedListEBR #####  


#### RUN 1 RESULT: ####

----- Benchmark=HarrisLinkedListEBR   numElements=10000   numThreads=64   testLength=10s -----
Ops/sec = 1743166
memory_usage (Bytes) = 7891


###### MEDIAN RESULT FOR ALL 1 RUNS: ######

----- Benchmark=HarrisLinkedListEBR   numElements=10000   numThreads=64   testLength=10s -----
Ops/sec = 1743166   delta = 0%   min = 1743166   max = 1743166
memory_usage = 7891   delta = 0%   min = 7891   max = 7891


FINAL RESULTS (FOR CHARTS):


Results in ops per second for numRuns=1,  length=10s 

Number of elements: 10000

Threads, HarrisMichaelLinkedListEBR, HarrisLinkedListEBR, HarrisMichaelLinkedListEBR_Memory_Usage, HarrisLinkedListEBR_Memory_Usage
64, 1663579, 1743166, 8082, 7891, 
