##### HarrisMichaelLinkedListHE #####  


#### RUN 1 RESULT: ####

----- Benchmark=HarrisMichaelLinkedListHE   numElements=10000   numThreads=64   testLength=10s -----
Ops/sec = 1531416
memory_usage (Bytes) = 8509


###### MEDIAN RESULT FOR ALL 1 RUNS: ######

----- Benchmark=HarrisMichaelLinkedListHE   numElements=10000   numThreads=64   testLength=10s -----
Ops/sec = 1531416   delta = 0%   min = 1531416   max = 1531416
memory_usage = 8509   delta = 0%   min = 8509   max = 8509
##### HarrisLinkedListHE #####  


#### RUN 1 RESULT: ####

----- Benchmark=HarrisLinkedListHE   numElements=10000   numThreads=64   testLength=10s -----
Ops/sec = 1580619
memory_usage (Bytes) = 8732


###### MEDIAN RESULT FOR ALL 1 RUNS: ######

----- Benchmark=HarrisLinkedListHE   numElements=10000   numThreads=64   testLength=10s -----
Ops/sec = 1580619   delta = 0%   min = 1580619   max = 1580619
memory_usage = 8732   delta = 0%   min = 8732   max = 8732


FINAL RESULTS (FOR CHARTS):


Results in ops per second for numRuns=1,  length=10s 

Number of elements: 10000

Threads, HarrisMichaelLinkedListHE, HarrisLinkedListHE, HarrisMichaelLinkedListHE_Memory_Usage, HarrisLinkedListHE_Memory_Usage
64, 1531416, 1580619, 8509, 8732, 
