##### HarrisMichaelLinkedListEBR #####  


#### RUN 1 RESULT: ####

----- Benchmark=HarrisMichaelLinkedListEBR   numElements=10000   numThreads=64   testLength=10s -----
Ops/sec = 1662617
memory_usage (Bytes) = 9055


###### MEDIAN RESULT FOR ALL 1 RUNS: ######

----- Benchmark=HarrisMichaelLinkedListEBR   numElements=10000   numThreads=64   testLength=10s -----
Ops/sec = 1662617   delta = 0%   min = 1662617   max = 1662617
memory_usage = 9055   delta = 0%   min = 9055   max = 9055
##### HarrisLinkedListEBR #####  


#### RUN 1 RESULT: ####

----- Benchmark=HarrisLinkedListEBR   numElements=10000   numThreads=64   testLength=10s -----
Ops/sec = 1747877
memory_usage (Bytes) = 8297


###### MEDIAN RESULT FOR ALL 1 RUNS: ######

----- Benchmark=HarrisLinkedListEBR   numElements=10000   numThreads=64   testLength=10s -----
Ops/sec = 1747877   delta = 0%   min = 1747877   max = 1747877
memory_usage = 8297   delta = 0%   min = 8297   max = 8297


FINAL RESULTS (FOR CHARTS):


Results in ops per second for numRuns=1,  length=10s 

Number of elements: 10000

Threads, HarrisMichaelLinkedListEBR, HarrisLinkedListEBR, HarrisMichaelLinkedListEBR_Memory_Usage, HarrisLinkedListEBR_Memory_Usage
64, 1662617, 1747877, 9055, 8297, 
