##### HarrisMichaelLinkedListHE #####  


#### RUN 1 RESULT: ####

----- Benchmark=HarrisMichaelLinkedListHE   numElements=512   numThreads=64   testLength=10s -----
Ops/sec = 15953708
memory_usage (Bytes) = 4967


###### MEDIAN RESULT FOR ALL 1 RUNS: ######

----- Benchmark=HarrisMichaelLinkedListHE   numElements=512   numThreads=64   testLength=10s -----
Ops/sec = 15953708   delta = 0%   min = 15953708   max = 15953708
memory_usage = 4967   delta = 0%   min = 4967   max = 4967
##### HarrisLinkedListHE #####  


#### RUN 1 RESULT: ####

----- Benchmark=HarrisLinkedListHE   numElements=512   numThreads=64   testLength=10s -----
Ops/sec = 19412614
memory_usage (Bytes) = 4934


###### MEDIAN RESULT FOR ALL 1 RUNS: ######

----- Benchmark=HarrisLinkedListHE   numElements=512   numThreads=64   testLength=10s -----
Ops/sec = 19412614   delta = 0%   min = 19412614   max = 19412614
memory_usage = 4934   delta = 0%   min = 4934   max = 4934


FINAL RESULTS (FOR CHARTS):


Results in ops per second for numRuns=1,  length=10s 

Number of elements: 512

Threads, HarrisMichaelLinkedListHE, HarrisLinkedListHE, HarrisMichaelLinkedListHE_Memory_Usage, HarrisLinkedListHE_Memory_Usage
64, 15953708, 19412614, 4967, 4934, 
