##### HarrisMichaelLinkedListHE #####  


#### RUN 1 RESULT: ####

----- Benchmark=HarrisMichaelLinkedListHE   numElements=10000   numThreads=64   testLength=10s -----
Ops/sec = 1525029
memory_usage (Bytes) = 8137


###### MEDIAN RESULT FOR ALL 1 RUNS: ######

----- Benchmark=HarrisMichaelLinkedListHE   numElements=10000   numThreads=64   testLength=10s -----
Ops/sec = 1525029   delta = 0%   min = 1525029   max = 1525029
memory_usage = 8137   delta = 0%   min = 8137   max = 8137
##### HarrisLinkedListHE #####  


#### RUN 1 RESULT: ####

----- Benchmark=HarrisLinkedListHE   numElements=10000   numThreads=64   testLength=10s -----
Ops/sec = 1579304
memory_usage (Bytes) = 8700


###### MEDIAN RESULT FOR ALL 1 RUNS: ######

----- Benchmark=HarrisLinkedListHE   numElements=10000   numThreads=64   testLength=10s -----
Ops/sec = 1579304   delta = 0%   min = 1579304   max = 1579304
memory_usage = 8700   delta = 0%   min = 8700   max = 8700


FINAL RESULTS (FOR CHARTS):


Results in ops per second for numRuns=1,  length=10s 

Number of elements: 10000

Threads, HarrisMichaelLinkedListHE, HarrisLinkedListHE, HarrisMichaelLinkedListHE_Memory_Usage, HarrisLinkedListHE_Memory_Usage
64, 1525029, 1579304, 8137, 8700, 
