##### HarrisMichaelLinkedListEBR #####  


#### RUN 1 RESULT: ####

----- Benchmark=HarrisMichaelLinkedListEBR   numElements=512   numThreads=64   testLength=10s -----
Ops/sec = 17357563
memory_usage (Bytes) = 4462


###### MEDIAN RESULT FOR ALL 1 RUNS: ######

----- Benchmark=HarrisMichaelLinkedListEBR   numElements=512   numThreads=64   testLength=10s -----
Ops/sec = 17357563   delta = 0%   min = 17357563   max = 17357563
memory_usage = 4462   delta = 0%   min = 4462   max = 4462
##### HarrisLinkedListEBR #####  


#### RUN 1 RESULT: ####

----- Benchmark=HarrisLinkedListEBR   numElements=512   numThreads=64   testLength=10s -----
Ops/sec = 21049828
memory_usage (Bytes) = 4578


###### MEDIAN RESULT FOR ALL 1 RUNS: ######

----- Benchmark=HarrisLinkedListEBR   numElements=512   numThreads=64   testLength=10s -----
Ops/sec = 21049828   delta = 0%   min = 21049828   max = 21049828
memory_usage = 4578   delta = 0%   min = 4578   max = 4578


FINAL RESULTS (FOR CHARTS):


Results in ops per second for numRuns=1,  length=10s 

Number of elements: 512

Threads, HarrisMichaelLinkedListEBR, HarrisLinkedListEBR, HarrisMichaelLinkedListEBR_Memory_Usage, HarrisLinkedListEBR_Memory_Usage
64, 17357563, 21049828, 4462, 4578, 
