##### HarrisMichaelLinkedListEBR #####  


#### RUN 1 RESULT: ####

----- Benchmark=HarrisMichaelLinkedListEBR   numElements=512   numThreads=64   testLength=10s -----
Ops/sec = 17149741
memory_usage (Bytes) = 4545


###### MEDIAN RESULT FOR ALL 1 RUNS: ######

----- Benchmark=HarrisMichaelLinkedListEBR   numElements=512   numThreads=64   testLength=10s -----
Ops/sec = 17149741   delta = 0%   min = 17149741   max = 17149741
memory_usage = 4545   delta = 0%   min = 4545   max = 4545
##### HarrisLinkedListEBR #####  


#### RUN 1 RESULT: ####

----- Benchmark=HarrisLinkedListEBR   numElements=512   numThreads=64   testLength=10s -----
Ops/sec = 21024199
memory_usage (Bytes) = 4485


###### MEDIAN RESULT FOR ALL 1 RUNS: ######

----- Benchmark=HarrisLinkedListEBR   numElements=512   numThreads=64   testLength=10s -----
Ops/sec = 21024199   delta = 0%   min = 21024199   max = 21024199
memory_usage = 4485   delta = 0%   min = 4485   max = 4485


FINAL RESULTS (FOR CHARTS):


Results in ops per second for numRuns=1,  length=10s 

Number of elements: 512

Threads, HarrisMichaelLinkedListEBR, HarrisLinkedListEBR, HarrisMichaelLinkedListEBR_Memory_Usage, HarrisLinkedListEBR_Memory_Usage
64, 17149741, 21024199, 4545, 4485, 
