##### HarrisMichaelLinkedListIBR #####  


#### RUN 1 RESULT: ####

----- Benchmark=HarrisMichaelLinkedListIBR   numElements=512   numThreads=64   testLength=10s -----
Ops/sec = 17435759
memory_usage (Bytes) = 4543


###### MEDIAN RESULT FOR ALL 1 RUNS: ######

----- Benchmark=HarrisMichaelLinkedListIBR   numElements=512   numThreads=64   testLength=10s -----
Ops/sec = 17435759   delta = 0%   min = 17435759   max = 17435759
memory_usage = 4543   delta = 0%   min = 4543   max = 4543
##### HarrisLinkedListIBR #####  


#### RUN 1 RESULT: ####

----- Benchmark=HarrisLinkedListIBR   numElements=512   numThreads=64   testLength=10s -----
Ops/sec = 19842914
memory_usage (Bytes) = 4540


###### MEDIAN RESULT FOR ALL 1 RUNS: ######

----- Benchmark=HarrisLinkedListIBR   numElements=512   numThreads=64   testLength=10s -----
Ops/sec = 19842914   delta = 0%   min = 19842914   max = 19842914
memory_usage = 4540   delta = 0%   min = 4540   max = 4540


FINAL RESULTS (FOR CHARTS):


Results in ops per second for numRuns=1,  length=10s 

Number of elements: 512

Threads, HarrisMichaelLinkedListIBR, HarrisLinkedListIBR, HarrisMichaelLinkedListIBR_Memory_Usage, HarrisLinkedListIBR_Memory_Usage
64, 17435759, 19842914, 4543, 4540, 
